<?xml version="1.0" encoding="UTF-8"?>
<testsuite xmlns:xsi="http://www.w3.org/2001/XMLSchema-instance" xsi:noNamespaceSchemaLocation="https://maven.apache.org/surefire/maven-failsafe-plugin/xsd/failsafe-test-report-3.0.xsd" version="3.0" name="starter.CucumberTestSuite" time="40.002" tests="13" errors="0" skipped="0" failures="0">
  <properties>
    <property name="java.specification.version" value="20"/>
    <property name="sun.cpu.isalist" value="amd64"/>
    <property name="sun.jnu.encoding" value="Cp1252"/>
    <property name="java.class.path" value="D:\Intelij\restapiMiniproject Elisa\target\test-classes;C:\Users\ASUS\.m2\repository\com\googlecode\json-simple\json-simple\1.1\json-simple-1.1.jar;C:\Users\ASUS\.m2\repository\net\serenity-bdd\serenity-rest-assured\3.6.22\serenity-rest-assured-3.6.22.jar;C:\Users\ASUS\.m2\repository\org\apache\httpcomponents\httpclient\4.5.13\httpclient-4.5.13.jar;C:\Users\ASUS\.m2\repository\org\apache\httpcomponents\httpcore\4.4.13\httpcore-4.4.13.jar;C:\Users\ASUS\.m2\repository\commons-logging\commons-logging\1.2\commons-logging-1.2.jar;C:\Users\ASUS\.m2\repository\io\rest-assured\rest-assured\5.3.0\rest-assured-5.3.0.jar;C:\Users\ASUS\.m2\repository\org\apache\httpcomponents\httpmime\4.5.13\httpmime-4.5.13.jar;C:\Users\ASUS\.m2\repository\org\ccil\cowan\tagsoup\tagsoup\1.2.1\tagsoup-1.2.1.jar;C:\Users\ASUS\.m2\repository\io\rest-assured\json-path\5.3.0\json-path-5.3.0.jar;C:\Users\ASUS\.m2\repository\io\rest-assured\rest-assured-common\5.3.0\rest-assured-common-5.3.0.jar;C:\Users\ASUS\.m2\repository\io\rest-assured\xml-path\5.3.0\xml-path-5.3.0.jar;C:\Users\ASUS\.m2\repository\org\apache\groovy\groovy-json\4.0.10\groovy-json-4.0.10.jar;C:\Users\ASUS\.m2\repository\org\apache\groovy\groovy-xml\4.0.10\groovy-xml-4.0.10.jar;C:\Users\ASUS\.m2\repository\org\apache\groovy\groovy\4.0.10\groovy-4.0.10.jar;C:\Users\ASUS\.m2\repository\org\opentest4j\opentest4j\1.2.0\opentest4j-1.2.0.jar;C:\Users\ASUS\.m2\repository\net\serenity-bdd\serenity-core\3.6.21\serenity-core-3.6.21.jar;C:\Users\ASUS\.m2\repository\net\serenity-bdd\serenity-model\3.6.21\serenity-model-3.6.21.jar;C:\Users\ASUS\.m2\repository\org\apache\commons\commons-text\1.10.0\commons-text-1.10.0.jar;C:\Users\ASUS\.m2\repository\commons-net\commons-net\3.9.0\commons-net-3.9.0.jar;C:\Users\ASUS\.m2\repository\com\google\guava\guava\31.1-jre\guava-31.1-jre.jar;C:\Users\ASUS\.m2\repository\com\google\guava\failureaccess\1.0.1\failureaccess-1.0.1.jar;C:\Users\ASUS\.m2\repository\com\google\guava\listenablefuture\9999.0-empty-to-avoid-conflict-with-guava\listenablefuture-9999.0-empty-to-avoid-conflict-with-guava.jar;C:\Users\ASUS\.m2\repository\com\google\code\findbugs\jsr305\3.0.2\jsr305-3.0.2.jar;C:\Users\ASUS\.m2\repository\org\checkerframework\checker-qual\3.12.0\checker-qual-3.12.0.jar;C:\Users\ASUS\.m2\repository\com\google\errorprone\error_prone_annotations\2.11.0\error_prone_annotations-2.11.0.jar;C:\Users\ASUS\.m2\repository\com\google\j2objc\j2objc-annotations\1.3\j2objc-annotations-1.3.jar;C:\Users\ASUS\.m2\repository\com\google\inject\guice\5.1.0\guice-5.1.0.jar;C:\Users\ASUS\.m2\repository\javax\inject\javax.inject\1\javax.inject-1.jar;C:\Users\ASUS\.m2\repository\aopalliance\aopalliance\1.0\aopalliance-1.0.jar;C:\Users\ASUS\.m2\repository\org\jsoup\jsoup\1.14.3\jsoup-1.14.3.jar;C:\Users\ASUS\.m2\repository\com\thoughtworks\xstream\xstream\1.4.20\xstream-1.4.20.jar;C:\Users\ASUS\.m2\repository\io\github\x-stream\mxparser\1.2.2\mxparser-1.2.2.jar;C:\Users\ASUS\.m2\repository\xmlpull\xmlpull\1.1.3.1\xmlpull-1.1.3.1.jar;C:\Users\ASUS\.m2\repository\com\typesafe\config\1.4.2\config-1.4.2.jar;C:\Users\ASUS\.m2\repository\org\imgscalr\imgscalr-lib\4.2\imgscalr-lib-4.2.jar;C:\Users\ASUS\.m2\repository\org\awaitility\awaitility\4.2.0\awaitility-4.2.0.jar;C:\Users\ASUS\.m2\repository\org\freemarker\freemarker\2.3.31\freemarker-2.3.31.jar;C:\Users\ASUS\.m2\repository\io\github\classgraph\classgraph\4.8.138\classgraph-4.8.138.jar;C:\Users\ASUS\.m2\repository\net\sourceforge\jexcelapi\jxl\2.6.12\jxl-2.6.12.jar;C:\Users\ASUS\.m2\repository\net\bytebuddy\byte-buddy-agent\1.14.2\byte-buddy-agent-1.14.2.jar;C:\Users\ASUS\.m2\repository\org\objenesis\objenesis\3.3\objenesis-3.3.jar;C:\Users\ASUS\.m2\repository\net\serenity-bdd\serenity-reports\3.6.21\serenity-reports-3.6.21.jar;C:\Users\ASUS\.m2\repository\net\serenity-bdd\serenity-stats\3.6.21\serenity-stats-3.6.21.jar;C:\Users\ASUS\.m2\repository\net\serenity-bdd\serenity-reports-configuration\3.6.21\serenity-reports-configuration-3.6.21.jar;C:\Users\ASUS\.m2\repository\com\vladsch\flexmark\flexmark-all\0.62.2\flexmark-all-0.62.2.jar;C:\Users\ASUS\.m2\repository\com\vladsch\flexmark\flexmark\0.62.2\flexmark-0.62.2.jar;C:\Users\ASUS\.m2\repository\com\vladsch\flexmark\flexmark-ext-abbreviation\0.62.2\flexmark-ext-abbreviation-0.62.2.jar;C:\Users\ASUS\.m2\repository\com\vladsch\flexmark\flexmark-util\0.62.2\flexmark-util-0.62.2.jar;C:\Users\ASUS\.m2\repository\com\vladsch\flexmark\flexmark-ext-admonition\0.62.2\flexmark-ext-admonition-0.62.2.jar;C:\Users\ASUS\.m2\repository\com\vladsch\flexmark\flexmark-ext-anchorlink\0.62.2\flexmark-ext-anchorlink-0.62.2.jar;C:\Users\ASUS\.m2\repository\com\vladsch\flexmark\flexmark-ext-aside\0.62.2\flexmark-ext-aside-0.62.2.jar;C:\Users\ASUS\.m2\repository\com\vladsch\flexmark\flexmark-ext-attributes\0.62.2\flexmark-ext-attributes-0.62.2.jar;C:\Users\ASUS\.m2\repository\com\vladsch\flexmark\flexmark-ext-autolink\0.62.2\flexmark-ext-autolink-0.62.2.jar;C:\Users\ASUS\.m2\repository\org\nibor\autolink\autolink\0.6.0\autolink-0.6.0.jar;C:\Users\ASUS\.m2\repository\com\vladsch\flexmark\flexmark-ext-definition\0.62.2\flexmark-ext-definition-0.62.2.jar;C:\Users\ASUS\.m2\repository\com\vladsch\flexmark\flexmark-ext-emoji\0.62.2\flexmark-ext-emoji-0.62.2.jar;C:\Users\ASUS\.m2\repository\com\vladsch\flexmark\flexmark-ext-enumerated-reference\0.62.2\flexmark-ext-enumerated-reference-0.62.2.jar;C:\Users\ASUS\.m2\repository\com\vladsch\flexmark\flexmark-ext-escaped-character\0.62.2\flexmark-ext-escaped-character-0.62.2.jar;C:\Users\ASUS\.m2\repository\com\vladsch\flexmark\flexmark-ext-footnotes\0.62.2\flexmark-ext-footnotes-0.62.2.jar;C:\Users\ASUS\.m2\repository\com\vladsch\flexmark\flexmark-ext-gfm-issues\0.62.2\flexmark-ext-gfm-issues-0.62.2.jar;C:\Users\ASUS\.m2\repository\com\vladsch\flexmark\flexmark-ext-gfm-strikethrough\0.62.2\flexmark-ext-gfm-strikethrough-0.62.2.jar;C:\Users\ASUS\.m2\repository\com\vladsch\flexmark\flexmark-ext-gfm-tasklist\0.62.2\flexmark-ext-gfm-tasklist-0.62.2.jar;C:\Users\ASUS\.m2\repository\com\vladsch\flexmark\flexmark-ext-gfm-users\0.62.2\flexmark-ext-gfm-users-0.62.2.jar;C:\Users\ASUS\.m2\repository\com\vladsch\flexmark\flexmark-ext-gitlab\0.62.2\flexmark-ext-gitlab-0.62.2.jar;C:\Users\ASUS\.m2\repository\com\vladsch\flexmark\flexmark-ext-jekyll-front-matter\0.62.2\flexmark-ext-jekyll-front-matter-0.62.2.jar;C:\Users\ASUS\.m2\repository\com\vladsch\flexmark\flexmark-ext-jekyll-tag\0.62.2\flexmark-ext-jekyll-tag-0.62.2.jar;C:\Users\ASUS\.m2\repository\com\vladsch\flexmark\flexmark-ext-media-tags\0.62.2\flexmark-ext-media-tags-0.62.2.jar;C:\Users\ASUS\.m2\repository\com\vladsch\flexmark\flexmark-ext-macros\0.62.2\flexmark-ext-macros-0.62.2.jar;C:\Users\ASUS\.m2\repository\com\vladsch\flexmark\flexmark-ext-ins\0.62.2\flexmark-ext-ins-0.62.2.jar;C:\Users\ASUS\.m2\repository\com\vladsch\flexmark\flexmark-ext-xwiki-macros\0.62.2\flexmark-ext-xwiki-macros-0.62.2.jar;C:\Users\ASUS\.m2\repository\com\vladsch\flexmark\flexmark-ext-superscript\0.62.2\flexmark-ext-superscript-0.62.2.jar;C:\Users\ASUS\.m2\repository\com\vladsch\flexmark\flexmark-ext-tables\0.62.2\flexmark-ext-tables-0.62.2.jar;C:\Users\ASUS\.m2\repository\com\vladsch\flexmark\flexmark-ext-toc\0.62.2\flexmark-ext-toc-0.62.2.jar;C:\Users\ASUS\.m2\repository\com\vladsch\flexmark\flexmark-ext-typographic\0.62.2\flexmark-ext-typographic-0.62.2.jar;C:\Users\ASUS\.m2\repository\com\vladsch\flexmark\flexmark-ext-wikilink\0.62.2\flexmark-ext-wikilink-0.62.2.jar;C:\Users\ASUS\.m2\repository\com\vladsch\flexmark\flexmark-ext-yaml-front-matter\0.62.2\flexmark-ext-yaml-front-matter-0.62.2.jar;C:\Users\ASUS\.m2\repository\com\vladsch\flexmark\flexmark-ext-youtube-embedded\0.62.2\flexmark-ext-youtube-embedded-0.62.2.jar;C:\Users\ASUS\.m2\repository\com\vladsch\flexmark\flexmark-html2md-converter\0.62.2\flexmark-html2md-converter-0.62.2.jar;C:\Users\ASUS\.m2\repository\com\vladsch\flexmark\flexmark-jira-converter\0.62.2\flexmark-jira-converter-0.62.2.jar;C:\Users\ASUS\.m2\repository\com\vladsch\flexmark\flexmark-pdf-converter\0.62.2\flexmark-pdf-converter-0.62.2.jar;C:\Users\ASUS\.m2\repository\com\openhtmltopdf\openhtmltopdf-core\1.0.0\openhtmltopdf-core-1.0.0.jar;C:\Users\ASUS\.m2\repository\com\openhtmltopdf\openhtmltopdf-pdfbox\1.0.0\openhtmltopdf-pdfbox-1.0.0.jar;C:\Users\ASUS\.m2\repository\org\apache\pdfbox\pdfbox\2.0.16\pdfbox-2.0.16.jar;C:\Users\ASUS\.m2\repository\org\apache\pdfbox\fontbox\2.0.16\fontbox-2.0.16.jar;C:\Users\ASUS\.m2\repository\org\apache\pdfbox\xmpbox\2.0.16\xmpbox-2.0.16.jar;C:\Users\ASUS\.m2\repository\de\rototor\pdfbox\graphics2d\0.24\graphics2d-0.24.jar;C:\Users\ASUS\.m2\repository\com\openhtmltopdf\openhtmltopdf-rtl-support\1.0.0\openhtmltopdf-rtl-support-1.0.0.jar;C:\Users\ASUS\.m2\repository\com\openhtmltopdf\openhtmltopdf-jsoup-dom-converter\1.0.0\openhtmltopdf-jsoup-dom-converter-1.0.0.jar;C:\Users\ASUS\.m2\repository\com\vladsch\flexmark\flexmark-profile-pegdown\0.62.2\flexmark-profile-pegdown-0.62.2.jar;C:\Users\ASUS\.m2\repository\com\vladsch\flexmark\flexmark-util-ast\0.62.2\flexmark-util-ast-0.62.2.jar;C:\Users\ASUS\.m2\repository\com\vladsch\flexmark\flexmark-util-builder\0.62.2\flexmark-util-builder-0.62.2.jar;C:\Users\ASUS\.m2\repository\com\vladsch\flexmark\flexmark-util-collection\0.62.2\flexmark-util-collection-0.62.2.jar;C:\Users\ASUS\.m2\repository\com\vladsch\flexmark\flexmark-util-data\0.62.2\flexmark-util-data-0.62.2.jar;C:\Users\ASUS\.m2\repository\com\vladsch\flexmark\flexmark-util-dependency\0.62.2\flexmark-util-dependency-0.62.2.jar;C:\Users\ASUS\.m2\repository\com\vladsch\flexmark\flexmark-util-format\0.62.2\flexmark-util-format-0.62.2.jar;C:\Users\ASUS\.m2\repository\com\vladsch\flexmark\flexmark-util-html\0.62.2\flexmark-util-html-0.62.2.jar;C:\Users\ASUS\.m2\repository\com\vladsch\flexmark\flexmark-util-misc\0.62.2\flexmark-util-misc-0.62.2.jar;C:\Users\ASUS\.m2\repository\com\vladsch\flexmark\flexmark-util-options\0.62.2\flexmark-util-options-0.62.2.jar;C:\Users\ASUS\.m2\repository\com\vladsch\flexmark\flexmark-util-sequence\0.62.2\flexmark-util-sequence-0.62.2.jar;C:\Users\ASUS\.m2\repository\com\vladsch\flexmark\flexmark-util-visitor\0.62.2\flexmark-util-visitor-0.62.2.jar;C:\Users\ASUS\.m2\repository\com\vladsch\flexmark\flexmark-youtrack-converter\0.62.2\flexmark-youtrack-converter-0.62.2.jar;C:\Users\ASUS\.m2\repository\com\ibm\icu\icu4j\72.1\icu4j-72.1.jar;C:\Users\ASUS\.m2\repository\es\nitaur\markdown\txtmark\0.16\txtmark-0.16.jar;C:\Users\ASUS\.m2\repository\net\serenity-bdd\serenity-report-resources\3.6.21\serenity-report-resources-3.6.21.jar;C:\Users\ASUS\.m2\repository\com\google\code\gson\gson\2.10.1\gson-2.10.1.jar;C:\Users\ASUS\.m2\repository\com\fasterxml\jackson\core\jackson-core\2.15.0-rc1\jackson-core-2.15.0-rc1.jar;C:\Users\ASUS\.m2\repository\com\fasterxml\jackson\core\jackson-databind\2.15.0-rc1\jackson-databind-2.15.0-rc1.jar;C:\Users\ASUS\.m2\repository\com\fasterxml\jackson\core\jackson-annotations\2.15.0-rc1\jackson-annotations-2.15.0-rc1.jar;C:\Users\ASUS\.m2\repository\commons-codec\commons-codec\1.15\commons-codec-1.15.jar;C:\Users\ASUS\.m2\repository\commons-io\commons-io\2.11.0\commons-io-2.11.0.jar;C:\Users\ASUS\.m2\repository\org\seleniumhq\selenium\selenium-java\4.8.1\selenium-java-4.8.1.jar;C:\Users\ASUS\.m2\repository\org\seleniumhq\selenium\selenium-devtools-v108\4.8.1\selenium-devtools-v108-4.8.1.jar;C:\Users\ASUS\.m2\repository\org\seleniumhq\selenium\selenium-devtools-v109\4.8.1\selenium-devtools-v109-4.8.1.jar;C:\Users\ASUS\.m2\repository\org\seleniumhq\selenium\selenium-devtools-v110\4.8.1\selenium-devtools-v110-4.8.1.jar;C:\Users\ASUS\.m2\repository\org\seleniumhq\selenium\selenium-devtools-v85\4.8.1\selenium-devtools-v85-4.8.1.jar;C:\Users\ASUS\.m2\repository\org\seleniumhq\selenium\selenium-remote-driver\4.8.1\selenium-remote-driver-4.8.1.jar;C:\Users\ASUS\.m2\repository\com\beust\jcommander\1.82\jcommander-1.82.jar;C:\Users\ASUS\.m2\repository\io\netty\netty-buffer\4.1.87.Final\netty-buffer-4.1.87.Final.jar;C:\Users\ASUS\.m2\repository\io\netty\netty-codec-http\4.1.87.Final\netty-codec-http-4.1.87.Final.jar;C:\Users\ASUS\.m2\repository\io\netty\netty-codec\4.1.87.Final\netty-codec-4.1.87.Final.jar;C:\Users\ASUS\.m2\repository\io\netty\netty-handler\4.1.87.Final\netty-handler-4.1.87.Final.jar;C:\Users\ASUS\.m2\repository\io\netty\netty-common\4.1.87.Final\netty-common-4.1.87.Final.jar;C:\Users\ASUS\.m2\repository\io\netty\netty-transport-classes-epoll\4.1.87.Final\netty-transport-classes-epoll-4.1.87.Final.jar;C:\Users\ASUS\.m2\repository\io\netty\netty-transport-classes-kqueue\4.1.87.Final\netty-transport-classes-kqueue-4.1.87.Final.jar;C:\Users\ASUS\.m2\repository\io\netty\netty-transport-native-epoll\4.1.87.Final\netty-transport-native-epoll-4.1.87.Final.jar;C:\Users\ASUS\.m2\repository\io\netty\netty-transport-native-kqueue\4.1.87.Final\netty-transport-native-kqueue-4.1.87.Final.jar;C:\Users\ASUS\.m2\repository\io\netty\netty-transport-native-unix-common\4.1.87.Final\netty-transport-native-unix-common-4.1.87.Final.jar;C:\Users\ASUS\.m2\repository\io\netty\netty-transport\4.1.87.Final\netty-transport-4.1.87.Final.jar;C:\Users\ASUS\.m2\repository\io\netty\netty-resolver\4.1.87.Final\netty-resolver-4.1.87.Final.jar;C:\Users\ASUS\.m2\repository\io\opentelemetry\opentelemetry-api\1.22.0\opentelemetry-api-1.22.0.jar;C:\Users\ASUS\.m2\repository\io\opentelemetry\opentelemetry-context\1.22.0\opentelemetry-context-1.22.0.jar;C:\Users\ASUS\.m2\repository\io\opentelemetry\opentelemetry-exporter-logging\1.22.0\opentelemetry-exporter-logging-1.22.0.jar;C:\Users\ASUS\.m2\repository\io\opentelemetry\opentelemetry-sdk-metrics\1.22.0\opentelemetry-sdk-metrics-1.22.0.jar;C:\Users\ASUS\.m2\repository\io\opentelemetry\opentelemetry-sdk-logs\1.22.0-alpha\opentelemetry-sdk-logs-1.22.0-alpha.jar;C:\Users\ASUS\.m2\repository\io\opentelemetry\opentelemetry-api-logs\1.22.0-alpha\opentelemetry-api-logs-1.22.0-alpha.jar;C:\Users\ASUS\.m2\repository\io\opentelemetry\opentelemetry-sdk-common\1.22.0\opentelemetry-sdk-common-1.22.0.jar;C:\Users\ASUS\.m2\repository\io\opentelemetry\opentelemetry-sdk-extension-autoconfigure-spi\1.22.0\opentelemetry-sdk-extension-autoconfigure-spi-1.22.0.jar;C:\Users\ASUS\.m2\repository\io\opentelemetry\opentelemetry-sdk-extension-autoconfigure\1.22.0-alpha\opentelemetry-sdk-extension-autoconfigure-1.22.0-alpha.jar;C:\Users\ASUS\.m2\repository\io\opentelemetry\opentelemetry-sdk-trace\1.22.0\opentelemetry-sdk-trace-1.22.0.jar;C:\Users\ASUS\.m2\repository\io\opentelemetry\opentelemetry-sdk\1.22.0\opentelemetry-sdk-1.22.0.jar;C:\Users\ASUS\.m2\repository\io\opentelemetry\opentelemetry-semconv\1.22.0-alpha\opentelemetry-semconv-1.22.0-alpha.jar;C:\Users\ASUS\.m2\repository\io\ous\jtoml\2.0.0\jtoml-2.0.0.jar;C:\Users\ASUS\.m2\repository\org\apache\commons\commons-exec\1.3\commons-exec-1.3.jar;C:\Users\ASUS\.m2\repository\org\asynchttpclient\async-http-client\2.12.3\async-http-client-2.12.3.jar;C:\Users\ASUS\.m2\repository\org\asynchttpclient\async-http-client-netty-utils\2.12.3\async-http-client-netty-utils-2.12.3.jar;C:\Users\ASUS\.m2\repository\io\netty\netty-codec-socks\4.1.60.Final\netty-codec-socks-4.1.60.Final.jar;C:\Users\ASUS\.m2\repository\io\netty\netty-handler-proxy\4.1.60.Final\netty-handler-proxy-4.1.60.Final.jar;C:\Users\ASUS\.m2\repository\io\netty\netty-transport-native-epoll\4.1.60.Final\netty-transport-native-epoll-4.1.60.Final-linux-x86_64.jar;C:\Users\ASUS\.m2\repository\io\netty\netty-transport-native-kqueue\4.1.60.Final\netty-transport-native-kqueue-4.1.60.Final-osx-x86_64.jar;C:\Users\ASUS\.m2\repository\org\reactivestreams\reactive-streams\1.0.3\reactive-streams-1.0.3.jar;C:\Users\ASUS\.m2\repository\com\typesafe\netty\netty-reactive-streams\2.0.4\netty-reactive-streams-2.0.4.jar;C:\Users\ASUS\.m2\repository\org\seleniumhq\selenium\selenium-manager\4.8.1\selenium-manager-4.8.1.jar;C:\Users\ASUS\.m2\repository\org\seleniumhq\selenium\selenium-safari-driver\4.8.1\selenium-safari-driver-4.8.1.jar;C:\Users\ASUS\.m2\repository\org\seleniumhq\selenium\selenium-api\4.8.1\selenium-api-4.8.1.jar;C:\Users\ASUS\.m2\repository\org\seleniumhq\selenium\selenium-support\4.8.1\selenium-support-4.8.1.jar;C:\Users\ASUS\.m2\repository\com\google\auto\service\auto-service-annotations\1.0.1\auto-service-annotations-1.0.1.jar;C:\Users\ASUS\.m2\repository\com\google\auto\service\auto-service\1.0.1\auto-service-1.0.1.jar;C:\Users\ASUS\.m2\repository\com\google\auto\auto-common\1.2\auto-common-1.2.jar;C:\Users\ASUS\.m2\repository\org\seleniumhq\selenium\selenium-json\4.8.1\selenium-json-4.8.1.jar;C:\Users\ASUS\.m2\repository\org\seleniumhq\selenium\selenium-chrome-driver\4.8.1\selenium-chrome-driver-4.8.1.jar;C:\Users\ASUS\.m2\repository\org\seleniumhq\selenium\selenium-chromium-driver\4.8.1\selenium-chromium-driver-4.8.1.jar;C:\Users\ASUS\.m2\repository\org\seleniumhq\selenium\selenium-firefox-driver\4.8.1\selenium-firefox-driver-4.8.1.jar;C:\Users\ASUS\.m2\repository\org\seleniumhq\selenium\selenium-http\4.8.1\selenium-http-4.8.1.jar;C:\Users\ASUS\.m2\repository\dev\failsafe\failsafe\3.3.0\failsafe-3.3.0.jar;C:\Users\ASUS\.m2\repository\org\seleniumhq\selenium\selenium-edge-driver\4.8.1\selenium-edge-driver-4.8.1.jar;C:\Users\ASUS\.m2\repository\org\seleniumhq\selenium\selenium-ie-driver\4.8.1\selenium-ie-driver-4.8.1.jar;C:\Users\ASUS\.m2\repository\org\projectlombok\lombok\1.18.20\lombok-1.18.20.jar;C:\Users\ASUS\.m2\repository\io\appium\java-client\8.3.0\java-client-8.3.0.jar;C:\Users\ASUS\.m2\repository\commons-validator\commons-validator\1.7\commons-validator-1.7.jar;C:\Users\ASUS\.m2\repository\commons-digester\commons-digester\2.1\commons-digester-2.1.jar;C:\Users\ASUS\.m2\repository\net\sf\opencsv\opencsv\2.0\opencsv-2.0.jar;C:\Users\ASUS\.m2\repository\commons-beanutils\commons-beanutils\1.9.4\commons-beanutils-1.9.4.jar;C:\Users\ASUS\.m2\repository\commons-collections\commons-collections\3.2.2\commons-collections-3.2.2.jar;C:\Users\ASUS\.m2\repository\org\fluentlenium\fluentlenium-core\0.10.2\fluentlenium-core-0.10.2.jar;C:\Users\ASUS\.m2\repository\io\github\bonigarcia\webdrivermanager\5.3.0\webdrivermanager-5.3.0.jar;C:\Users\ASUS\.m2\repository\com\github\docker-java\docker-java\3.2.13\docker-java-3.2.13.jar;C:\Users\ASUS\.m2\repository\com\github\docker-java\docker-java-core\3.2.13\docker-java-core-3.2.13.jar;C:\Users\ASUS\.m2\repository\com\github\docker-java\docker-java-api\3.2.13\docker-java-api-3.2.13.jar;C:\Users\ASUS\.m2\repository\org\apache\commons\commons-compress\1.21\commons-compress-1.21.jar;C:\Users\ASUS\.m2\repository\org\bouncycastle\bcpkix-jdk15on\1.64\bcpkix-jdk15on-1.64.jar;C:\Users\ASUS\.m2\repository\org\bouncycastle\bcprov-jdk15on\1.64\bcprov-jdk15on-1.64.jar;C:\Users\ASUS\.m2\repository\org\slf4j\jcl-over-slf4j\1.7.30\jcl-over-slf4j-1.7.30.jar;C:\Users\ASUS\.m2\repository\com\github\docker-java\docker-java-transport-httpclient5\3.2.13\docker-java-transport-httpclient5-3.2.13.jar;C:\Users\ASUS\.m2\repository\com\github\docker-java\docker-java-transport\3.2.13\docker-java-transport-3.2.13.jar;C:\Users\ASUS\.m2\repository\net\java\dev\jna\jna\5.8.0\jna-5.8.0.jar;C:\Users\ASUS\.m2\repository\org\brotli\dec\0.1.2\dec-0.1.2.jar;C:\Users\ASUS\.m2\repository\org\apache\httpcomponents\client5\httpclient5\5.1.3\httpclient5-5.1.3.jar;C:\Users\ASUS\.m2\repository\org\apache\httpcomponents\core5\httpcore5\5.1.3\httpcore5-5.1.3.jar;C:\Users\ASUS\.m2\repository\org\apache\httpcomponents\core5\httpcore5-h2\5.1.3\httpcore5-h2-5.1.3.jar;C:\Users\ASUS\.m2\repository\com\jhlabs\filters\2.0.235\filters-2.0.235.jar;C:\Users\ASUS\.m2\repository\com\paulhammant\ngwebdriver\1.1.6\ngwebdriver-1.1.6.jar;C:\Users\ASUS\.m2\repository\joda-time\joda-time\2.12.2\joda-time-2.12.2.jar;C:\Users\ASUS\.m2\repository\org\hamcrest\hamcrest\2.2\hamcrest-2.2.jar;C:\Users\ASUS\.m2\repository\com\google\jimfs\jimfs\1.2\jimfs-1.2.jar;C:\Users\ASUS\.m2\repository\org\mockito\mockito-core\3.3.3\mockito-core-3.3.3.jar;C:\Users\ASUS\.m2\repository\javax\xml\bind\jaxb-api\2.3.1\jaxb-api-2.3.1.jar;C:\Users\ASUS\.m2\repository\javax\activation\javax.activation-api\1.2.0\javax.activation-api-1.2.0.jar;C:\Users\ASUS\.m2\repository\com\sun\xml\bind\jaxb-core\2.3.0.1\jaxb-core-2.3.0.1.jar;C:\Users\ASUS\.m2\repository\com\sun\xml\bind\jaxb-impl\2.3.3\jaxb-impl-2.3.3.jar;C:\Users\ASUS\.m2\repository\jakarta\xml\bind\jakarta.xml.bind-api\2.3.3\jakarta.xml.bind-api-2.3.3.jar;C:\Users\ASUS\.m2\repository\com\sun\activation\jakarta.activation\1.2.2\jakarta.activation-1.2.2.jar;C:\Users\ASUS\.m2\repository\javax\activation\activation\1.1.1\activation-1.1.1.jar;C:\Users\ASUS\.m2\repository\com\github\javafaker\javafaker\1.0.2\javafaker-1.0.2.jar;C:\Users\ASUS\.m2\repository\org\yaml\snakeyaml\1.23\snakeyaml-1.23-android.jar;C:\Users\ASUS\.m2\repository\com\github\mifmif\generex\1.0.2\generex-1.0.2.jar;C:\Users\ASUS\.m2\repository\dk\brics\automaton\automaton\1.11-8\automaton-1.11-8.jar;C:\Users\ASUS\.m2\repository\net\serenity-bdd\serenity-cucumber\3.6.21\serenity-cucumber-3.6.21.jar;C:\Users\ASUS\.m2\repository\io\cucumber\cucumber-core\7.11.0\cucumber-core-7.11.0.jar;C:\Users\ASUS\.m2\repository\io\cucumber\cucumber-gherkin\7.11.0\cucumber-gherkin-7.11.0.jar;C:\Users\ASUS\.m2\repository\io\cucumber\cucumber-gherkin-messages\7.11.0\cucumber-gherkin-messages-7.11.0.jar;C:\Users\ASUS\.m2\repository\io\cucumber\gherkin\26.0.3\gherkin-26.0.3.jar;C:\Users\ASUS\.m2\repository\io\cucumber\messages\21.0.1\messages-21.0.1.jar;C:\Users\ASUS\.m2\repository\io\cucumber\tag-expressions\5.0.1\tag-expressions-5.0.1.jar;C:\Users\ASUS\.m2\repository\io\cucumber\cucumber-expressions\16.1.1\cucumber-expressions-16.1.1.jar;C:\Users\ASUS\.m2\repository\io\cucumber\datatable\7.11.0\datatable-7.11.0.jar;C:\Users\ASUS\.m2\repository\io\cucumber\cucumber-plugin\7.11.0\cucumber-plugin-7.11.0.jar;C:\Users\ASUS\.m2\repository\io\cucumber\docstring\7.11.0\docstring-7.11.0.jar;C:\Users\ASUS\.m2\repository\io\cucumber\html-formatter\20.2.1\html-formatter-20.2.1.jar;C:\Users\ASUS\.m2\repository\io\cucumber\junit-xml-formatter\0.1.0\junit-xml-formatter-0.1.0.jar;C:\Users\ASUS\.m2\repository\io\cucumber\ci-environment\9.1.0\ci-environment-9.1.0.jar;C:\Users\ASUS\.m2\repository\io\cucumber\cucumber-java\7.11.0\cucumber-java-7.11.0.jar;C:\Users\ASUS\.m2\repository\io\cucumber\cucumber-junit\7.11.0\cucumber-junit-7.11.0.jar;C:\Users\ASUS\.m2\repository\org\apache\commons\commons-csv\1.5\commons-csv-1.5.jar;C:\Users\ASUS\.m2\repository\net\serenity-bdd\serenity-screenplay\3.6.21\serenity-screenplay-3.6.21.jar;C:\Users\ASUS\.m2\repository\net\serenity-bdd\serenity-screenplay-webdriver\3.6.21\serenity-screenplay-webdriver-3.6.21.jar;C:\Users\ASUS\.m2\repository\net\serenity-bdd\serenity-ensure\3.6.21\serenity-ensure-3.6.21.jar;C:\Users\ASUS\.m2\repository\net\serenity-bdd\serenity-junit\3.6.21\serenity-junit-3.6.21.jar;C:\Users\ASUS\.m2\repository\org\jetbrains\kotlin\kotlin-stdlib\1.8.10\kotlin-stdlib-1.8.10.jar;C:\Users\ASUS\.m2\repository\org\jetbrains\kotlin\kotlin-stdlib-common\1.8.10\kotlin-stdlib-common-1.8.10.jar;C:\Users\ASUS\.m2\repository\org\jetbrains\annotations\13.0\annotations-13.0.jar;C:\Users\ASUS\.m2\repository\org\junit\platform\junit-platform-launcher\1.9.2\junit-platform-launcher-1.9.2.jar;C:\Users\ASUS\.m2\repository\org\junit\platform\junit-platform-engine\1.9.2\junit-platform-engine-1.9.2.jar;C:\Users\ASUS\.m2\repository\org\junit\platform\junit-platform-commons\1.9.2\junit-platform-commons-1.9.2.jar;C:\Users\ASUS\.m2\repository\org\apiguardian\apiguardian-api\1.1.2\apiguardian-api-1.1.2.jar;C:\Users\ASUS\.m2\repository\org\junit\jupiter\junit-jupiter-engine\5.9.2\junit-jupiter-engine-5.9.2.jar;C:\Users\ASUS\.m2\repository\org\junit\jupiter\junit-jupiter-api\5.9.2\junit-jupiter-api-5.9.2.jar;C:\Users\ASUS\.m2\repository\org\junit\vintage\junit-vintage-engine\5.9.2\junit-vintage-engine-5.9.2.jar;C:\Users\ASUS\.m2\repository\junit\junit\4.13.2\junit-4.13.2.jar;C:\Users\ASUS\.m2\repository\org\hamcrest\hamcrest-core\1.3\hamcrest-core-1.3.jar;C:\Users\ASUS\.m2\repository\ch\qos\logback\logback-classic\1.4.6\logback-classic-1.4.6.jar;C:\Users\ASUS\.m2\repository\ch\qos\logback\logback-core\1.4.6\logback-core-1.4.6.jar;C:\Users\ASUS\.m2\repository\org\slf4j\slf4j-api\2.0.4\slf4j-api-2.0.4.jar;C:\Users\ASUS\.m2\repository\org\assertj\assertj-core\3.24.2\assertj-core-3.24.2.jar;C:\Users\ASUS\.m2\repository\net\bytebuddy\byte-buddy\1.12.21\byte-buddy-1.12.21.jar;C:\Users\ASUS\.m2\repository\org\yaml\snakeyaml\1.27\snakeyaml-1.27.jar;C:\Users\ASUS\.m2\repository\org\apache\commons\commons-lang3\3.12.0\commons-lang3-3.12.0.jar;"/>
    <property name="java.vm.vendor" value="Oracle Corporation"/>
    <property name="sun.arch.data.model" value="64"/>
    <property name="user.variant" value=""/>
    <property name="java.vendor.url" value="https://java.oracle.com/"/>
    <property name="user.timezone" value="Asia/Jakarta"/>
    <property name="os.name" value="Windows 10"/>
    <property name="java.vm.specification.version" value="20"/>
    <property name="sun.java.launcher" value="SUN_STANDARD"/>
    <property name="user.country" value="ID"/>
    <property name="sun.boot.library.path" value="C:\Program Files\Java\jdk-20\bin"/>
    <property name="sun.java.command" value="org.apache.maven.surefire.booter.ForkedBooter C:\Users\ASUS\AppData\Local\Temp\surefire9804073234665149716 2023-05-06T23-01-06_513-jvmRun1 surefire6939980826515220731tmp surefire_013980853318591814131tmp"/>
    <property name="jdk.debug" value="release"/>
    <property name="surefire.test.class.path" value="D:\Intelij\restapiMiniproject Elisa\target\test-classes;C:\Users\ASUS\.m2\repository\com\googlecode\json-simple\json-simple\1.1\json-simple-1.1.jar;C:\Users\ASUS\.m2\repository\net\serenity-bdd\serenity-rest-assured\3.6.22\serenity-rest-assured-3.6.22.jar;C:\Users\ASUS\.m2\repository\org\apache\httpcomponents\httpclient\4.5.13\httpclient-4.5.13.jar;C:\Users\ASUS\.m2\repository\org\apache\httpcomponents\httpcore\4.4.13\httpcore-4.4.13.jar;C:\Users\ASUS\.m2\repository\commons-logging\commons-logging\1.2\commons-logging-1.2.jar;C:\Users\ASUS\.m2\repository\io\rest-assured\rest-assured\5.3.0\rest-assured-5.3.0.jar;C:\Users\ASUS\.m2\repository\org\apache\httpcomponents\httpmime\4.5.13\httpmime-4.5.13.jar;C:\Users\ASUS\.m2\repository\org\ccil\cowan\tagsoup\tagsoup\1.2.1\tagsoup-1.2.1.jar;C:\Users\ASUS\.m2\repository\io\rest-assured\json-path\5.3.0\json-path-5.3.0.jar;C:\Users\ASUS\.m2\repository\io\rest-assured\rest-assured-common\5.3.0\rest-assured-common-5.3.0.jar;C:\Users\ASUS\.m2\repository\io\rest-assured\xml-path\5.3.0\xml-path-5.3.0.jar;C:\Users\ASUS\.m2\repository\org\apache\groovy\groovy-json\4.0.10\groovy-json-4.0.10.jar;C:\Users\ASUS\.m2\repository\org\apache\groovy\groovy-xml\4.0.10\groovy-xml-4.0.10.jar;C:\Users\ASUS\.m2\repository\org\apache\groovy\groovy\4.0.10\groovy-4.0.10.jar;C:\Users\ASUS\.m2\repository\org\opentest4j\opentest4j\1.2.0\opentest4j-1.2.0.jar;C:\Users\ASUS\.m2\repository\net\serenity-bdd\serenity-core\3.6.21\serenity-core-3.6.21.jar;C:\Users\ASUS\.m2\repository\net\serenity-bdd\serenity-model\3.6.21\serenity-model-3.6.21.jar;C:\Users\ASUS\.m2\repository\org\apache\commons\commons-text\1.10.0\commons-text-1.10.0.jar;C:\Users\ASUS\.m2\repository\commons-net\commons-net\3.9.0\commons-net-3.9.0.jar;C:\Users\ASUS\.m2\repository\com\google\guava\guava\31.1-jre\guava-31.1-jre.jar;C:\Users\ASUS\.m2\repository\com\google\guava\failureaccess\1.0.1\failureaccess-1.0.1.jar;C:\Users\ASUS\.m2\repository\com\google\guava\listenablefuture\9999.0-empty-to-avoid-conflict-with-guava\listenablefuture-9999.0-empty-to-avoid-conflict-with-guava.jar;C:\Users\ASUS\.m2\repository\com\google\code\findbugs\jsr305\3.0.2\jsr305-3.0.2.jar;C:\Users\ASUS\.m2\repository\org\checkerframework\checker-qual\3.12.0\checker-qual-3.12.0.jar;C:\Users\ASUS\.m2\repository\com\google\errorprone\error_prone_annotations\2.11.0\error_prone_annotations-2.11.0.jar;C:\Users\ASUS\.m2\repository\com\google\j2objc\j2objc-annotations\1.3\j2objc-annotations-1.3.jar;C:\Users\ASUS\.m2\repository\com\google\inject\guice\5.1.0\guice-5.1.0.jar;C:\Users\ASUS\.m2\repository\javax\inject\javax.inject\1\javax.inject-1.jar;C:\Users\ASUS\.m2\repository\aopalliance\aopalliance\1.0\aopalliance-1.0.jar;C:\Users\ASUS\.m2\repository\org\jsoup\jsoup\1.14.3\jsoup-1.14.3.jar;C:\Users\ASUS\.m2\repository\com\thoughtworks\xstream\xstream\1.4.20\xstream-1.4.20.jar;C:\Users\ASUS\.m2\repository\io\github\x-stream\mxparser\1.2.2\mxparser-1.2.2.jar;C:\Users\ASUS\.m2\repository\xmlpull\xmlpull\1.1.3.1\xmlpull-1.1.3.1.jar;C:\Users\ASUS\.m2\repository\com\typesafe\config\1.4.2\config-1.4.2.jar;C:\Users\ASUS\.m2\repository\org\imgscalr\imgscalr-lib\4.2\imgscalr-lib-4.2.jar;C:\Users\ASUS\.m2\repository\org\awaitility\awaitility\4.2.0\awaitility-4.2.0.jar;C:\Users\ASUS\.m2\repository\org\freemarker\freemarker\2.3.31\freemarker-2.3.31.jar;C:\Users\ASUS\.m2\repository\io\github\classgraph\classgraph\4.8.138\classgraph-4.8.138.jar;C:\Users\ASUS\.m2\repository\net\sourceforge\jexcelapi\jxl\2.6.12\jxl-2.6.12.jar;C:\Users\ASUS\.m2\repository\net\bytebuddy\byte-buddy-agent\1.14.2\byte-buddy-agent-1.14.2.jar;C:\Users\ASUS\.m2\repository\org\objenesis\objenesis\3.3\objenesis-3.3.jar;C:\Users\ASUS\.m2\repository\net\serenity-bdd\serenity-reports\3.6.21\serenity-reports-3.6.21.jar;C:\Users\ASUS\.m2\repository\net\serenity-bdd\serenity-stats\3.6.21\serenity-stats-3.6.21.jar;C:\Users\ASUS\.m2\repository\net\serenity-bdd\serenity-reports-configuration\3.6.21\serenity-reports-configuration-3.6.21.jar;C:\Users\ASUS\.m2\repository\com\vladsch\flexmark\flexmark-all\0.62.2\flexmark-all-0.62.2.jar;C:\Users\ASUS\.m2\repository\com\vladsch\flexmark\flexmark\0.62.2\flexmark-0.62.2.jar;C:\Users\ASUS\.m2\repository\com\vladsch\flexmark\flexmark-ext-abbreviation\0.62.2\flexmark-ext-abbreviation-0.62.2.jar;C:\Users\ASUS\.m2\repository\com\vladsch\flexmark\flexmark-util\0.62.2\flexmark-util-0.62.2.jar;C:\Users\ASUS\.m2\repository\com\vladsch\flexmark\flexmark-ext-admonition\0.62.2\flexmark-ext-admonition-0.62.2.jar;C:\Users\ASUS\.m2\repository\com\vladsch\flexmark\flexmark-ext-anchorlink\0.62.2\flexmark-ext-anchorlink-0.62.2.jar;C:\Users\ASUS\.m2\repository\com\vladsch\flexmark\flexmark-ext-aside\0.62.2\flexmark-ext-aside-0.62.2.jar;C:\Users\ASUS\.m2\repository\com\vladsch\flexmark\flexmark-ext-attributes\0.62.2\flexmark-ext-attributes-0.62.2.jar;C:\Users\ASUS\.m2\repository\com\vladsch\flexmark\flexmark-ext-autolink\0.62.2\flexmark-ext-autolink-0.62.2.jar;C:\Users\ASUS\.m2\repository\org\nibor\autolink\autolink\0.6.0\autolink-0.6.0.jar;C:\Users\ASUS\.m2\repository\com\vladsch\flexmark\flexmark-ext-definition\0.62.2\flexmark-ext-definition-0.62.2.jar;C:\Users\ASUS\.m2\repository\com\vladsch\flexmark\flexmark-ext-emoji\0.62.2\flexmark-ext-emoji-0.62.2.jar;C:\Users\ASUS\.m2\repository\com\vladsch\flexmark\flexmark-ext-enumerated-reference\0.62.2\flexmark-ext-enumerated-reference-0.62.2.jar;C:\Users\ASUS\.m2\repository\com\vladsch\flexmark\flexmark-ext-escaped-character\0.62.2\flexmark-ext-escaped-character-0.62.2.jar;C:\Users\ASUS\.m2\repository\com\vladsch\flexmark\flexmark-ext-footnotes\0.62.2\flexmark-ext-footnotes-0.62.2.jar;C:\Users\ASUS\.m2\repository\com\vladsch\flexmark\flexmark-ext-gfm-issues\0.62.2\flexmark-ext-gfm-issues-0.62.2.jar;C:\Users\ASUS\.m2\repository\com\vladsch\flexmark\flexmark-ext-gfm-strikethrough\0.62.2\flexmark-ext-gfm-strikethrough-0.62.2.jar;C:\Users\ASUS\.m2\repository\com\vladsch\flexmark\flexmark-ext-gfm-tasklist\0.62.2\flexmark-ext-gfm-tasklist-0.62.2.jar;C:\Users\ASUS\.m2\repository\com\vladsch\flexmark\flexmark-ext-gfm-users\0.62.2\flexmark-ext-gfm-users-0.62.2.jar;C:\Users\ASUS\.m2\repository\com\vladsch\flexmark\flexmark-ext-gitlab\0.62.2\flexmark-ext-gitlab-0.62.2.jar;C:\Users\ASUS\.m2\repository\com\vladsch\flexmark\flexmark-ext-jekyll-front-matter\0.62.2\flexmark-ext-jekyll-front-matter-0.62.2.jar;C:\Users\ASUS\.m2\repository\com\vladsch\flexmark\flexmark-ext-jekyll-tag\0.62.2\flexmark-ext-jekyll-tag-0.62.2.jar;C:\Users\ASUS\.m2\repository\com\vladsch\flexmark\flexmark-ext-media-tags\0.62.2\flexmark-ext-media-tags-0.62.2.jar;C:\Users\ASUS\.m2\repository\com\vladsch\flexmark\flexmark-ext-macros\0.62.2\flexmark-ext-macros-0.62.2.jar;C:\Users\ASUS\.m2\repository\com\vladsch\flexmark\flexmark-ext-ins\0.62.2\flexmark-ext-ins-0.62.2.jar;C:\Users\ASUS\.m2\repository\com\vladsch\flexmark\flexmark-ext-xwiki-macros\0.62.2\flexmark-ext-xwiki-macros-0.62.2.jar;C:\Users\ASUS\.m2\repository\com\vladsch\flexmark\flexmark-ext-superscript\0.62.2\flexmark-ext-superscript-0.62.2.jar;C:\Users\ASUS\.m2\repository\com\vladsch\flexmark\flexmark-ext-tables\0.62.2\flexmark-ext-tables-0.62.2.jar;C:\Users\ASUS\.m2\repository\com\vladsch\flexmark\flexmark-ext-toc\0.62.2\flexmark-ext-toc-0.62.2.jar;C:\Users\ASUS\.m2\repository\com\vladsch\flexmark\flexmark-ext-typographic\0.62.2\flexmark-ext-typographic-0.62.2.jar;C:\Users\ASUS\.m2\repository\com\vladsch\flexmark\flexmark-ext-wikilink\0.62.2\flexmark-ext-wikilink-0.62.2.jar;C:\Users\ASUS\.m2\repository\com\vladsch\flexmark\flexmark-ext-yaml-front-matter\0.62.2\flexmark-ext-yaml-front-matter-0.62.2.jar;C:\Users\ASUS\.m2\repository\com\vladsch\flexmark\flexmark-ext-youtube-embedded\0.62.2\flexmark-ext-youtube-embedded-0.62.2.jar;C:\Users\ASUS\.m2\repository\com\vladsch\flexmark\flexmark-html2md-converter\0.62.2\flexmark-html2md-converter-0.62.2.jar;C:\Users\ASUS\.m2\repository\com\vladsch\flexmark\flexmark-jira-converter\0.62.2\flexmark-jira-converter-0.62.2.jar;C:\Users\ASUS\.m2\repository\com\vladsch\flexmark\flexmark-pdf-converter\0.62.2\flexmark-pdf-converter-0.62.2.jar;C:\Users\ASUS\.m2\repository\com\openhtmltopdf\openhtmltopdf-core\1.0.0\openhtmltopdf-core-1.0.0.jar;C:\Users\ASUS\.m2\repository\com\openhtmltopdf\openhtmltopdf-pdfbox\1.0.0\openhtmltopdf-pdfbox-1.0.0.jar;C:\Users\ASUS\.m2\repository\org\apache\pdfbox\pdfbox\2.0.16\pdfbox-2.0.16.jar;C:\Users\ASUS\.m2\repository\org\apache\pdfbox\fontbox\2.0.16\fontbox-2.0.16.jar;C:\Users\ASUS\.m2\repository\org\apache\pdfbox\xmpbox\2.0.16\xmpbox-2.0.16.jar;C:\Users\ASUS\.m2\repository\de\rototor\pdfbox\graphics2d\0.24\graphics2d-0.24.jar;C:\Users\ASUS\.m2\repository\com\openhtmltopdf\openhtmltopdf-rtl-support\1.0.0\openhtmltopdf-rtl-support-1.0.0.jar;C:\Users\ASUS\.m2\repository\com\openhtmltopdf\openhtmltopdf-jsoup-dom-converter\1.0.0\openhtmltopdf-jsoup-dom-converter-1.0.0.jar;C:\Users\ASUS\.m2\repository\com\vladsch\flexmark\flexmark-profile-pegdown\0.62.2\flexmark-profile-pegdown-0.62.2.jar;C:\Users\ASUS\.m2\repository\com\vladsch\flexmark\flexmark-util-ast\0.62.2\flexmark-util-ast-0.62.2.jar;C:\Users\ASUS\.m2\repository\com\vladsch\flexmark\flexmark-util-builder\0.62.2\flexmark-util-builder-0.62.2.jar;C:\Users\ASUS\.m2\repository\com\vladsch\flexmark\flexmark-util-collection\0.62.2\flexmark-util-collection-0.62.2.jar;C:\Users\ASUS\.m2\repository\com\vladsch\flexmark\flexmark-util-data\0.62.2\flexmark-util-data-0.62.2.jar;C:\Users\ASUS\.m2\repository\com\vladsch\flexmark\flexmark-util-dependency\0.62.2\flexmark-util-dependency-0.62.2.jar;C:\Users\ASUS\.m2\repository\com\vladsch\flexmark\flexmark-util-format\0.62.2\flexmark-util-format-0.62.2.jar;C:\Users\ASUS\.m2\repository\com\vladsch\flexmark\flexmark-util-html\0.62.2\flexmark-util-html-0.62.2.jar;C:\Users\ASUS\.m2\repository\com\vladsch\flexmark\flexmark-util-misc\0.62.2\flexmark-util-misc-0.62.2.jar;C:\Users\ASUS\.m2\repository\com\vladsch\flexmark\flexmark-util-options\0.62.2\flexmark-util-options-0.62.2.jar;C:\Users\ASUS\.m2\repository\com\vladsch\flexmark\flexmark-util-sequence\0.62.2\flexmark-util-sequence-0.62.2.jar;C:\Users\ASUS\.m2\repository\com\vladsch\flexmark\flexmark-util-visitor\0.62.2\flexmark-util-visitor-0.62.2.jar;C:\Users\ASUS\.m2\repository\com\vladsch\flexmark\flexmark-youtrack-converter\0.62.2\flexmark-youtrack-converter-0.62.2.jar;C:\Users\ASUS\.m2\repository\com\ibm\icu\icu4j\72.1\icu4j-72.1.jar;C:\Users\ASUS\.m2\repository\es\nitaur\markdown\txtmark\0.16\txtmark-0.16.jar;C:\Users\ASUS\.m2\repository\net\serenity-bdd\serenity-report-resources\3.6.21\serenity-report-resources-3.6.21.jar;C:\Users\ASUS\.m2\repository\com\google\code\gson\gson\2.10.1\gson-2.10.1.jar;C:\Users\ASUS\.m2\repository\com\fasterxml\jackson\core\jackson-core\2.15.0-rc1\jackson-core-2.15.0-rc1.jar;C:\Users\ASUS\.m2\repository\com\fasterxml\jackson\core\jackson-databind\2.15.0-rc1\jackson-databind-2.15.0-rc1.jar;C:\Users\ASUS\.m2\repository\com\fasterxml\jackson\core\jackson-annotations\2.15.0-rc1\jackson-annotations-2.15.0-rc1.jar;C:\Users\ASUS\.m2\repository\commons-codec\commons-codec\1.15\commons-codec-1.15.jar;C:\Users\ASUS\.m2\repository\commons-io\commons-io\2.11.0\commons-io-2.11.0.jar;C:\Users\ASUS\.m2\repository\org\seleniumhq\selenium\selenium-java\4.8.1\selenium-java-4.8.1.jar;C:\Users\ASUS\.m2\repository\org\seleniumhq\selenium\selenium-devtools-v108\4.8.1\selenium-devtools-v108-4.8.1.jar;C:\Users\ASUS\.m2\repository\org\seleniumhq\selenium\selenium-devtools-v109\4.8.1\selenium-devtools-v109-4.8.1.jar;C:\Users\ASUS\.m2\repository\org\seleniumhq\selenium\selenium-devtools-v110\4.8.1\selenium-devtools-v110-4.8.1.jar;C:\Users\ASUS\.m2\repository\org\seleniumhq\selenium\selenium-devtools-v85\4.8.1\selenium-devtools-v85-4.8.1.jar;C:\Users\ASUS\.m2\repository\org\seleniumhq\selenium\selenium-remote-driver\4.8.1\selenium-remote-driver-4.8.1.jar;C:\Users\ASUS\.m2\repository\com\beust\jcommander\1.82\jcommander-1.82.jar;C:\Users\ASUS\.m2\repository\io\netty\netty-buffer\4.1.87.Final\netty-buffer-4.1.87.Final.jar;C:\Users\ASUS\.m2\repository\io\netty\netty-codec-http\4.1.87.Final\netty-codec-http-4.1.87.Final.jar;C:\Users\ASUS\.m2\repository\io\netty\netty-codec\4.1.87.Final\netty-codec-4.1.87.Final.jar;C:\Users\ASUS\.m2\repository\io\netty\netty-handler\4.1.87.Final\netty-handler-4.1.87.Final.jar;C:\Users\ASUS\.m2\repository\io\netty\netty-common\4.1.87.Final\netty-common-4.1.87.Final.jar;C:\Users\ASUS\.m2\repository\io\netty\netty-transport-classes-epoll\4.1.87.Final\netty-transport-classes-epoll-4.1.87.Final.jar;C:\Users\ASUS\.m2\repository\io\netty\netty-transport-classes-kqueue\4.1.87.Final\netty-transport-classes-kqueue-4.1.87.Final.jar;C:\Users\ASUS\.m2\repository\io\netty\netty-transport-native-epoll\4.1.87.Final\netty-transport-native-epoll-4.1.87.Final.jar;C:\Users\ASUS\.m2\repository\io\netty\netty-transport-native-kqueue\4.1.87.Final\netty-transport-native-kqueue-4.1.87.Final.jar;C:\Users\ASUS\.m2\repository\io\netty\netty-transport-native-unix-common\4.1.87.Final\netty-transport-native-unix-common-4.1.87.Final.jar;C:\Users\ASUS\.m2\repository\io\netty\netty-transport\4.1.87.Final\netty-transport-4.1.87.Final.jar;C:\Users\ASUS\.m2\repository\io\netty\netty-resolver\4.1.87.Final\netty-resolver-4.1.87.Final.jar;C:\Users\ASUS\.m2\repository\io\opentelemetry\opentelemetry-api\1.22.0\opentelemetry-api-1.22.0.jar;C:\Users\ASUS\.m2\repository\io\opentelemetry\opentelemetry-context\1.22.0\opentelemetry-context-1.22.0.jar;C:\Users\ASUS\.m2\repository\io\opentelemetry\opentelemetry-exporter-logging\1.22.0\opentelemetry-exporter-logging-1.22.0.jar;C:\Users\ASUS\.m2\repository\io\opentelemetry\opentelemetry-sdk-metrics\1.22.0\opentelemetry-sdk-metrics-1.22.0.jar;C:\Users\ASUS\.m2\repository\io\opentelemetry\opentelemetry-sdk-logs\1.22.0-alpha\opentelemetry-sdk-logs-1.22.0-alpha.jar;C:\Users\ASUS\.m2\repository\io\opentelemetry\opentelemetry-api-logs\1.22.0-alpha\opentelemetry-api-logs-1.22.0-alpha.jar;C:\Users\ASUS\.m2\repository\io\opentelemetry\opentelemetry-sdk-common\1.22.0\opentelemetry-sdk-common-1.22.0.jar;C:\Users\ASUS\.m2\repository\io\opentelemetry\opentelemetry-sdk-extension-autoconfigure-spi\1.22.0\opentelemetry-sdk-extension-autoconfigure-spi-1.22.0.jar;C:\Users\ASUS\.m2\repository\io\opentelemetry\opentelemetry-sdk-extension-autoconfigure\1.22.0-alpha\opentelemetry-sdk-extension-autoconfigure-1.22.0-alpha.jar;C:\Users\ASUS\.m2\repository\io\opentelemetry\opentelemetry-sdk-trace\1.22.0\opentelemetry-sdk-trace-1.22.0.jar;C:\Users\ASUS\.m2\repository\io\opentelemetry\opentelemetry-sdk\1.22.0\opentelemetry-sdk-1.22.0.jar;C:\Users\ASUS\.m2\repository\io\opentelemetry\opentelemetry-semconv\1.22.0-alpha\opentelemetry-semconv-1.22.0-alpha.jar;C:\Users\ASUS\.m2\repository\io\ous\jtoml\2.0.0\jtoml-2.0.0.jar;C:\Users\ASUS\.m2\repository\org\apache\commons\commons-exec\1.3\commons-exec-1.3.jar;C:\Users\ASUS\.m2\repository\org\asynchttpclient\async-http-client\2.12.3\async-http-client-2.12.3.jar;C:\Users\ASUS\.m2\repository\org\asynchttpclient\async-http-client-netty-utils\2.12.3\async-http-client-netty-utils-2.12.3.jar;C:\Users\ASUS\.m2\repository\io\netty\netty-codec-socks\4.1.60.Final\netty-codec-socks-4.1.60.Final.jar;C:\Users\ASUS\.m2\repository\io\netty\netty-handler-proxy\4.1.60.Final\netty-handler-proxy-4.1.60.Final.jar;C:\Users\ASUS\.m2\repository\io\netty\netty-transport-native-epoll\4.1.60.Final\netty-transport-native-epoll-4.1.60.Final-linux-x86_64.jar;C:\Users\ASUS\.m2\repository\io\netty\netty-transport-native-kqueue\4.1.60.Final\netty-transport-native-kqueue-4.1.60.Final-osx-x86_64.jar;C:\Users\ASUS\.m2\repository\org\reactivestreams\reactive-streams\1.0.3\reactive-streams-1.0.3.jar;C:\Users\ASUS\.m2\repository\com\typesafe\netty\netty-reactive-streams\2.0.4\netty-reactive-streams-2.0.4.jar;C:\Users\ASUS\.m2\repository\org\seleniumhq\selenium\selenium-manager\4.8.1\selenium-manager-4.8.1.jar;C:\Users\ASUS\.m2\repository\org\seleniumhq\selenium\selenium-safari-driver\4.8.1\selenium-safari-driver-4.8.1.jar;C:\Users\ASUS\.m2\repository\org\seleniumhq\selenium\selenium-api\4.8.1\selenium-api-4.8.1.jar;C:\Users\ASUS\.m2\repository\org\seleniumhq\selenium\selenium-support\4.8.1\selenium-support-4.8.1.jar;C:\Users\ASUS\.m2\repository\com\google\auto\service\auto-service-annotations\1.0.1\auto-service-annotations-1.0.1.jar;C:\Users\ASUS\.m2\repository\com\google\auto\service\auto-service\1.0.1\auto-service-1.0.1.jar;C:\Users\ASUS\.m2\repository\com\google\auto\auto-common\1.2\auto-common-1.2.jar;C:\Users\ASUS\.m2\repository\org\seleniumhq\selenium\selenium-json\4.8.1\selenium-json-4.8.1.jar;C:\Users\ASUS\.m2\repository\org\seleniumhq\selenium\selenium-chrome-driver\4.8.1\selenium-chrome-driver-4.8.1.jar;C:\Users\ASUS\.m2\repository\org\seleniumhq\selenium\selenium-chromium-driver\4.8.1\selenium-chromium-driver-4.8.1.jar;C:\Users\ASUS\.m2\repository\org\seleniumhq\selenium\selenium-firefox-driver\4.8.1\selenium-firefox-driver-4.8.1.jar;C:\Users\ASUS\.m2\repository\org\seleniumhq\selenium\selenium-http\4.8.1\selenium-http-4.8.1.jar;C:\Users\ASUS\.m2\repository\dev\failsafe\failsafe\3.3.0\failsafe-3.3.0.jar;C:\Users\ASUS\.m2\repository\org\seleniumhq\selenium\selenium-edge-driver\4.8.1\selenium-edge-driver-4.8.1.jar;C:\Users\ASUS\.m2\repository\org\seleniumhq\selenium\selenium-ie-driver\4.8.1\selenium-ie-driver-4.8.1.jar;C:\Users\ASUS\.m2\repository\org\projectlombok\lombok\1.18.20\lombok-1.18.20.jar;C:\Users\ASUS\.m2\repository\io\appium\java-client\8.3.0\java-client-8.3.0.jar;C:\Users\ASUS\.m2\repository\commons-validator\commons-validator\1.7\commons-validator-1.7.jar;C:\Users\ASUS\.m2\repository\commons-digester\commons-digester\2.1\commons-digester-2.1.jar;C:\Users\ASUS\.m2\repository\net\sf\opencsv\opencsv\2.0\opencsv-2.0.jar;C:\Users\ASUS\.m2\repository\commons-beanutils\commons-beanutils\1.9.4\commons-beanutils-1.9.4.jar;C:\Users\ASUS\.m2\repository\commons-collections\commons-collections\3.2.2\commons-collections-3.2.2.jar;C:\Users\ASUS\.m2\repository\org\fluentlenium\fluentlenium-core\0.10.2\fluentlenium-core-0.10.2.jar;C:\Users\ASUS\.m2\repository\io\github\bonigarcia\webdrivermanager\5.3.0\webdrivermanager-5.3.0.jar;C:\Users\ASUS\.m2\repository\com\github\docker-java\docker-java\3.2.13\docker-java-3.2.13.jar;C:\Users\ASUS\.m2\repository\com\github\docker-java\docker-java-core\3.2.13\docker-java-core-3.2.13.jar;C:\Users\ASUS\.m2\repository\com\github\docker-java\docker-java-api\3.2.13\docker-java-api-3.2.13.jar;C:\Users\ASUS\.m2\repository\org\apache\commons\commons-compress\1.21\commons-compress-1.21.jar;C:\Users\ASUS\.m2\repository\org\bouncycastle\bcpkix-jdk15on\1.64\bcpkix-jdk15on-1.64.jar;C:\Users\ASUS\.m2\repository\org\bouncycastle\bcprov-jdk15on\1.64\bcprov-jdk15on-1.64.jar;C:\Users\ASUS\.m2\repository\org\slf4j\jcl-over-slf4j\1.7.30\jcl-over-slf4j-1.7.30.jar;C:\Users\ASUS\.m2\repository\com\github\docker-java\docker-java-transport-httpclient5\3.2.13\docker-java-transport-httpclient5-3.2.13.jar;C:\Users\ASUS\.m2\repository\com\github\docker-java\docker-java-transport\3.2.13\docker-java-transport-3.2.13.jar;C:\Users\ASUS\.m2\repository\net\java\dev\jna\jna\5.8.0\jna-5.8.0.jar;C:\Users\ASUS\.m2\repository\org\brotli\dec\0.1.2\dec-0.1.2.jar;C:\Users\ASUS\.m2\repository\org\apache\httpcomponents\client5\httpclient5\5.1.3\httpclient5-5.1.3.jar;C:\Users\ASUS\.m2\repository\org\apache\httpcomponents\core5\httpcore5\5.1.3\httpcore5-5.1.3.jar;C:\Users\ASUS\.m2\repository\org\apache\httpcomponents\core5\httpcore5-h2\5.1.3\httpcore5-h2-5.1.3.jar;C:\Users\ASUS\.m2\repository\com\jhlabs\filters\2.0.235\filters-2.0.235.jar;C:\Users\ASUS\.m2\repository\com\paulhammant\ngwebdriver\1.1.6\ngwebdriver-1.1.6.jar;C:\Users\ASUS\.m2\repository\joda-time\joda-time\2.12.2\joda-time-2.12.2.jar;C:\Users\ASUS\.m2\repository\org\hamcrest\hamcrest\2.2\hamcrest-2.2.jar;C:\Users\ASUS\.m2\repository\com\google\jimfs\jimfs\1.2\jimfs-1.2.jar;C:\Users\ASUS\.m2\repository\org\mockito\mockito-core\3.3.3\mockito-core-3.3.3.jar;C:\Users\ASUS\.m2\repository\javax\xml\bind\jaxb-api\2.3.1\jaxb-api-2.3.1.jar;C:\Users\ASUS\.m2\repository\javax\activation\javax.activation-api\1.2.0\javax.activation-api-1.2.0.jar;C:\Users\ASUS\.m2\repository\com\sun\xml\bind\jaxb-core\2.3.0.1\jaxb-core-2.3.0.1.jar;C:\Users\ASUS\.m2\repository\com\sun\xml\bind\jaxb-impl\2.3.3\jaxb-impl-2.3.3.jar;C:\Users\ASUS\.m2\repository\jakarta\xml\bind\jakarta.xml.bind-api\2.3.3\jakarta.xml.bind-api-2.3.3.jar;C:\Users\ASUS\.m2\repository\com\sun\activation\jakarta.activation\1.2.2\jakarta.activation-1.2.2.jar;C:\Users\ASUS\.m2\repository\javax\activation\activation\1.1.1\activation-1.1.1.jar;C:\Users\ASUS\.m2\repository\com\github\javafaker\javafaker\1.0.2\javafaker-1.0.2.jar;C:\Users\ASUS\.m2\repository\org\yaml\snakeyaml\1.23\snakeyaml-1.23-android.jar;C:\Users\ASUS\.m2\repository\com\github\mifmif\generex\1.0.2\generex-1.0.2.jar;C:\Users\ASUS\.m2\repository\dk\brics\automaton\automaton\1.11-8\automaton-1.11-8.jar;C:\Users\ASUS\.m2\repository\net\serenity-bdd\serenity-cucumber\3.6.21\serenity-cucumber-3.6.21.jar;C:\Users\ASUS\.m2\repository\io\cucumber\cucumber-core\7.11.0\cucumber-core-7.11.0.jar;C:\Users\ASUS\.m2\repository\io\cucumber\cucumber-gherkin\7.11.0\cucumber-gherkin-7.11.0.jar;C:\Users\ASUS\.m2\repository\io\cucumber\cucumber-gherkin-messages\7.11.0\cucumber-gherkin-messages-7.11.0.jar;C:\Users\ASUS\.m2\repository\io\cucumber\gherkin\26.0.3\gherkin-26.0.3.jar;C:\Users\ASUS\.m2\repository\io\cucumber\messages\21.0.1\messages-21.0.1.jar;C:\Users\ASUS\.m2\repository\io\cucumber\tag-expressions\5.0.1\tag-expressions-5.0.1.jar;C:\Users\ASUS\.m2\repository\io\cucumber\cucumber-expressions\16.1.1\cucumber-expressions-16.1.1.jar;C:\Users\ASUS\.m2\repository\io\cucumber\datatable\7.11.0\datatable-7.11.0.jar;C:\Users\ASUS\.m2\repository\io\cucumber\cucumber-plugin\7.11.0\cucumber-plugin-7.11.0.jar;C:\Users\ASUS\.m2\repository\io\cucumber\docstring\7.11.0\docstring-7.11.0.jar;C:\Users\ASUS\.m2\repository\io\cucumber\html-formatter\20.2.1\html-formatter-20.2.1.jar;C:\Users\ASUS\.m2\repository\io\cucumber\junit-xml-formatter\0.1.0\junit-xml-formatter-0.1.0.jar;C:\Users\ASUS\.m2\repository\io\cucumber\ci-environment\9.1.0\ci-environment-9.1.0.jar;C:\Users\ASUS\.m2\repository\io\cucumber\cucumber-java\7.11.0\cucumber-java-7.11.0.jar;C:\Users\ASUS\.m2\repository\io\cucumber\cucumber-junit\7.11.0\cucumber-junit-7.11.0.jar;C:\Users\ASUS\.m2\repository\org\apache\commons\commons-csv\1.5\commons-csv-1.5.jar;C:\Users\ASUS\.m2\repository\net\serenity-bdd\serenity-screenplay\3.6.21\serenity-screenplay-3.6.21.jar;C:\Users\ASUS\.m2\repository\net\serenity-bdd\serenity-screenplay-webdriver\3.6.21\serenity-screenplay-webdriver-3.6.21.jar;C:\Users\ASUS\.m2\repository\net\serenity-bdd\serenity-ensure\3.6.21\serenity-ensure-3.6.21.jar;C:\Users\ASUS\.m2\repository\net\serenity-bdd\serenity-junit\3.6.21\serenity-junit-3.6.21.jar;C:\Users\ASUS\.m2\repository\org\jetbrains\kotlin\kotlin-stdlib\1.8.10\kotlin-stdlib-1.8.10.jar;C:\Users\ASUS\.m2\repository\org\jetbrains\kotlin\kotlin-stdlib-common\1.8.10\kotlin-stdlib-common-1.8.10.jar;C:\Users\ASUS\.m2\repository\org\jetbrains\annotations\13.0\annotations-13.0.jar;C:\Users\ASUS\.m2\repository\org\junit\platform\junit-platform-launcher\1.9.2\junit-platform-launcher-1.9.2.jar;C:\Users\ASUS\.m2\repository\org\junit\platform\junit-platform-engine\1.9.2\junit-platform-engine-1.9.2.jar;C:\Users\ASUS\.m2\repository\org\junit\platform\junit-platform-commons\1.9.2\junit-platform-commons-1.9.2.jar;C:\Users\ASUS\.m2\repository\org\apiguardian\apiguardian-api\1.1.2\apiguardian-api-1.1.2.jar;C:\Users\ASUS\.m2\repository\org\junit\jupiter\junit-jupiter-engine\5.9.2\junit-jupiter-engine-5.9.2.jar;C:\Users\ASUS\.m2\repository\org\junit\jupiter\junit-jupiter-api\5.9.2\junit-jupiter-api-5.9.2.jar;C:\Users\ASUS\.m2\repository\org\junit\vintage\junit-vintage-engine\5.9.2\junit-vintage-engine-5.9.2.jar;C:\Users\ASUS\.m2\repository\junit\junit\4.13.2\junit-4.13.2.jar;C:\Users\ASUS\.m2\repository\org\hamcrest\hamcrest-core\1.3\hamcrest-core-1.3.jar;C:\Users\ASUS\.m2\repository\ch\qos\logback\logback-classic\1.4.6\logback-classic-1.4.6.jar;C:\Users\ASUS\.m2\repository\ch\qos\logback\logback-core\1.4.6\logback-core-1.4.6.jar;C:\Users\ASUS\.m2\repository\org\slf4j\slf4j-api\2.0.4\slf4j-api-2.0.4.jar;C:\Users\ASUS\.m2\repository\org\assertj\assertj-core\3.24.2\assertj-core-3.24.2.jar;C:\Users\ASUS\.m2\repository\net\bytebuddy\byte-buddy\1.12.21\byte-buddy-1.12.21.jar;C:\Users\ASUS\.m2\repository\org\yaml\snakeyaml\1.27\snakeyaml-1.27.jar;C:\Users\ASUS\.m2\repository\org\apache\commons\commons-lang3\3.12.0\commons-lang3-3.12.0.jar;"/>
    <property name="sun.cpu.endian" value="little"/>
    <property name="user.home" value="C:\Users\ASUS"/>
    <property name="user.language" value="en"/>
    <property name="java.specification.vendor" value="Oracle Corporation"/>
    <property name="jdk.module.path" value="D:\Intelij\restapiMiniproject Elisa\target\restapiMiniproject-Elisa-1.0-SNAPSHOT.jar"/>
    <property name="java.version.date" value="2023-03-21"/>
    <property name="java.home" value="C:\Program Files\Java\jdk-20"/>
    <property name="file.separator" value="\"/>
    <property name="basedir" value="D:\Intelij\restapiMiniproject Elisa"/>
    <property name="java.vm.compressedOopsMode" value="32-bit"/>
    <property name="line.separator" value="&#10;"/>
    <property name="java.vm.specification.vendor" value="Oracle Corporation"/>
    <property name="java.specification.name" value="Java Platform API Specification"/>
    <property name="surefire.real.class.path" value="C:\Users\ASUS\.m2\repository\org\apache\maven\surefire\surefire-booter\3.0.0-M5\surefire-booter-3.0.0-M5.jar;C:\Users\ASUS\.m2\repository\org\apache\maven\surefire\surefire-api\3.0.0-M5\surefire-api-3.0.0-M5.jar;C:\Users\ASUS\.m2\repository\org\apache\maven\surefire\surefire-logger-api\3.0.0-M5\surefire-logger-api-3.0.0-M5.jar;C:\Users\ASUS\.m2\repository\org\apache\maven\surefire\surefire-shared-utils\3.0.0-M4\surefire-shared-utils-3.0.0-M4.jar;C:\Users\ASUS\.m2\repository\org\apache\maven\surefire\surefire-extensions-spi\3.0.0-M5\surefire-extensions-spi-3.0.0-M5.jar;D:\Intelij\restapiMiniproject Elisa\target\test-classes;C:\Users\ASUS\.m2\repository\com\googlecode\json-simple\json-simple\1.1\json-simple-1.1.jar;C:\Users\ASUS\.m2\repository\net\serenity-bdd\serenity-rest-assured\3.6.22\serenity-rest-assured-3.6.22.jar;C:\Users\ASUS\.m2\repository\org\apache\httpcomponents\httpclient\4.5.13\httpclient-4.5.13.jar;C:\Users\ASUS\.m2\repository\org\apache\httpcomponents\httpcore\4.4.13\httpcore-4.4.13.jar;C:\Users\ASUS\.m2\repository\commons-logging\commons-logging\1.2\commons-logging-1.2.jar;C:\Users\ASUS\.m2\repository\io\rest-assured\rest-assured\5.3.0\rest-assured-5.3.0.jar;C:\Users\ASUS\.m2\repository\org\apache\httpcomponents\httpmime\4.5.13\httpmime-4.5.13.jar;C:\Users\ASUS\.m2\repository\org\ccil\cowan\tagsoup\tagsoup\1.2.1\tagsoup-1.2.1.jar;C:\Users\ASUS\.m2\repository\io\rest-assured\json-path\5.3.0\json-path-5.3.0.jar;C:\Users\ASUS\.m2\repository\io\rest-assured\rest-assured-common\5.3.0\rest-assured-common-5.3.0.jar;C:\Users\ASUS\.m2\repository\io\rest-assured\xml-path\5.3.0\xml-path-5.3.0.jar;C:\Users\ASUS\.m2\repository\org\apache\groovy\groovy-json\4.0.10\groovy-json-4.0.10.jar;C:\Users\ASUS\.m2\repository\org\apache\groovy\groovy-xml\4.0.10\groovy-xml-4.0.10.jar;C:\Users\ASUS\.m2\repository\org\apache\groovy\groovy\4.0.10\groovy-4.0.10.jar;C:\Users\ASUS\.m2\repository\org\opentest4j\opentest4j\1.2.0\opentest4j-1.2.0.jar;C:\Users\ASUS\.m2\repository\net\serenity-bdd\serenity-core\3.6.21\serenity-core-3.6.21.jar;C:\Users\ASUS\.m2\repository\net\serenity-bdd\serenity-model\3.6.21\serenity-model-3.6.21.jar;C:\Users\ASUS\.m2\repository\org\apache\commons\commons-text\1.10.0\commons-text-1.10.0.jar;C:\Users\ASUS\.m2\repository\commons-net\commons-net\3.9.0\commons-net-3.9.0.jar;C:\Users\ASUS\.m2\repository\com\google\guava\guava\31.1-jre\guava-31.1-jre.jar;C:\Users\ASUS\.m2\repository\com\google\guava\failureaccess\1.0.1\failureaccess-1.0.1.jar;C:\Users\ASUS\.m2\repository\com\google\guava\listenablefuture\9999.0-empty-to-avoid-conflict-with-guava\listenablefuture-9999.0-empty-to-avoid-conflict-with-guava.jar;C:\Users\ASUS\.m2\repository\com\google\code\findbugs\jsr305\3.0.2\jsr305-3.0.2.jar;C:\Users\ASUS\.m2\repository\org\checkerframework\checker-qual\3.12.0\checker-qual-3.12.0.jar;C:\Users\ASUS\.m2\repository\com\google\errorprone\error_prone_annotations\2.11.0\error_prone_annotations-2.11.0.jar;C:\Users\ASUS\.m2\repository\com\google\j2objc\j2objc-annotations\1.3\j2objc-annotations-1.3.jar;C:\Users\ASUS\.m2\repository\com\google\inject\guice\5.1.0\guice-5.1.0.jar;C:\Users\ASUS\.m2\repository\javax\inject\javax.inject\1\javax.inject-1.jar;C:\Users\ASUS\.m2\repository\aopalliance\aopalliance\1.0\aopalliance-1.0.jar;C:\Users\ASUS\.m2\repository\org\jsoup\jsoup\1.14.3\jsoup-1.14.3.jar;C:\Users\ASUS\.m2\repository\com\thoughtworks\xstream\xstream\1.4.20\xstream-1.4.20.jar;C:\Users\ASUS\.m2\repository\io\github\x-stream\mxparser\1.2.2\mxparser-1.2.2.jar;C:\Users\ASUS\.m2\repository\xmlpull\xmlpull\1.1.3.1\xmlpull-1.1.3.1.jar;C:\Users\ASUS\.m2\repository\com\typesafe\config\1.4.2\config-1.4.2.jar;C:\Users\ASUS\.m2\repository\org\imgscalr\imgscalr-lib\4.2\imgscalr-lib-4.2.jar;C:\Users\ASUS\.m2\repository\org\awaitility\awaitility\4.2.0\awaitility-4.2.0.jar;C:\Users\ASUS\.m2\repository\org\freemarker\freemarker\2.3.31\freemarker-2.3.31.jar;C:\Users\ASUS\.m2\repository\io\github\classgraph\classgraph\4.8.138\classgraph-4.8.138.jar;C:\Users\ASUS\.m2\repository\net\sourceforge\jexcelapi\jxl\2.6.12\jxl-2.6.12.jar;C:\Users\ASUS\.m2\repository\net\bytebuddy\byte-buddy-agent\1.14.2\byte-buddy-agent-1.14.2.jar;C:\Users\ASUS\.m2\repository\org\objenesis\objenesis\3.3\objenesis-3.3.jar;C:\Users\ASUS\.m2\repository\net\serenity-bdd\serenity-reports\3.6.21\serenity-reports-3.6.21.jar;C:\Users\ASUS\.m2\repository\net\serenity-bdd\serenity-stats\3.6.21\serenity-stats-3.6.21.jar;C:\Users\ASUS\.m2\repository\net\serenity-bdd\serenity-reports-configuration\3.6.21\serenity-reports-configuration-3.6.21.jar;C:\Users\ASUS\.m2\repository\com\vladsch\flexmark\flexmark-all\0.62.2\flexmark-all-0.62.2.jar;C:\Users\ASUS\.m2\repository\com\vladsch\flexmark\flexmark\0.62.2\flexmark-0.62.2.jar;C:\Users\ASUS\.m2\repository\com\vladsch\flexmark\flexmark-ext-abbreviation\0.62.2\flexmark-ext-abbreviation-0.62.2.jar;C:\Users\ASUS\.m2\repository\com\vladsch\flexmark\flexmark-util\0.62.2\flexmark-util-0.62.2.jar;C:\Users\ASUS\.m2\repository\com\vladsch\flexmark\flexmark-ext-admonition\0.62.2\flexmark-ext-admonition-0.62.2.jar;C:\Users\ASUS\.m2\repository\com\vladsch\flexmark\flexmark-ext-anchorlink\0.62.2\flexmark-ext-anchorlink-0.62.2.jar;C:\Users\ASUS\.m2\repository\com\vladsch\flexmark\flexmark-ext-aside\0.62.2\flexmark-ext-aside-0.62.2.jar;C:\Users\ASUS\.m2\repository\com\vladsch\flexmark\flexmark-ext-attributes\0.62.2\flexmark-ext-attributes-0.62.2.jar;C:\Users\ASUS\.m2\repository\com\vladsch\flexmark\flexmark-ext-autolink\0.62.2\flexmark-ext-autolink-0.62.2.jar;C:\Users\ASUS\.m2\repository\org\nibor\autolink\autolink\0.6.0\autolink-0.6.0.jar;C:\Users\ASUS\.m2\repository\com\vladsch\flexmark\flexmark-ext-definition\0.62.2\flexmark-ext-definition-0.62.2.jar;C:\Users\ASUS\.m2\repository\com\vladsch\flexmark\flexmark-ext-emoji\0.62.2\flexmark-ext-emoji-0.62.2.jar;C:\Users\ASUS\.m2\repository\com\vladsch\flexmark\flexmark-ext-enumerated-reference\0.62.2\flexmark-ext-enumerated-reference-0.62.2.jar;C:\Users\ASUS\.m2\repository\com\vladsch\flexmark\flexmark-ext-escaped-character\0.62.2\flexmark-ext-escaped-character-0.62.2.jar;C:\Users\ASUS\.m2\repository\com\vladsch\flexmark\flexmark-ext-footnotes\0.62.2\flexmark-ext-footnotes-0.62.2.jar;C:\Users\ASUS\.m2\repository\com\vladsch\flexmark\flexmark-ext-gfm-issues\0.62.2\flexmark-ext-gfm-issues-0.62.2.jar;C:\Users\ASUS\.m2\repository\com\vladsch\flexmark\flexmark-ext-gfm-strikethrough\0.62.2\flexmark-ext-gfm-strikethrough-0.62.2.jar;C:\Users\ASUS\.m2\repository\com\vladsch\flexmark\flexmark-ext-gfm-tasklist\0.62.2\flexmark-ext-gfm-tasklist-0.62.2.jar;C:\Users\ASUS\.m2\repository\com\vladsch\flexmark\flexmark-ext-gfm-users\0.62.2\flexmark-ext-gfm-users-0.62.2.jar;C:\Users\ASUS\.m2\repository\com\vladsch\flexmark\flexmark-ext-gitlab\0.62.2\flexmark-ext-gitlab-0.62.2.jar;C:\Users\ASUS\.m2\repository\com\vladsch\flexmark\flexmark-ext-jekyll-front-matter\0.62.2\flexmark-ext-jekyll-front-matter-0.62.2.jar;C:\Users\ASUS\.m2\repository\com\vladsch\flexmark\flexmark-ext-jekyll-tag\0.62.2\flexmark-ext-jekyll-tag-0.62.2.jar;C:\Users\ASUS\.m2\repository\com\vladsch\flexmark\flexmark-ext-media-tags\0.62.2\flexmark-ext-media-tags-0.62.2.jar;C:\Users\ASUS\.m2\repository\com\vladsch\flexmark\flexmark-ext-macros\0.62.2\flexmark-ext-macros-0.62.2.jar;C:\Users\ASUS\.m2\repository\com\vladsch\flexmark\flexmark-ext-ins\0.62.2\flexmark-ext-ins-0.62.2.jar;C:\Users\ASUS\.m2\repository\com\vladsch\flexmark\flexmark-ext-xwiki-macros\0.62.2\flexmark-ext-xwiki-macros-0.62.2.jar;C:\Users\ASUS\.m2\repository\com\vladsch\flexmark\flexmark-ext-superscript\0.62.2\flexmark-ext-superscript-0.62.2.jar;C:\Users\ASUS\.m2\repository\com\vladsch\flexmark\flexmark-ext-tables\0.62.2\flexmark-ext-tables-0.62.2.jar;C:\Users\ASUS\.m2\repository\com\vladsch\flexmark\flexmark-ext-toc\0.62.2\flexmark-ext-toc-0.62.2.jar;C:\Users\ASUS\.m2\repository\com\vladsch\flexmark\flexmark-ext-typographic\0.62.2\flexmark-ext-typographic-0.62.2.jar;C:\Users\ASUS\.m2\repository\com\vladsch\flexmark\flexmark-ext-wikilink\0.62.2\flexmark-ext-wikilink-0.62.2.jar;C:\Users\ASUS\.m2\repository\com\vladsch\flexmark\flexmark-ext-yaml-front-matter\0.62.2\flexmark-ext-yaml-front-matter-0.62.2.jar;C:\Users\ASUS\.m2\repository\com\vladsch\flexmark\flexmark-ext-youtube-embedded\0.62.2\flexmark-ext-youtube-embedded-0.62.2.jar;C:\Users\ASUS\.m2\repository\com\vladsch\flexmark\flexmark-html2md-converter\0.62.2\flexmark-html2md-converter-0.62.2.jar;C:\Users\ASUS\.m2\repository\com\vladsch\flexmark\flexmark-jira-converter\0.62.2\flexmark-jira-converter-0.62.2.jar;C:\Users\ASUS\.m2\repository\com\vladsch\flexmark\flexmark-pdf-converter\0.62.2\flexmark-pdf-converter-0.62.2.jar;C:\Users\ASUS\.m2\repository\com\openhtmltopdf\openhtmltopdf-core\1.0.0\openhtmltopdf-core-1.0.0.jar;C:\Users\ASUS\.m2\repository\com\openhtmltopdf\openhtmltopdf-pdfbox\1.0.0\openhtmltopdf-pdfbox-1.0.0.jar;C:\Users\ASUS\.m2\repository\org\apache\pdfbox\pdfbox\2.0.16\pdfbox-2.0.16.jar;C:\Users\ASUS\.m2\repository\org\apache\pdfbox\fontbox\2.0.16\fontbox-2.0.16.jar;C:\Users\ASUS\.m2\repository\org\apache\pdfbox\xmpbox\2.0.16\xmpbox-2.0.16.jar;C:\Users\ASUS\.m2\repository\de\rototor\pdfbox\graphics2d\0.24\graphics2d-0.24.jar;C:\Users\ASUS\.m2\repository\com\openhtmltopdf\openhtmltopdf-rtl-support\1.0.0\openhtmltopdf-rtl-support-1.0.0.jar;C:\Users\ASUS\.m2\repository\com\openhtmltopdf\openhtmltopdf-jsoup-dom-converter\1.0.0\openhtmltopdf-jsoup-dom-converter-1.0.0.jar;C:\Users\ASUS\.m2\repository\com\vladsch\flexmark\flexmark-profile-pegdown\0.62.2\flexmark-profile-pegdown-0.62.2.jar;C:\Users\ASUS\.m2\repository\com\vladsch\flexmark\flexmark-util-ast\0.62.2\flexmark-util-ast-0.62.2.jar;C:\Users\ASUS\.m2\repository\com\vladsch\flexmark\flexmark-util-builder\0.62.2\flexmark-util-builder-0.62.2.jar;C:\Users\ASUS\.m2\repository\com\vladsch\flexmark\flexmark-util-collection\0.62.2\flexmark-util-collection-0.62.2.jar;C:\Users\ASUS\.m2\repository\com\vladsch\flexmark\flexmark-util-data\0.62.2\flexmark-util-data-0.62.2.jar;C:\Users\ASUS\.m2\repository\com\vladsch\flexmark\flexmark-util-dependency\0.62.2\flexmark-util-dependency-0.62.2.jar;C:\Users\ASUS\.m2\repository\com\vladsch\flexmark\flexmark-util-format\0.62.2\flexmark-util-format-0.62.2.jar;C:\Users\ASUS\.m2\repository\com\vladsch\flexmark\flexmark-util-html\0.62.2\flexmark-util-html-0.62.2.jar;C:\Users\ASUS\.m2\repository\com\vladsch\flexmark\flexmark-util-misc\0.62.2\flexmark-util-misc-0.62.2.jar;C:\Users\ASUS\.m2\repository\com\vladsch\flexmark\flexmark-util-options\0.62.2\flexmark-util-options-0.62.2.jar;C:\Users\ASUS\.m2\repository\com\vladsch\flexmark\flexmark-util-sequence\0.62.2\flexmark-util-sequence-0.62.2.jar;C:\Users\ASUS\.m2\repository\com\vladsch\flexmark\flexmark-util-visitor\0.62.2\flexmark-util-visitor-0.62.2.jar;C:\Users\ASUS\.m2\repository\com\vladsch\flexmark\flexmark-youtrack-converter\0.62.2\flexmark-youtrack-converter-0.62.2.jar;C:\Users\ASUS\.m2\repository\com\ibm\icu\icu4j\72.1\icu4j-72.1.jar;C:\Users\ASUS\.m2\repository\es\nitaur\markdown\txtmark\0.16\txtmark-0.16.jar;C:\Users\ASUS\.m2\repository\net\serenity-bdd\serenity-report-resources\3.6.21\serenity-report-resources-3.6.21.jar;C:\Users\ASUS\.m2\repository\com\google\code\gson\gson\2.10.1\gson-2.10.1.jar;C:\Users\ASUS\.m2\repository\com\fasterxml\jackson\core\jackson-core\2.15.0-rc1\jackson-core-2.15.0-rc1.jar;C:\Users\ASUS\.m2\repository\com\fasterxml\jackson\core\jackson-databind\2.15.0-rc1\jackson-databind-2.15.0-rc1.jar;C:\Users\ASUS\.m2\repository\com\fasterxml\jackson\core\jackson-annotations\2.15.0-rc1\jackson-annotations-2.15.0-rc1.jar;C:\Users\ASUS\.m2\repository\commons-codec\commons-codec\1.15\commons-codec-1.15.jar;C:\Users\ASUS\.m2\repository\commons-io\commons-io\2.11.0\commons-io-2.11.0.jar;C:\Users\ASUS\.m2\repository\org\seleniumhq\selenium\selenium-java\4.8.1\selenium-java-4.8.1.jar;C:\Users\ASUS\.m2\repository\org\seleniumhq\selenium\selenium-devtools-v108\4.8.1\selenium-devtools-v108-4.8.1.jar;C:\Users\ASUS\.m2\repository\org\seleniumhq\selenium\selenium-devtools-v109\4.8.1\selenium-devtools-v109-4.8.1.jar;C:\Users\ASUS\.m2\repository\org\seleniumhq\selenium\selenium-devtools-v110\4.8.1\selenium-devtools-v110-4.8.1.jar;C:\Users\ASUS\.m2\repository\org\seleniumhq\selenium\selenium-devtools-v85\4.8.1\selenium-devtools-v85-4.8.1.jar;C:\Users\ASUS\.m2\repository\org\seleniumhq\selenium\selenium-remote-driver\4.8.1\selenium-remote-driver-4.8.1.jar;C:\Users\ASUS\.m2\repository\com\beust\jcommander\1.82\jcommander-1.82.jar;C:\Users\ASUS\.m2\repository\io\netty\netty-buffer\4.1.87.Final\netty-buffer-4.1.87.Final.jar;C:\Users\ASUS\.m2\repository\io\netty\netty-codec-http\4.1.87.Final\netty-codec-http-4.1.87.Final.jar;C:\Users\ASUS\.m2\repository\io\netty\netty-codec\4.1.87.Final\netty-codec-4.1.87.Final.jar;C:\Users\ASUS\.m2\repository\io\netty\netty-handler\4.1.87.Final\netty-handler-4.1.87.Final.jar;C:\Users\ASUS\.m2\repository\io\netty\netty-common\4.1.87.Final\netty-common-4.1.87.Final.jar;C:\Users\ASUS\.m2\repository\io\netty\netty-transport-classes-epoll\4.1.87.Final\netty-transport-classes-epoll-4.1.87.Final.jar;C:\Users\ASUS\.m2\repository\io\netty\netty-transport-classes-kqueue\4.1.87.Final\netty-transport-classes-kqueue-4.1.87.Final.jar;C:\Users\ASUS\.m2\repository\io\netty\netty-transport-native-epoll\4.1.87.Final\netty-transport-native-epoll-4.1.87.Final.jar;C:\Users\ASUS\.m2\repository\io\netty\netty-transport-native-kqueue\4.1.87.Final\netty-transport-native-kqueue-4.1.87.Final.jar;C:\Users\ASUS\.m2\repository\io\netty\netty-transport-native-unix-common\4.1.87.Final\netty-transport-native-unix-common-4.1.87.Final.jar;C:\Users\ASUS\.m2\repository\io\netty\netty-transport\4.1.87.Final\netty-transport-4.1.87.Final.jar;C:\Users\ASUS\.m2\repository\io\netty\netty-resolver\4.1.87.Final\netty-resolver-4.1.87.Final.jar;C:\Users\ASUS\.m2\repository\io\opentelemetry\opentelemetry-api\1.22.0\opentelemetry-api-1.22.0.jar;C:\Users\ASUS\.m2\repository\io\opentelemetry\opentelemetry-context\1.22.0\opentelemetry-context-1.22.0.jar;C:\Users\ASUS\.m2\repository\io\opentelemetry\opentelemetry-exporter-logging\1.22.0\opentelemetry-exporter-logging-1.22.0.jar;C:\Users\ASUS\.m2\repository\io\opentelemetry\opentelemetry-sdk-metrics\1.22.0\opentelemetry-sdk-metrics-1.22.0.jar;C:\Users\ASUS\.m2\repository\io\opentelemetry\opentelemetry-sdk-logs\1.22.0-alpha\opentelemetry-sdk-logs-1.22.0-alpha.jar;C:\Users\ASUS\.m2\repository\io\opentelemetry\opentelemetry-api-logs\1.22.0-alpha\opentelemetry-api-logs-1.22.0-alpha.jar;C:\Users\ASUS\.m2\repository\io\opentelemetry\opentelemetry-sdk-common\1.22.0\opentelemetry-sdk-common-1.22.0.jar;C:\Users\ASUS\.m2\repository\io\opentelemetry\opentelemetry-sdk-extension-autoconfigure-spi\1.22.0\opentelemetry-sdk-extension-autoconfigure-spi-1.22.0.jar;C:\Users\ASUS\.m2\repository\io\opentelemetry\opentelemetry-sdk-extension-autoconfigure\1.22.0-alpha\opentelemetry-sdk-extension-autoconfigure-1.22.0-alpha.jar;C:\Users\ASUS\.m2\repository\io\opentelemetry\opentelemetry-sdk-trace\1.22.0\opentelemetry-sdk-trace-1.22.0.jar;C:\Users\ASUS\.m2\repository\io\opentelemetry\opentelemetry-sdk\1.22.0\opentelemetry-sdk-1.22.0.jar;C:\Users\ASUS\.m2\repository\io\opentelemetry\opentelemetry-semconv\1.22.0-alpha\opentelemetry-semconv-1.22.0-alpha.jar;C:\Users\ASUS\.m2\repository\io\ous\jtoml\2.0.0\jtoml-2.0.0.jar;C:\Users\ASUS\.m2\repository\org\apache\commons\commons-exec\1.3\commons-exec-1.3.jar;C:\Users\ASUS\.m2\repository\org\asynchttpclient\async-http-client\2.12.3\async-http-client-2.12.3.jar;C:\Users\ASUS\.m2\repository\org\asynchttpclient\async-http-client-netty-utils\2.12.3\async-http-client-netty-utils-2.12.3.jar;C:\Users\ASUS\.m2\repository\io\netty\netty-codec-socks\4.1.60.Final\netty-codec-socks-4.1.60.Final.jar;C:\Users\ASUS\.m2\repository\io\netty\netty-handler-proxy\4.1.60.Final\netty-handler-proxy-4.1.60.Final.jar;C:\Users\ASUS\.m2\repository\io\netty\netty-transport-native-epoll\4.1.60.Final\netty-transport-native-epoll-4.1.60.Final-linux-x86_64.jar;C:\Users\ASUS\.m2\repository\io\netty\netty-transport-native-kqueue\4.1.60.Final\netty-transport-native-kqueue-4.1.60.Final-osx-x86_64.jar;C:\Users\ASUS\.m2\repository\org\reactivestreams\reactive-streams\1.0.3\reactive-streams-1.0.3.jar;C:\Users\ASUS\.m2\repository\com\typesafe\netty\netty-reactive-streams\2.0.4\netty-reactive-streams-2.0.4.jar;C:\Users\ASUS\.m2\repository\org\seleniumhq\selenium\selenium-manager\4.8.1\selenium-manager-4.8.1.jar;C:\Users\ASUS\.m2\repository\org\seleniumhq\selenium\selenium-safari-driver\4.8.1\selenium-safari-driver-4.8.1.jar;C:\Users\ASUS\.m2\repository\org\seleniumhq\selenium\selenium-api\4.8.1\selenium-api-4.8.1.jar;C:\Users\ASUS\.m2\repository\org\seleniumhq\selenium\selenium-support\4.8.1\selenium-support-4.8.1.jar;C:\Users\ASUS\.m2\repository\com\google\auto\service\auto-service-annotations\1.0.1\auto-service-annotations-1.0.1.jar;C:\Users\ASUS\.m2\repository\com\google\auto\service\auto-service\1.0.1\auto-service-1.0.1.jar;C:\Users\ASUS\.m2\repository\com\google\auto\auto-common\1.2\auto-common-1.2.jar;C:\Users\ASUS\.m2\repository\org\seleniumhq\selenium\selenium-json\4.8.1\selenium-json-4.8.1.jar;C:\Users\ASUS\.m2\repository\org\seleniumhq\selenium\selenium-chrome-driver\4.8.1\selenium-chrome-driver-4.8.1.jar;C:\Users\ASUS\.m2\repository\org\seleniumhq\selenium\selenium-chromium-driver\4.8.1\selenium-chromium-driver-4.8.1.jar;C:\Users\ASUS\.m2\repository\org\seleniumhq\selenium\selenium-firefox-driver\4.8.1\selenium-firefox-driver-4.8.1.jar;C:\Users\ASUS\.m2\repository\org\seleniumhq\selenium\selenium-http\4.8.1\selenium-http-4.8.1.jar;C:\Users\ASUS\.m2\repository\dev\failsafe\failsafe\3.3.0\failsafe-3.3.0.jar;C:\Users\ASUS\.m2\repository\org\seleniumhq\selenium\selenium-edge-driver\4.8.1\selenium-edge-driver-4.8.1.jar;C:\Users\ASUS\.m2\repository\org\seleniumhq\selenium\selenium-ie-driver\4.8.1\selenium-ie-driver-4.8.1.jar;C:\Users\ASUS\.m2\repository\org\projectlombok\lombok\1.18.20\lombok-1.18.20.jar;C:\Users\ASUS\.m2\repository\io\appium\java-client\8.3.0\java-client-8.3.0.jar;C:\Users\ASUS\.m2\repository\commons-validator\commons-validator\1.7\commons-validator-1.7.jar;C:\Users\ASUS\.m2\repository\commons-digester\commons-digester\2.1\commons-digester-2.1.jar;C:\Users\ASUS\.m2\repository\net\sf\opencsv\opencsv\2.0\opencsv-2.0.jar;C:\Users\ASUS\.m2\repository\commons-beanutils\commons-beanutils\1.9.4\commons-beanutils-1.9.4.jar;C:\Users\ASUS\.m2\repository\commons-collections\commons-collections\3.2.2\commons-collections-3.2.2.jar;C:\Users\ASUS\.m2\repository\org\fluentlenium\fluentlenium-core\0.10.2\fluentlenium-core-0.10.2.jar;C:\Users\ASUS\.m2\repository\io\github\bonigarcia\webdrivermanager\5.3.0\webdrivermanager-5.3.0.jar;C:\Users\ASUS\.m2\repository\com\github\docker-java\docker-java\3.2.13\docker-java-3.2.13.jar;C:\Users\ASUS\.m2\repository\com\github\docker-java\docker-java-core\3.2.13\docker-java-core-3.2.13.jar;C:\Users\ASUS\.m2\repository\com\github\docker-java\docker-java-api\3.2.13\docker-java-api-3.2.13.jar;C:\Users\ASUS\.m2\repository\org\apache\commons\commons-compress\1.21\commons-compress-1.21.jar;C:\Users\ASUS\.m2\repository\org\bouncycastle\bcpkix-jdk15on\1.64\bcpkix-jdk15on-1.64.jar;C:\Users\ASUS\.m2\repository\org\bouncycastle\bcprov-jdk15on\1.64\bcprov-jdk15on-1.64.jar;C:\Users\ASUS\.m2\repository\org\slf4j\jcl-over-slf4j\1.7.30\jcl-over-slf4j-1.7.30.jar;C:\Users\ASUS\.m2\repository\com\github\docker-java\docker-java-transport-httpclient5\3.2.13\docker-java-transport-httpclient5-3.2.13.jar;C:\Users\ASUS\.m2\repository\com\github\docker-java\docker-java-transport\3.2.13\docker-java-transport-3.2.13.jar;C:\Users\ASUS\.m2\repository\net\java\dev\jna\jna\5.8.0\jna-5.8.0.jar;C:\Users\ASUS\.m2\repository\org\brotli\dec\0.1.2\dec-0.1.2.jar;C:\Users\ASUS\.m2\repository\org\apache\httpcomponents\client5\httpclient5\5.1.3\httpclient5-5.1.3.jar;C:\Users\ASUS\.m2\repository\org\apache\httpcomponents\core5\httpcore5\5.1.3\httpcore5-5.1.3.jar;C:\Users\ASUS\.m2\repository\org\apache\httpcomponents\core5\httpcore5-h2\5.1.3\httpcore5-h2-5.1.3.jar;C:\Users\ASUS\.m2\repository\com\jhlabs\filters\2.0.235\filters-2.0.235.jar;C:\Users\ASUS\.m2\repository\com\paulhammant\ngwebdriver\1.1.6\ngwebdriver-1.1.6.jar;C:\Users\ASUS\.m2\repository\joda-time\joda-time\2.12.2\joda-time-2.12.2.jar;C:\Users\ASUS\.m2\repository\org\hamcrest\hamcrest\2.2\hamcrest-2.2.jar;C:\Users\ASUS\.m2\repository\com\google\jimfs\jimfs\1.2\jimfs-1.2.jar;C:\Users\ASUS\.m2\repository\org\mockito\mockito-core\3.3.3\mockito-core-3.3.3.jar;C:\Users\ASUS\.m2\repository\javax\xml\bind\jaxb-api\2.3.1\jaxb-api-2.3.1.jar;C:\Users\ASUS\.m2\repository\javax\activation\javax.activation-api\1.2.0\javax.activation-api-1.2.0.jar;C:\Users\ASUS\.m2\repository\com\sun\xml\bind\jaxb-core\2.3.0.1\jaxb-core-2.3.0.1.jar;C:\Users\ASUS\.m2\repository\com\sun\xml\bind\jaxb-impl\2.3.3\jaxb-impl-2.3.3.jar;C:\Users\ASUS\.m2\repository\jakarta\xml\bind\jakarta.xml.bind-api\2.3.3\jakarta.xml.bind-api-2.3.3.jar;C:\Users\ASUS\.m2\repository\com\sun\activation\jakarta.activation\1.2.2\jakarta.activation-1.2.2.jar;C:\Users\ASUS\.m2\repository\javax\activation\activation\1.1.1\activation-1.1.1.jar;C:\Users\ASUS\.m2\repository\com\github\javafaker\javafaker\1.0.2\javafaker-1.0.2.jar;C:\Users\ASUS\.m2\repository\org\yaml\snakeyaml\1.23\snakeyaml-1.23-android.jar;C:\Users\ASUS\.m2\repository\com\github\mifmif\generex\1.0.2\generex-1.0.2.jar;C:\Users\ASUS\.m2\repository\dk\brics\automaton\automaton\1.11-8\automaton-1.11-8.jar;C:\Users\ASUS\.m2\repository\net\serenity-bdd\serenity-cucumber\3.6.21\serenity-cucumber-3.6.21.jar;C:\Users\ASUS\.m2\repository\io\cucumber\cucumber-core\7.11.0\cucumber-core-7.11.0.jar;C:\Users\ASUS\.m2\repository\io\cucumber\cucumber-gherkin\7.11.0\cucumber-gherkin-7.11.0.jar;C:\Users\ASUS\.m2\repository\io\cucumber\cucumber-gherkin-messages\7.11.0\cucumber-gherkin-messages-7.11.0.jar;C:\Users\ASUS\.m2\repository\io\cucumber\gherkin\26.0.3\gherkin-26.0.3.jar;C:\Users\ASUS\.m2\repository\io\cucumber\messages\21.0.1\messages-21.0.1.jar;C:\Users\ASUS\.m2\repository\io\cucumber\tag-expressions\5.0.1\tag-expressions-5.0.1.jar;C:\Users\ASUS\.m2\repository\io\cucumber\cucumber-expressions\16.1.1\cucumber-expressions-16.1.1.jar;C:\Users\ASUS\.m2\repository\io\cucumber\datatable\7.11.0\datatable-7.11.0.jar;C:\Users\ASUS\.m2\repository\io\cucumber\cucumber-plugin\7.11.0\cucumber-plugin-7.11.0.jar;C:\Users\ASUS\.m2\repository\io\cucumber\docstring\7.11.0\docstring-7.11.0.jar;C:\Users\ASUS\.m2\repository\io\cucumber\html-formatter\20.2.1\html-formatter-20.2.1.jar;C:\Users\ASUS\.m2\repository\io\cucumber\junit-xml-formatter\0.1.0\junit-xml-formatter-0.1.0.jar;C:\Users\ASUS\.m2\repository\io\cucumber\ci-environment\9.1.0\ci-environment-9.1.0.jar;C:\Users\ASUS\.m2\repository\io\cucumber\cucumber-java\7.11.0\cucumber-java-7.11.0.jar;C:\Users\ASUS\.m2\repository\io\cucumber\cucumber-junit\7.11.0\cucumber-junit-7.11.0.jar;C:\Users\ASUS\.m2\repository\org\apache\commons\commons-csv\1.5\commons-csv-1.5.jar;C:\Users\ASUS\.m2\repository\net\serenity-bdd\serenity-screenplay\3.6.21\serenity-screenplay-3.6.21.jar;C:\Users\ASUS\.m2\repository\net\serenity-bdd\serenity-screenplay-webdriver\3.6.21\serenity-screenplay-webdriver-3.6.21.jar;C:\Users\ASUS\.m2\repository\net\serenity-bdd\serenity-ensure\3.6.21\serenity-ensure-3.6.21.jar;C:\Users\ASUS\.m2\repository\net\serenity-bdd\serenity-junit\3.6.21\serenity-junit-3.6.21.jar;C:\Users\ASUS\.m2\repository\org\jetbrains\kotlin\kotlin-stdlib\1.8.10\kotlin-stdlib-1.8.10.jar;C:\Users\ASUS\.m2\repository\org\jetbrains\kotlin\kotlin-stdlib-common\1.8.10\kotlin-stdlib-common-1.8.10.jar;C:\Users\ASUS\.m2\repository\org\jetbrains\annotations\13.0\annotations-13.0.jar;C:\Users\ASUS\.m2\repository\org\junit\platform\junit-platform-launcher\1.9.2\junit-platform-launcher-1.9.2.jar;C:\Users\ASUS\.m2\repository\org\junit\platform\junit-platform-engine\1.9.2\junit-platform-engine-1.9.2.jar;C:\Users\ASUS\.m2\repository\org\junit\platform\junit-platform-commons\1.9.2\junit-platform-commons-1.9.2.jar;C:\Users\ASUS\.m2\repository\org\apiguardian\apiguardian-api\1.1.2\apiguardian-api-1.1.2.jar;C:\Users\ASUS\.m2\repository\org\junit\jupiter\junit-jupiter-engine\5.9.2\junit-jupiter-engine-5.9.2.jar;C:\Users\ASUS\.m2\repository\org\junit\jupiter\junit-jupiter-api\5.9.2\junit-jupiter-api-5.9.2.jar;C:\Users\ASUS\.m2\repository\org\junit\vintage\junit-vintage-engine\5.9.2\junit-vintage-engine-5.9.2.jar;C:\Users\ASUS\.m2\repository\junit\junit\4.13.2\junit-4.13.2.jar;C:\Users\ASUS\.m2\repository\org\hamcrest\hamcrest-core\1.3\hamcrest-core-1.3.jar;C:\Users\ASUS\.m2\repository\ch\qos\logback\logback-classic\1.4.6\logback-classic-1.4.6.jar;C:\Users\ASUS\.m2\repository\ch\qos\logback\logback-core\1.4.6\logback-core-1.4.6.jar;C:\Users\ASUS\.m2\repository\org\slf4j\slf4j-api\2.0.4\slf4j-api-2.0.4.jar;C:\Users\ASUS\.m2\repository\org\assertj\assertj-core\3.24.2\assertj-core-3.24.2.jar;C:\Users\ASUS\.m2\repository\net\bytebuddy\byte-buddy\1.12.21\byte-buddy-1.12.21.jar;C:\Users\ASUS\.m2\repository\org\yaml\snakeyaml\1.27\snakeyaml-1.27.jar;C:\Users\ASUS\.m2\repository\org\apache\commons\commons-lang3\3.12.0\commons-lang3-3.12.0.jar;C:\Users\ASUS\.m2\repository\org\apache\maven\surefire\surefire-junit-platform\3.0.0-M5\surefire-junit-platform-3.0.0-M5.jar;C:\Users\ASUS\.m2\repository\org\apache\maven\surefire\common-java5\3.0.0-M5\common-java5-3.0.0-M5.jar"/>
    <property name="user.script" value=""/>
    <property name="sun.management.compiler" value="HotSpot 64-Bit Tiered Compilers"/>
    <property name="java.runtime.version" value="20+36-2344"/>
    <property name="user.name" value="ASUS"/>
    <property name="stdout.encoding" value="Cp1252"/>
    <property name="path.separator" value=";"/>
    <property name="os.version" value="10.0"/>
    <property name="java.runtime.name" value="Java(TM) SE Runtime Environment"/>
    <property name="file.encoding" value="UTF-8"/>
    <property name="java.vm.name" value="Java HotSpot(TM) 64-Bit Server VM"/>
    <property name="localRepository" value="C:\Users\ASUS\.m2\repository"/>
    <property name="java.vendor.url.bug" value="https://bugreport.java.com/bugreport/"/>
    <property name="java.io.tmpdir" value="C:\Users\ASUS\AppData\Local\Temp\"/>
    <property name="java.version" value="20"/>
    <property name="user.dir" value="D:\Intelij\restapiMiniproject Elisa"/>
    <property name="os.arch" value="amd64"/>
    <property name="java.vm.specification.name" value="Java Virtual Machine Specification"/>
    <property name="sun.os.patch.level" value=""/>
    <property name="native.encoding" value="Cp1252"/>
    <property name="java.library.path" value="C:\Program Files\Java\jdk-20\bin;C:\Windows\Sun\Java\bin;C:\Windows\system32;C:\Windows;C:\Program Files\Common Files\Oracle\Java\javapath;C:\Program Files (x86)\Common Files\Oracle\Java\javapath;C:\Python311\Scripts\;C:\Python311\;C:\Program Files (x86)\Common Files\Intel\Shared Files\fortran\bin\Intel64;C:\Program Files (x86)\Common Files\Intel\Shared Libraries\redist\intel64_win\mpirt;C:\Program Files (x86)\Common Files\Intel\Shared Libraries\redist\intel64_win\compiler;C:\Windows\system32;C:\Windows;C:\Windows\System32\Wbem;C:\Windows\System32\WindowsPowerShell\v1.0\;C:\Windows\System32\OpenSSH\;C:\Program Files\Microsoft SQL Server\110\Tools\Binn\;C:\Program Files\Microsoft SQL Server\Client SDK\ODBC\110\Tools\Binn\;C:\Program Files (x86)\Microsoft SQL Server\120\Tools\Binn\;C:\Program Files\Microsoft SQL Server\120\Tools\Binn\;C:\Program Files\Microsoft SQL Server\120\DTS\Binn\;C:\Program Files (x86)\Windows Kits\8.1\Windows Performance Toolkit\;C:\Program Files\Git\cmd;C:\Program Files\apache-maven-3.9.1\bin;C:\Program Files\WebDriver;C:\Program Files\nodejs\;C:\Program Files\Java\jre-1.8\bin;C:\Users\ASUS\AppData\Local\Android\Sdk\cmdline-tools\latest\bin;C:\Users\ASUS\AppData\Local\Android\Sdk\build-tools;C:\Users\ASUS\AppData\Local\Android\Sdk\platform-tools;C:\Users\ASUS\AppData\Local\Android\Sdk\platforms;C:\Users\ASUS\AppData\Local\Android\Sdk;C:\Program Files\Java\jdk-20\bin;C:\Users\ASUS\AppData\Local\Microsoft\WindowsApps;C:\Users\ASUS\AppData\Local\atom\bin;C:\Users\ASUS\AppData\Local\GitHubDesktop\bin;C:\Program Files\JetBrains\IntelliJ IDEA Community Edition 2022.3.2\bin;;C:\Users\ASUS\AppData\Roaming\npm;."/>
    <property name="java.vm.info" value="mixed mode"/>
    <property name="stderr.encoding" value="Cp1252"/>
    <property name="java.vendor" value="Oracle Corporation"/>
    <property name="java.vm.version" value="20+36-2344"/>
    <property name="sun.io.unicode.encoding" value="UnicodeLittle"/>
    <property name="java.class.version" value="64.0"/>
  </properties>
  <testcase name="POST LOGIN  success to login with valid data" classname="User able to see Home Page" time="9.497">
    <system-out><![CDATA[23:01:25.229 [main] DEBUG net.thucydides.core.guice.Injectors -- Created injector for module net.thucydides.core.guice.ThucydidesModule
23:01:25.834 [main] DEBUG io.cucumber.core.plugin.SerenityReporter -- Running feature from file:///D:/Intelij/restapiMiniproject%20Elisa/src/test/resources/features/Authentication.feature
23:01:26.161 [main] DEBUG net.thucydides.core.guice.Injectors -- Created injector for module net.thucydides.core.guice.webdriver.WebDriverModule
23:01:26.200 [main] INFO  -- 

-------------------------------------------------------------------------------------
     _______. _______ .______       _______ .__   __.  __  .___________.____    ____ 
    /       ||   ____||   _  \     |   ____||  \ |  | |  | |           |\   \  /   / 
   |   (----`|  |__   |  |_)  |    |  |__   |   \|  | |  | `---|  |----` \   \/   /  
    \   \    |   __|  |      /     |   __|  |  . `  | |  |     |  |       \_    _/   
.----)   |   |  |____ |  |\  \----.|  |____ |  |\   | |  |     |  |         |  |     
|_______/    |_______|| _| `._____||_______||__| \__| |__|     |__|         |__|    
                                                                                     
 News and tutorials at http://www.serenity-bdd.info                                  
 Documentation at https://wakaleo.gitbooks.io/the-serenity-book/content/             
 Join the Serenity Community on Gitter: https://gitter.im/serenity-bdd/serenity-core 
 Serenity BDD Support and Training at http://serenity-bdd.info/#/trainingandsupport  
-------------------------------------------------------------------------------------

23:01:26.204 [main] DEBUG net.thucydides.core.steps.StepEventBus -- Test suite started for story net.thucydides.core.model.Story@935d605e
23:01:26.206 [main] INFO  -- Test Suite Started: User able to see Home Page
23:01:26.236 [main] DEBUG io.cucumber.core.plugin.SerenityReporter -- Running feature from file:///D:/Intelij/restapiMiniproject%20Elisa/src/test/resources/features/Hello.feature
23:01:26.245 [main] DEBUG net.thucydides.core.steps.StepEventBus -- Test suite started for story net.thucydides.core.model.Story@2f14db90
23:01:26.246 [main] INFO  -- Test Suite Started: As user I want to test index page hello
23:01:26.247 [main] DEBUG io.cucumber.core.plugin.SerenityReporter -- Running feature from file:///D:/Intelij/restapiMiniproject%20Elisa/src/test/resources/features/Orders.feature
23:01:26.254 [main] DEBUG net.thucydides.core.steps.StepEventBus -- Test suite started for story net.thucydides.core.model.Story@da1b7be6
23:01:26.255 [main] INFO  -- Test Suite Started: As user i want to test order on website
23:01:26.256 [main] DEBUG io.cucumber.core.plugin.SerenityReporter -- Running feature from file:///D:/Intelij/restapiMiniproject%20Elisa/src/test/resources/features/ProdCate.feature
23:01:26.269 [main] DEBUG net.thucydides.core.steps.StepEventBus -- Test suite started for story net.thucydides.core.model.Story@59a8abd2
23:01:26.270 [main] INFO  -- Test Suite Started: Product Category
23:01:26.270 [main] DEBUG io.cucumber.core.plugin.SerenityReporter -- Running feature from file:///D:/Intelij/restapiMiniproject%20Elisa/src/test/resources/features/Product.feature
23:01:26.283 [main] DEBUG net.thucydides.core.steps.StepEventBus -- Test suite started for story net.thucydides.core.model.Story@35ffe80f
23:01:26.283 [main] INFO  -- Test Suite Started: Product Data
23:01:26.284 [main] DEBUG io.cucumber.core.plugin.SerenityReporter -- Running feature from file:///D:/Intelij/restapiMiniproject%20Elisa/src/test/resources/features/Authentication.feature
23:01:26.293 [main] DEBUG net.thucydides.core.steps.StepEventBus -- Test suite started for story net.thucydides.core.model.Story@935d605e
23:01:26.293 [main] INFO  -- Test Suite Started: User able to see Home Page

@Login
Scenario: POST LOGIN  success to login with valid data &amp#27;[90m# src/test/resources/features/Authentication.feature:4&amp#27;[0m
23:01:26.571 [main] DEBUG io.cucumber.core.plugin.SerenityReporter -- Running feature from file:///D:/Intelij/restapiMiniproject%20Elisa/src/test/resources/features/Authentication.feature
23:01:26.955 [main] INFO  -- 
  _____   ___   ___   _____     ___   _____     _     ___   _____   ___   ___  
 |_   _| | __| / __| |_   _|   / __| |_   _|   /_\   | _ \ |_   _| | __| |   \ 
   | |   | _|  \__ \   | |     \__ \   | |    / _ \  |   /   | |   | _|  | |) |
   |_|   |___| |___/   |_|     |___/   |_|   /_/ \_\ |_|_\   |_|   |___| |___/ 

POST LOGIN  success to login with valid data(user-able-to-see-home-page;post-login--success-to-login-with-valid-data)
--------------------------------------------------------------------------------
23:01:27.101 [main] DEBUG net.thucydides.core.requirements.model.cucumber.CucumberParser -- Loading feature D:\Intelij\restapiMiniproject Elisa\src\test\resources\features\Authentication.feature
23:01:27.163 [main] DEBUG net.thucydides.core.requirements.model.cucumber.CucumberParser -- Loading feature D:\Intelij\restapiMiniproject Elisa\src\test\resources\features\Hello.feature
23:01:27.180 [main] DEBUG net.thucydides.core.requirements.model.cucumber.CucumberParser -- Loading feature D:\Intelij\restapiMiniproject Elisa\src\test\resources\features\Orders.feature
23:01:27.199 [main] DEBUG net.thucydides.core.requirements.model.cucumber.CucumberParser -- Loading feature D:\Intelij\restapiMiniproject Elisa\src\test\resources\features\ProdCate.feature
23:01:27.216 [main] DEBUG net.thucydides.core.requirements.model.cucumber.CucumberParser -- Loading feature D:\Intelij\restapiMiniproject Elisa\src\test\resources\features\Product.feature
23:01:28.597 [main] DEBUG net.thucydides.core.steps.StepInterceptor -- STARTING STEP: UserSteps.userSetEndpointForLogin - endpointLogin
23:01:28.604 [main] DEBUG net.thucydides.core.steps.StepInterceptor -- STEP DONE: endpointLogin
  &amp#27;[32mGiven &amp#27;[0m&amp#27;[32mI set endpoint for login&amp#27;[0m                       &amp#27;[90m# starter.stepdefinitions.UserSteps.userSetEndpointForLogin()&amp#27;[0m
23:01:28.633 [main] DEBUG net.thucydides.core.steps.StepInterceptor -- STARTING STEP: UserSteps.userSendPOSTHTTPRequestWithValidData - postHTTPRequestValidData
23:01:32.296 [main] DEBUG net.thucydides.core.steps.StepInterceptor -- STARTING STEP: AuthenLogin.postHTTPRequestValidData - endpointLogin
23:01:32.297 [main] DEBUG net.thucydides.core.steps.StepInterceptor -- STEP DONE: endpointLogin
23:01:33.973 [main] DEBUG org.apache.http.impl.conn.BasicClientConnectionManager -- Get connection for route {s}->https://altashop-api.fly.dev:443
23:01:34.017 [main] DEBUG org.apache.http.impl.conn.DefaultClientConnectionOperator -- Connecting to altashop-api.fly.dev:443
23:01:34.970 [main] DEBUG org.apache.http.client.protocol.RequestAddCookies -- CookieSpec selected: ignoreCookies
23:01:34.975 [main] DEBUG org.apache.http.client.protocol.RequestAuthCache -- Auth cache not set in the context
23:01:34.975 [main] DEBUG org.apache.http.client.protocol.RequestTargetAuthentication -- Target auth state: UNCHALLENGED
23:01:34.976 [main] DEBUG org.apache.http.client.protocol.RequestProxyAuthentication -- Proxy auth state: UNCHALLENGED
23:01:34.977 [main] DEBUG org.apache.http.impl.client.DefaultHttpClient -- Attempt 1 to execute request
23:01:34.977 [main] DEBUG org.apache.http.impl.conn.DefaultClientConnection -- Sending request: POST /api/auth/login HTTP/1.1
23:01:34.978 [main] DEBUG org.apache.http.wire --  >> "POST /api/auth/login HTTP/1.1[\r][\n]"
23:01:34.979 [main] DEBUG org.apache.http.wire --  >> "Accept: */*[\r][\n]"
23:01:34.979 [main] DEBUG org.apache.http.wire --  >> "Content-Type: application/json[\r][\n]"
23:01:34.980 [main] DEBUG org.apache.http.wire --  >> "Content-Length: 48[\r][\n]"
23:01:34.981 [main] DEBUG org.apache.http.wire --  >> "Host: altashop-api.fly.dev[\r][\n]"
23:01:34.981 [main] DEBUG org.apache.http.wire --  >> "Connection: Keep-Alive[\r][\n]"
23:01:34.981 [main] DEBUG org.apache.http.wire --  >> "User-Agent: Apache-HttpClient/4.5.13 (Java/20)[\r][\n]"
23:01:34.981 [main] DEBUG org.apache.http.wire --  >> "Accept-Encoding: gzip,deflate[\r][\n]"
23:01:34.981 [main] DEBUG org.apache.http.wire --  >> "[\r][\n]"
23:01:34.982 [main] DEBUG org.apache.http.headers -- >> POST /api/auth/login HTTP/1.1
23:01:34.982 [main] DEBUG org.apache.http.headers -- >> Accept: */*
23:01:34.982 [main] DEBUG org.apache.http.headers -- >> Content-Type: application/json
23:01:34.983 [main] DEBUG org.apache.http.headers -- >> Content-Length: 48
23:01:34.983 [main] DEBUG org.apache.http.headers -- >> Host: altashop-api.fly.dev
23:01:34.983 [main] DEBUG org.apache.http.headers -- >> Connection: Keep-Alive
23:01:34.984 [main] DEBUG org.apache.http.headers -- >> User-Agent: Apache-HttpClient/4.5.13 (Java/20)
23:01:34.984 [main] DEBUG org.apache.http.headers -- >> Accept-Encoding: gzip,deflate
23:01:34.985 [main] DEBUG org.apache.http.wire --  >> "{"password":"123123","email":"someone@mail.com"}"
23:01:35.066 [main] DEBUG org.apache.http.wire --  << "HTTP/1.1 200 OK[\r][\n]"
23:01:35.069 [main] DEBUG org.apache.http.wire --  << "content-type: application/json[\r][\n]"
23:01:35.069 [main] DEBUG org.apache.http.wire --  << "date: Sat, 06 May 2023 16:01:35 GMT[\r][\n]"
23:01:35.069 [main] DEBUG org.apache.http.wire --  << "content-encoding: gzip[\r][\n]"
23:01:35.069 [main] DEBUG org.apache.http.wire --  << "transfer-encoding: chunked[\r][\n]"
23:01:35.070 [main] DEBUG org.apache.http.wire --  << "server: Fly/3f2597ca (2023-05-03)[\r][\n]"
23:01:35.070 [main] DEBUG org.apache.http.wire --  << "via: 1.1 fly.io[\r][\n]"
23:01:35.070 [main] DEBUG org.apache.http.wire --  << "fly-request-id: 01GZRWR3SJMAE7KAWXVD3DE4P6-sin[\r][\n]"
23:01:35.070 [main] DEBUG org.apache.http.wire --  << "[\r][\n]"
23:01:35.071 [main] DEBUG org.apache.http.impl.conn.DefaultClientConnection -- Receiving response: HTTP/1.1 200 OK
23:01:35.072 [main] DEBUG org.apache.http.headers -- << HTTP/1.1 200 OK
23:01:35.072 [main] DEBUG org.apache.http.headers -- << content-type: application/json
23:01:35.072 [main] DEBUG org.apache.http.headers -- << date: Sat, 06 May 2023 16:01:35 GMT
23:01:35.072 [main] DEBUG org.apache.http.headers -- << content-encoding: gzip
23:01:35.072 [main] DEBUG org.apache.http.headers -- << transfer-encoding: chunked
23:01:35.072 [main] DEBUG org.apache.http.headers -- << server: Fly/3f2597ca (2023-05-03)
23:01:35.072 [main] DEBUG org.apache.http.headers -- << via: 1.1 fly.io
23:01:35.072 [main] DEBUG org.apache.http.headers -- << fly-request-id: 01GZRWR3SJMAE7KAWXVD3DE4P6-sin
23:01:35.089 [main] DEBUG org.apache.http.impl.client.DefaultHttpClient -- Connection can be kept alive indefinitely
23:01:35.111 [main] DEBUG io.restassured.internal.RestAssuredHttpBuilder -- Parsing response as: application/json
23:01:35.113 [main] DEBUG org.apache.http.wire --  << "AC[\r][\n]"
23:01:35.114 [main] DEBUG org.apache.http.wire --  << "[0x1f][0x8b][0x8][0x0][0x0][0x0][0x0][0x0][0x4][0xff][0xab]VJI,IT[0xb2]RJ[0xad][0xf4][0xca]HrO[0xce][0xf4][0xcf][0xf4][0xf2][0xc][0xad][0xf2]4[0xf4][0xcb][0xf4],[0xf6][0xcc][0xb]2Mv[0xf6]4[0xf3][0xcc].[0x88][0x8]s[0xf6][0xb2][0xd4]K[0xad][0xf4]rO[0x9][0xaf](N[0xca]u+[0x89][\n]"
23:01:35.114 [main] DEBUG org.apache.http.wire --  << "[0x6]K[0x94]%[0xba][0x9b][0xa4][0x7][0xb9][[0xe6]xf[0x96]g[0x6][0x85][0x1b]f$[0x86][0x97][0x83][0xc][0xa9]J22[0xcc]I22[0xcd][0x9]t[0x7][0x8b][0x95]F[0x1a]Y[0x96]x[0xe6][0x19][0xe8][0x85][0x97]9[0x5]W$[0x7][0xba][0x16][0x16][0xe6]e:[0x1b][0x96][0x19]X[0xf8]Te[0x17]y$[0xbb][0xfa][0xa4][0xa6][0x17][0x1b]$[0x99][0x97][0x95]d[0xb9][0x7][0x84]g&[0xba][0x86]'{*[0xd5]r[0x1][0x0]?[0x99][0xcf]j[0xa0][0x0][0x0][0x0]"
23:01:35.115 [main] DEBUG org.apache.http.wire --  << "[\r][\n]"
23:01:35.116 [main] DEBUG org.apache.http.wire --  << "0[\r][\n]"
23:01:35.117 [main] DEBUG org.apache.http.wire --  << "[\r][\n]"
23:01:35.118 [main] DEBUG io.restassured.internal.RestAssuredHttpBuilder -- Parsed data to instance of: class org.apache.http.conn.EofSensorInputStream
23:01:35.229 [main] DEBUG org.apache.http.impl.conn.BasicClientConnectionManager -- Releasing connection org.apache.http.impl.conn.ManagedClientConnectionImpl@2820b369
23:01:35.229 [main] DEBUG org.apache.http.impl.conn.BasicClientConnectionManager -- Connection can be kept alive indefinitely
23:01:35.241 [main] DEBUG net.thucydides.core.steps.StepInterceptor -- STEP DONE: postHTTPRequestValidData
  &amp#27;[32mWhen &amp#27;[0m&amp#27;[32mIam send POST HTTP request for valid data&amp#27;[0m       &amp#27;[90m# starter.stepdefinitions.UserSteps.userSendPOSTHTTPRequestWithValidData()&amp#27;[0m
23:01:35.258 [main] DEBUG net.thucydides.core.steps.StepInterceptor -- STARTING STEP: UserSteps.userSeeStatusCode - statusCodeLoginValid
23:01:35.326 [main] DEBUG net.thucydides.core.steps.StepInterceptor -- STEP DONE: statusCodeLoginValid
  &amp#27;[32mThen &amp#27;[0m&amp#27;[32mseeing status code 200&amp#27;[0m                          &amp#27;[90m# starter.stepdefinitions.UserSteps.userSeeStatusCode()&amp#27;[0m
23:01:35.347 [main] DEBUG net.thucydides.core.steps.StepInterceptor -- STARTING STEP: UserSteps.getValidData - getValidData
23:01:35.760 [main] DEBUG net.thucydides.core.steps.StepInterceptor -- STEP DONE: getValidData
  &amp#27;[32mAnd &amp#27;[0m&amp#27;[32mget validation data and token&amp#27;[0m                    &amp#27;[90m# starter.stepdefinitions.UserSteps.getValidData()&amp#27;[0m
23:01:35.782 [main] INFO  -- 
  _____   ___   ___   _____     ___     _     ___   ___   ___   ___  
 |_   _| | __| / __| |_   _|   | _ \   /_\   / __| / __| | __| |   \ 
   | |   | _|  \__ \   | |     |  _/  / _ \  \__ \ \__ \ | _|  | |) |
   |_|   |___| |___/   |_|     |_|   /_/ \_\ |___/ |___/ |___| |___/ 

POST LOGIN  success to login with valid data
----------------------------------------------------------------------
]]></system-out>
  </testcase>
  <testcase name="POST LOGIN should failed to login with invalid data" classname="User able to see Home Page" time="2.013">
    <system-out><![CDATA[
@Login
Scenario: POST LOGIN should failed to login with invalid data &amp#27;[90m# src/test/resources/features/Authentication.feature:10&amp#27;[0m
23:01:35.852 [main] DEBUG io.cucumber.core.plugin.SerenityReporter -- Running feature from file:///D:/Intelij/restapiMiniproject%20Elisa/src/test/resources/features/Authentication.feature
23:01:35.862 [main] INFO  -- 
  _____   ___   ___   _____     ___   _____     _     ___   _____   ___   ___  
 |_   _| | __| / __| |_   _|   / __| |_   _|   /_\   | _ \ |_   _| | __| |   \ 
   | |   | _|  \__ \   | |     \__ \   | |    / _ \  |   /   | |   | _|  | |) |
   |_|   |___| |___/   |_|     |___/   |_|   /_/ \_\ |_|_\   |_|   |___| |___/ 

POST LOGIN should failed to login with invalid data(user-able-to-see-home-page;post-login-should-failed-to-login-with-invalid-data)
--------------------------------------------------------------------------------
23:01:36.001 [main] DEBUG net.thucydides.core.steps.StepInterceptor -- STARTING STEP: UserSteps.userSetEndpointForLogin - endpointLogin
23:01:36.002 [main] DEBUG net.thucydides.core.steps.StepInterceptor -- STEP DONE: endpointLogin
  &amp#27;[32mGiven &amp#27;[0m&amp#27;[32mI set endpoint for login&amp#27;[0m                              &amp#27;[90m# starter.stepdefinitions.UserSteps.userSetEndpointForLogin()&amp#27;[0m
23:01:36.014 [main] DEBUG net.thucydides.core.steps.StepInterceptor -- STARTING STEP: UserSteps.userSendPOSTHTTPRequestWithInvalidData - postRequestInvalidData
23:01:36.021 [main] DEBUG net.thucydides.core.steps.StepInterceptor -- STARTING STEP: AuthenLogin.postRequestInvalidData - endpointLogin
23:01:36.022 [main] DEBUG net.thucydides.core.steps.StepInterceptor -- STEP DONE: endpointLogin
23:01:36.075 [main] DEBUG org.apache.http.impl.conn.BasicClientConnectionManager -- Get connection for route {s}->https://altashop-api.fly.dev:443
23:01:36.075 [main] DEBUG org.apache.http.impl.conn.DefaultClientConnectionOperator -- Connecting to altashop-api.fly.dev:443
23:01:36.318 [main] DEBUG org.apache.http.client.protocol.RequestAddCookies -- CookieSpec selected: ignoreCookies
23:01:36.318 [main] DEBUG org.apache.http.client.protocol.RequestAuthCache -- Auth cache not set in the context
23:01:36.319 [main] DEBUG org.apache.http.client.protocol.RequestTargetAuthentication -- Target auth state: UNCHALLENGED
23:01:36.319 [main] DEBUG org.apache.http.client.protocol.RequestProxyAuthentication -- Proxy auth state: UNCHALLENGED
23:01:36.319 [main] DEBUG org.apache.http.impl.client.DefaultHttpClient -- Attempt 1 to execute request
23:01:36.319 [main] DEBUG org.apache.http.impl.conn.DefaultClientConnection -- Sending request: POST /api/auth/login HTTP/1.1
23:01:36.319 [main] DEBUG org.apache.http.wire --  >> "POST /api/auth/login HTTP/1.1[\r][\n]"
23:01:36.319 [main] DEBUG org.apache.http.wire --  >> "Accept: */*[\r][\n]"
23:01:36.319 [main] DEBUG org.apache.http.wire --  >> "Content-Type: application/json[\r][\n]"
23:01:36.319 [main] DEBUG org.apache.http.wire --  >> "Content-Length: 49[\r][\n]"
23:01:36.319 [main] DEBUG org.apache.http.wire --  >> "Host: altashop-api.fly.dev[\r][\n]"
23:01:36.319 [main] DEBUG org.apache.http.wire --  >> "Connection: Keep-Alive[\r][\n]"
23:01:36.320 [main] DEBUG org.apache.http.wire --  >> "User-Agent: Apache-HttpClient/4.5.13 (Java/20)[\r][\n]"
23:01:36.320 [main] DEBUG org.apache.http.wire --  >> "Accept-Encoding: gzip,deflate[\r][\n]"
23:01:36.320 [main] DEBUG org.apache.http.wire --  >> "[\r][\n]"
23:01:36.320 [main] DEBUG org.apache.http.headers -- >> POST /api/auth/login HTTP/1.1
23:01:36.320 [main] DEBUG org.apache.http.headers -- >> Accept: */*
23:01:36.320 [main] DEBUG org.apache.http.headers -- >> Content-Type: application/json
23:01:36.320 [main] DEBUG org.apache.http.headers -- >> Content-Length: 49
23:01:36.320 [main] DEBUG org.apache.http.headers -- >> Host: altashop-api.fly.dev
23:01:36.320 [main] DEBUG org.apache.http.headers -- >> Connection: Keep-Alive
23:01:36.320 [main] DEBUG org.apache.http.headers -- >> User-Agent: Apache-HttpClient/4.5.13 (Java/20)
23:01:36.320 [main] DEBUG org.apache.http.headers -- >> Accept-Encoding: gzip,deflate
23:01:36.320 [main] DEBUG org.apache.http.wire --  >> "{"password":"SALAHYA","email":"someone@mail.com"}"
23:01:36.395 [main] DEBUG org.apache.http.wire --  << "HTTP/1.1 400 Bad Request[\r][\n]"
23:01:36.396 [main] DEBUG org.apache.http.wire --  << "content-type: application/json[\r][\n]"
23:01:36.396 [main] DEBUG org.apache.http.wire --  << "date: Sat, 06 May 2023 16:01:36 GMT[\r][\n]"
23:01:36.396 [main] DEBUG org.apache.http.wire --  << "content-encoding: gzip[\r][\n]"
23:01:36.396 [main] DEBUG org.apache.http.wire --  << "transfer-encoding: chunked[\r][\n]"
23:01:36.397 [main] DEBUG org.apache.http.wire --  << "server: Fly/3f2597ca (2023-05-03)[\r][\n]"
23:01:36.397 [main] DEBUG org.apache.http.wire --  << "via: 1.1 fly.io[\r][\n]"
23:01:36.397 [main] DEBUG org.apache.http.wire --  << "fly-request-id: 01GZRWR53107QM3XMH1J083BQ4-sin[\r][\n]"
23:01:36.397 [main] DEBUG org.apache.http.wire --  << "[\r][\n]"
23:01:36.397 [main] DEBUG org.apache.http.impl.conn.DefaultClientConnection -- Receiving response: HTTP/1.1 400 Bad Request
23:01:36.398 [main] DEBUG org.apache.http.headers -- << HTTP/1.1 400 Bad Request
23:01:36.398 [main] DEBUG org.apache.http.headers -- << content-type: application/json
23:01:36.398 [main] DEBUG org.apache.http.headers -- << date: Sat, 06 May 2023 16:01:36 GMT
23:01:36.398 [main] DEBUG org.apache.http.headers -- << content-encoding: gzip
23:01:36.398 [main] DEBUG org.apache.http.headers -- << transfer-encoding: chunked
23:01:36.398 [main] DEBUG org.apache.http.headers -- << server: Fly/3f2597ca (2023-05-03)
23:01:36.398 [main] DEBUG org.apache.http.headers -- << via: 1.1 fly.io
23:01:36.398 [main] DEBUG org.apache.http.headers -- << fly-request-id: 01GZRWR53107QM3XMH1J083BQ4-sin
23:01:36.399 [main] DEBUG org.apache.http.impl.client.DefaultHttpClient -- Connection can be kept alive indefinitely
23:01:36.399 [main] DEBUG io.restassured.internal.RestAssuredHttpBuilder -- Parsing response as: application/json
23:01:36.399 [main] DEBUG org.apache.http.wire --  << "3D[\r][\n]"
23:01:36.399 [main] DEBUG org.apache.http.wire --  << "[0x1f][0x8b][0x8][0x0][0x0][0x0][0x0][0x0][0x4][0xff][0xab]VJ-*[0xca]/R[0xb2]RJ[0xcd]M[0xcc][0xcc]Q[0xc8]/R(H,..[0xcf]/JQ[0xc8],V[0xc8][0xcc]+K[0xcc][0xc9]LQ[0xaa][0xe5][0x2][0x0][0xc0][0xad][0xff][0xb])[0x0][0x0][0x0]"
23:01:36.400 [main] DEBUG org.apache.http.wire --  << "[\r][\n]"
23:01:36.401 [main] DEBUG org.apache.http.wire --  << "0[\r][\n]"
23:01:36.401 [main] DEBUG org.apache.http.wire --  << "[\r][\n]"
23:01:36.401 [main] DEBUG io.restassured.internal.RestAssuredHttpBuilder -- Parsed data to instance of: class org.apache.http.conn.EofSensorInputStream
23:01:36.406 [main] DEBUG org.apache.http.impl.conn.BasicClientConnectionManager -- Releasing connection org.apache.http.impl.conn.ManagedClientConnectionImpl@56f61d74
23:01:36.406 [main] DEBUG org.apache.http.impl.conn.BasicClientConnectionManager -- Connection can be kept alive indefinitely
23:01:36.408 [main] DEBUG net.thucydides.core.steps.StepInterceptor -- STEP DONE: postRequestInvalidData
  &amp#27;[32mWhen &amp#27;[0m&amp#27;[32mIam send POST HTTP request for invalid data&amp#27;[0m            &amp#27;[90m# starter.stepdefinitions.UserSteps.userSendPOSTHTTPRequestWithInvalidData()&amp#27;[0m
23:01:36.425 [main] DEBUG net.thucydides.core.steps.StepInterceptor -- STARTING STEP: UserSteps.userSeeStatusCode400 - user see status code 400
23:01:36.428 [main] DEBUG net.thucydides.core.steps.StepInterceptor -- STEP DONE: user see status code 400
  &amp#27;[32mThen &amp#27;[0m&amp#27;[32mget the status code 400&amp#27;[0m                                &amp#27;[90m# starter.stepdefinitions.UserSteps.userSeeStatusCode400()&amp#27;[0m
23:01:36.438 [main] DEBUG net.thucydides.core.steps.StepInterceptor -- STARTING STEP: UserSteps.userGetErrorMessage - getErrorMessage
23:01:37.805 [main] DEBUG net.thucydides.core.steps.StepInterceptor -- STEP DONE: getErrorMessage
  &amp#27;[32mAnd &amp#27;[0m&amp#27;[32mget error message for failed login&amp#27;[0m                      &amp#27;[90m# starter.stepdefinitions.UserSteps.userGetErrorMessage()&amp#27;[0m
23:01:37.812 [main] INFO  -- 
  _____   ___   ___   _____     ___     _     ___   ___   ___   ___  
 |_   _| | __| / __| |_   _|   | _ \   /_\   / __| / __| | __| |   \ 
   | |   | _|  \__ \   | |     |  _/  / _ \  \__ \ \__ \ | _|  | |) |
   |_|   |___| |___/   |_|     |_|   /_/ \_\ |___/ |___/ |___| |___/ 

POST LOGIN should failed to login with invalid data
----------------------------------------------------------------------
]]></system-out>
  </testcase>
  <testcase name="POST REGISTER success to create account with valid input" classname="User able to see Home Page" time="1.192">
    <system-out><![CDATA[
@Login @Register
Scenario: POST REGISTER success to create account with valid input &amp#27;[90m# src/test/resources/features/Authentication.feature:18&amp#27;[0m
23:01:37.881 [main] DEBUG io.cucumber.core.plugin.SerenityReporter -- Running feature from file:///D:/Intelij/restapiMiniproject%20Elisa/src/test/resources/features/Authentication.feature
23:01:37.892 [main] INFO  -- 
  _____   ___   ___   _____     ___   _____     _     ___   _____   ___   ___  
 |_   _| | __| / __| |_   _|   / __| |_   _|   /_\   | _ \ |_   _| | __| |   \ 
   | |   | _|  \__ \   | |     \__ \   | |    / _ \  |   /   | |   | _|  | |) |
   |_|   |___| |___/   |_|     |___/   |_|   /_/ \_\ |_|_\   |_|   |___| |___/ 

POST REGISTER success to create account with valid input(user-able-to-see-home-page;post-register-success-to-create-account-with-valid-input)
--------------------------------------------------------------------------------
23:01:37.941 [main] DEBUG net.thucydides.core.steps.StepInterceptor -- STARTING STEP: UserSteps.userSetEndpointForRegister - endpointRegister
23:01:37.943 [main] DEBUG net.thucydides.core.steps.StepInterceptor -- STEP DONE: endpointRegister
  &amp#27;[32mGiven &amp#27;[0m&amp#27;[32mIam set endpoint for register&amp#27;[0m                              &amp#27;[90m# starter.stepdefinitions.UserSteps.userSetEndpointForRegister()&amp#27;[0m
23:01:37.953 [main] DEBUG net.thucydides.core.steps.StepInterceptor -- STARTING STEP: UserSteps.userSendCreateAccountWithValidData - createRegisterVALID
23:01:38.593 [main] DEBUG net.thucydides.core.steps.StepInterceptor -- STARTING STEP: AuthenRegist.createRegisterVALID - endpointRegister
23:01:38.594 [main] DEBUG net.thucydides.core.steps.StepInterceptor -- STEP DONE: endpointRegister
23:01:38.667 [main] DEBUG org.apache.http.impl.conn.BasicClientConnectionManager -- Get connection for route {s}->https://altashop-api.fly.dev:443
23:01:38.667 [main] DEBUG org.apache.http.impl.conn.DefaultClientConnectionOperator -- Connecting to altashop-api.fly.dev:443
23:01:38.873 [main] DEBUG org.apache.http.client.protocol.RequestAddCookies -- CookieSpec selected: ignoreCookies
23:01:38.874 [main] DEBUG org.apache.http.client.protocol.RequestAuthCache -- Auth cache not set in the context
23:01:38.874 [main] DEBUG org.apache.http.client.protocol.RequestTargetAuthentication -- Target auth state: UNCHALLENGED
23:01:38.874 [main] DEBUG org.apache.http.client.protocol.RequestProxyAuthentication -- Proxy auth state: UNCHALLENGED
23:01:38.874 [main] DEBUG org.apache.http.impl.client.DefaultHttpClient -- Attempt 1 to execute request
23:01:38.874 [main] DEBUG org.apache.http.impl.conn.DefaultClientConnection -- Sending request: POST /api/auth/register HTTP/1.1
23:01:38.875 [main] DEBUG org.apache.http.wire --  >> "POST /api/auth/register HTTP/1.1[\r][\n]"
23:01:38.875 [main] DEBUG org.apache.http.wire --  >> "Accept: */*[\r][\n]"
23:01:38.875 [main] DEBUG org.apache.http.wire --  >> "Content-Type: application/json[\r][\n]"
23:01:38.875 [main] DEBUG org.apache.http.wire --  >> "Content-Length: 86[\r][\n]"
23:01:38.875 [main] DEBUG org.apache.http.wire --  >> "Host: altashop-api.fly.dev[\r][\n]"
23:01:38.876 [main] DEBUG org.apache.http.wire --  >> "Connection: Keep-Alive[\r][\n]"
23:01:38.876 [main] DEBUG org.apache.http.wire --  >> "User-Agent: Apache-HttpClient/4.5.13 (Java/20)[\r][\n]"
23:01:38.876 [main] DEBUG org.apache.http.wire --  >> "Accept-Encoding: gzip,deflate[\r][\n]"
23:01:38.876 [main] DEBUG org.apache.http.wire --  >> "[\r][\n]"
23:01:38.876 [main] DEBUG org.apache.http.headers -- >> POST /api/auth/register HTTP/1.1
23:01:38.876 [main] DEBUG org.apache.http.headers -- >> Accept: */*
23:01:38.876 [main] DEBUG org.apache.http.headers -- >> Content-Type: application/json
23:01:38.876 [main] DEBUG org.apache.http.headers -- >> Content-Length: 86
23:01:38.877 [main] DEBUG org.apache.http.headers -- >> Host: altashop-api.fly.dev
23:01:38.877 [main] DEBUG org.apache.http.headers -- >> Connection: Keep-Alive
23:01:38.877 [main] DEBUG org.apache.http.headers -- >> User-Agent: Apache-HttpClient/4.5.13 (Java/20)
23:01:38.877 [main] DEBUG org.apache.http.headers -- >> Accept-Encoding: gzip,deflate
23:01:38.877 [main] DEBUG org.apache.http.wire --  >> "{"password":"elisandra1","fullname":"Elisandra","email":"norberto.prohaska@gmail.com"}"
23:01:38.960 [main] DEBUG org.apache.http.wire --  << "HTTP/1.1 200 OK[\r][\n]"
23:01:38.961 [main] DEBUG org.apache.http.wire --  << "content-type: application/json[\r][\n]"
23:01:38.962 [main] DEBUG org.apache.http.wire --  << "date: Sat, 06 May 2023 16:01:38 GMT[\r][\n]"
23:01:38.962 [main] DEBUG org.apache.http.wire --  << "content-encoding: gzip[\r][\n]"
23:01:38.962 [main] DEBUG org.apache.http.wire --  << "transfer-encoding: chunked[\r][\n]"
23:01:38.962 [main] DEBUG org.apache.http.wire --  << "server: Fly/3f2597ca (2023-05-03)[\r][\n]"
23:01:38.962 [main] DEBUG org.apache.http.wire --  << "via: 1.1 fly.io[\r][\n]"
23:01:38.962 [main] DEBUG org.apache.http.wire --  << "fly-request-id: 01GZRWR7K82T3W309YTH9WZ6CR-sin[\r][\n]"
23:01:38.962 [main] DEBUG org.apache.http.wire --  << "[\r][\n]"
23:01:38.962 [main] DEBUG org.apache.http.impl.conn.DefaultClientConnection -- Receiving response: HTTP/1.1 200 OK
23:01:38.962 [main] DEBUG org.apache.http.headers -- << HTTP/1.1 200 OK
23:01:38.962 [main] DEBUG org.apache.http.headers -- << content-type: application/json
23:01:38.962 [main] DEBUG org.apache.http.headers -- << date: Sat, 06 May 2023 16:01:38 GMT
23:01:38.962 [main] DEBUG org.apache.http.headers -- << content-encoding: gzip
23:01:38.962 [main] DEBUG org.apache.http.headers -- << transfer-encoding: chunked
23:01:38.962 [main] DEBUG org.apache.http.headers -- << server: Fly/3f2597ca (2023-05-03)
23:01:38.962 [main] DEBUG org.apache.http.headers -- << via: 1.1 fly.io
23:01:38.962 [main] DEBUG org.apache.http.headers -- << fly-request-id: 01GZRWR7K82T3W309YTH9WZ6CR-sin
23:01:38.963 [main] DEBUG org.apache.http.impl.client.DefaultHttpClient -- Connection can be kept alive indefinitely
23:01:38.963 [main] DEBUG io.restassured.internal.RestAssuredHttpBuilder -- Parsing response as: application/json
23:01:38.963 [main] DEBUG org.apache.http.wire --  << "77[\r][\n]"
23:01:38.964 [main] DEBUG org.apache.http.wire --  << "[0x1f][0x8b][0x8][0x0][0x0][0x0][0x0][0x0][0x4][0xff][0xab]VJI,IT[0xb2][0xaa]V[0xf2]tQ[0xb2]2[0xb4]43[0xb5][0xd4]Qr+[0xcd][0xc9][0xc9]K[0xcc]MU[0xb2]Rr[0xcd][0xc9],N[0xcc]K)JT[0xd2]Qr[0xcd]M[0xcc][0xcc]Q[0xb2]R[0xca][0xcb]/JJ-*[0xc9][0xd7]+([0xca][0xcf]H,[0xce]NtH[0x7][0xc9][0xe8]%[0xe7][0xe7]*[0xe9]([0x5]$[0x16][0x17][0x97][0xe7][0x17][0xa5](Y)[0xa5][0xc2]4[0x1b]*[0xd5][0xd6]r[0x1][0x0][0x1b][0xbd].[0xdb]k[0x0][0x0][0x0]"
23:01:38.964 [main] DEBUG org.apache.http.wire --  << "[\r][\n]"
23:01:38.964 [main] DEBUG org.apache.http.wire --  << "0[\r][\n]"
23:01:38.964 [main] DEBUG org.apache.http.wire --  << "[\r][\n]"
23:01:38.964 [main] DEBUG io.restassured.internal.RestAssuredHttpBuilder -- Parsed data to instance of: class org.apache.http.conn.EofSensorInputStream
23:01:38.967 [main] DEBUG org.apache.http.impl.conn.BasicClientConnectionManager -- Releasing connection org.apache.http.impl.conn.ManagedClientConnectionImpl@6c54d0dc
23:01:38.968 [main] DEBUG org.apache.http.impl.conn.BasicClientConnectionManager -- Connection can be kept alive indefinitely
23:01:38.969 [main] DEBUG net.thucydides.core.steps.StepInterceptor -- STEP DONE: createRegisterVALID
  &amp#27;[32mWhen &amp#27;[0m&amp#27;[32mI send created account with valid data input&amp#27;[0m                &amp#27;[90m# starter.stepdefinitions.UserSteps.userSendCreateAccountWithValidData()&amp#27;[0m
23:01:38.980 [main] DEBUG net.thucydides.core.steps.StepInterceptor -- STARTING STEP: UserSteps.userSeeStatusCodeAfterSendRegister - statusCodeRegVALID
23:01:38.983 [main] DEBUG net.thucydides.core.steps.StepInterceptor -- STEP DONE: statusCodeRegVALID
  &amp#27;[32mThen &amp#27;[0m&amp#27;[32mget status code 200 after send register&amp#27;[0m                     &amp#27;[90m# starter.stepdefinitions.UserSteps.userSeeStatusCodeAfterSendRegister()&amp#27;[0m
23:01:38.991 [main] DEBUG net.thucydides.core.steps.StepInterceptor -- STARTING STEP: UserSteps.userSeeNewDetailAccount - newDetailAcc
23:01:38.997 [main] DEBUG net.thucydides.core.steps.StepInterceptor -- STEP DONE: newDetailAcc
  &amp#27;[32mAnd &amp#27;[0m&amp#27;[32mI see new detail account&amp#27;[0m                                     &amp#27;[90m# starter.stepdefinitions.UserSteps.userSeeNewDetailAccount()&amp#27;[0m
23:01:39.005 [main] INFO  -- 
  _____   ___   ___   _____     ___     _     ___   ___   ___   ___  
 |_   _| | __| / __| |_   _|   | _ \   /_\   / __| / __| | __| |   \ 
   | |   | _|  \__ \   | |     |  _/  / _ \  \__ \ \__ \ | _|  | |) |
   |_|   |___| |___/   |_|     |_|   /_/ \_\ |___/ |___/ |___| |___/ 

POST REGISTER success to create account with valid input
----------------------------------------------------------------------
]]></system-out>
  </testcase>
  <testcase name="POST REGISTER failed to create account with empty fullname" classname="User able to see Home Page" time="0.583">
    <system-out><![CDATA[
@Login @invalid-register
Scenario: POST REGISTER failed to create account with empty fullname &amp#27;[90m# src/test/resources/features/Authentication.feature:25&amp#27;[0m
23:01:39.023 [main] DEBUG io.cucumber.core.plugin.SerenityReporter -- Running feature from file:///D:/Intelij/restapiMiniproject%20Elisa/src/test/resources/features/Authentication.feature
23:01:39.029 [main] INFO  -- 
  _____   ___   ___   _____     ___   _____     _     ___   _____   ___   ___  
 |_   _| | __| / __| |_   _|   / __| |_   _|   /_\   | _ \ |_   _| | __| |   \ 
   | |   | _|  \__ \   | |     \__ \   | |    / _ \  |   /   | |   | _|  | |) |
   |_|   |___| |___/   |_|     |___/   |_|   /_/ \_\ |_|_\   |_|   |___| |___/ 

POST REGISTER failed to create account with empty fullname(user-able-to-see-home-page;post-register-failed-to-create-account-with-empty-fullname)
--------------------------------------------------------------------------------
23:01:39.081 [main] DEBUG net.thucydides.core.steps.StepInterceptor -- STARTING STEP: UserSteps.userSetEndpointForRegister - endpointRegister
23:01:39.081 [main] DEBUG net.thucydides.core.steps.StepInterceptor -- STEP DONE: endpointRegister
  &amp#27;[32mGiven &amp#27;[0m&amp#27;[32mIam set endpoint for register&amp#27;[0m                                &amp#27;[90m# starter.stepdefinitions.UserSteps.userSetEndpointForRegister()&amp#27;[0m
23:01:39.093 [main] DEBUG net.thucydides.core.steps.StepInterceptor -- STARTING STEP: UserSteps.userSendPOSTHTTPRequestWithEmptyPasswordDataRegister - requestRegisterINVALID
23:01:39.218 [main] DEBUG net.thucydides.core.steps.StepInterceptor -- STARTING STEP: AuthenRegist.requestRegisterINVALID - endpointRegister
23:01:39.220 [main] DEBUG net.thucydides.core.steps.StepInterceptor -- STEP DONE: endpointRegister
23:01:39.279 [main] DEBUG org.apache.http.impl.conn.BasicClientConnectionManager -- Get connection for route {s}->https://altashop-api.fly.dev:443
23:01:39.280 [main] DEBUG org.apache.http.impl.conn.DefaultClientConnectionOperator -- Connecting to altashop-api.fly.dev:443
23:01:39.315 [Finalizer] DEBUG org.apache.http.impl.conn.DefaultClientConnection -- Connection 0.0.0.0:60079<->149.248.193.56:443 closed
23:01:39.467 [main] DEBUG org.apache.http.client.protocol.RequestAddCookies -- CookieSpec selected: ignoreCookies
23:01:39.467 [main] DEBUG org.apache.http.client.protocol.RequestAuthCache -- Auth cache not set in the context
23:01:39.467 [main] DEBUG org.apache.http.client.protocol.RequestTargetAuthentication -- Target auth state: UNCHALLENGED
23:01:39.467 [main] DEBUG org.apache.http.client.protocol.RequestProxyAuthentication -- Proxy auth state: UNCHALLENGED
23:01:39.468 [main] DEBUG org.apache.http.impl.client.DefaultHttpClient -- Attempt 1 to execute request
23:01:39.468 [main] DEBUG org.apache.http.impl.conn.DefaultClientConnection -- Sending request: POST /api/auth/register HTTP/1.1
23:01:39.468 [main] DEBUG org.apache.http.wire --  >> "POST /api/auth/register HTTP/1.1[\r][\n]"
23:01:39.468 [main] DEBUG org.apache.http.wire --  >> "Accept: */*[\r][\n]"
23:01:39.468 [main] DEBUG org.apache.http.wire --  >> "Content-Type: application/json[\r][\n]"
23:01:39.468 [main] DEBUG org.apache.http.wire --  >> "Content-Length: 57[\r][\n]"
23:01:39.469 [main] DEBUG org.apache.http.wire --  >> "Host: altashop-api.fly.dev[\r][\n]"
23:01:39.469 [main] DEBUG org.apache.http.wire --  >> "Connection: Keep-Alive[\r][\n]"
23:01:39.469 [main] DEBUG org.apache.http.wire --  >> "User-Agent: Apache-HttpClient/4.5.13 (Java/20)[\r][\n]"
23:01:39.469 [main] DEBUG org.apache.http.wire --  >> "Accept-Encoding: gzip,deflate[\r][\n]"
23:01:39.469 [main] DEBUG org.apache.http.wire --  >> "[\r][\n]"
23:01:39.469 [main] DEBUG org.apache.http.headers -- >> POST /api/auth/register HTTP/1.1
23:01:39.469 [main] DEBUG org.apache.http.headers -- >> Accept: */*
23:01:39.470 [main] DEBUG org.apache.http.headers -- >> Content-Type: application/json
23:01:39.470 [main] DEBUG org.apache.http.headers -- >> Content-Length: 57
23:01:39.470 [main] DEBUG org.apache.http.headers -- >> Host: altashop-api.fly.dev
23:01:39.470 [main] DEBUG org.apache.http.headers -- >> Connection: Keep-Alive
23:01:39.470 [main] DEBUG org.apache.http.headers -- >> User-Agent: Apache-HttpClient/4.5.13 (Java/20)
23:01:39.470 [main] DEBUG org.apache.http.headers -- >> Accept-Encoding: gzip,deflate
23:01:39.470 [main] DEBUG org.apache.http.wire --  >> "{"password":"PASSWORD","email":"irwin.stracke@gmail.com"}"
23:01:39.554 [main] DEBUG org.apache.http.wire --  << "HTTP/1.1 400 Bad Request[\r][\n]"
23:01:39.555 [main] DEBUG org.apache.http.wire --  << "content-type: application/json[\r][\n]"
23:01:39.555 [main] DEBUG org.apache.http.wire --  << "date: Sat, 06 May 2023 16:01:39 GMT[\r][\n]"
23:01:39.555 [main] DEBUG org.apache.http.wire --  << "content-encoding: gzip[\r][\n]"
23:01:39.555 [main] DEBUG org.apache.http.wire --  << "transfer-encoding: chunked[\r][\n]"
23:01:39.555 [main] DEBUG org.apache.http.wire --  << "server: Fly/3f2597ca (2023-05-03)[\r][\n]"
23:01:39.555 [main] DEBUG org.apache.http.wire --  << "via: 1.1 fly.io[\r][\n]"
23:01:39.555 [main] DEBUG org.apache.http.wire --  << "fly-request-id: 01GZRWR85VR08DMZV0MFM7BVE3-sin[\r][\n]"
23:01:39.555 [main] DEBUG org.apache.http.wire --  << "[\r][\n]"
23:01:39.555 [main] DEBUG org.apache.http.impl.conn.DefaultClientConnection -- Receiving response: HTTP/1.1 400 Bad Request
23:01:39.555 [main] DEBUG org.apache.http.headers -- << HTTP/1.1 400 Bad Request
23:01:39.555 [main] DEBUG org.apache.http.headers -- << content-type: application/json
23:01:39.555 [main] DEBUG org.apache.http.headers -- << date: Sat, 06 May 2023 16:01:39 GMT
23:01:39.555 [main] DEBUG org.apache.http.headers -- << content-encoding: gzip
23:01:39.555 [main] DEBUG org.apache.http.headers -- << transfer-encoding: chunked
23:01:39.555 [main] DEBUG org.apache.http.headers -- << server: Fly/3f2597ca (2023-05-03)
23:01:39.556 [main] DEBUG org.apache.http.headers -- << via: 1.1 fly.io
23:01:39.556 [main] DEBUG org.apache.http.headers -- << fly-request-id: 01GZRWR85VR08DMZV0MFM7BVE3-sin
23:01:39.556 [main] DEBUG org.apache.http.impl.client.DefaultHttpClient -- Connection can be kept alive indefinitely
23:01:39.556 [main] DEBUG io.restassured.internal.RestAssuredHttpBuilder -- Parsing response as: application/json
23:01:39.556 [main] DEBUG org.apache.http.wire --  << "35[\r][\n]"
23:01:39.557 [main] DEBUG org.apache.http.wire --  << "[0x1f][0x8b][0x8][0x0][0x0][0x0][0x0][0x0][0x4][0xff][0xab]VJ-*[0xca]/R[0xb2]RJ+[0xcd][0xc9][0xc9]K[0xcc]MU[0xc8],V(J-,[0xcd],JMQ[0xaa][0xe5][0x2][0x0]ok4[0xc9]![0x0][0x0][0x0]"
23:01:39.557 [main] DEBUG org.apache.http.wire --  << "[\r][\n]"
23:01:39.557 [main] DEBUG org.apache.http.wire --  << "0[\r][\n]"
23:01:39.557 [main] DEBUG org.apache.http.wire --  << "[\r][\n]"
23:01:39.557 [main] DEBUG io.restassured.internal.RestAssuredHttpBuilder -- Parsed data to instance of: class org.apache.http.conn.EofSensorInputStream
23:01:39.562 [main] DEBUG org.apache.http.impl.conn.BasicClientConnectionManager -- Releasing connection org.apache.http.impl.conn.ManagedClientConnectionImpl@172f88b1
23:01:39.562 [main] DEBUG org.apache.http.impl.conn.BasicClientConnectionManager -- Connection can be kept alive indefinitely
23:01:39.564 [main] DEBUG net.thucydides.core.steps.StepInterceptor -- STEP DONE: requestRegisterINVALID
  &amp#27;[32mWhen &amp#27;[0m&amp#27;[32mI send HTTP request with empty FULLNAME data register&amp#27;[0m         &amp#27;[90m# starter.stepdefinitions.UserSteps.userSendPOSTHTTPRequestWithEmptyPasswordDataRegister()&amp#27;[0m
23:01:39.576 [main] DEBUG net.thucydides.core.steps.StepInterceptor -- STARTING STEP: UserSteps.userSeeStatusCodeAndFailToCreateAccount - statusCodeRegInvalid
23:01:39.579 [main] DEBUG net.thucydides.core.steps.StepInterceptor -- STEP DONE: statusCodeRegInvalid
  &amp#27;[32mThen &amp#27;[0m&amp#27;[32mI see status code 400&amp#27;[0m                                         &amp#27;[90m# starter.stepdefinitions.UserSteps.userSeeStatusCodeAndFailToCreateAccount()&amp#27;[0m
23:01:39.587 [main] INFO  -- 
  _____   ___   ___   _____     ___     _     ___   ___   ___   ___  
 |_   _| | __| / __| |_   _|   | _ \   /_\   / __| / __| | __| |   \ 
   | |   | _|  \__ \   | |     |  _/  / _ \  \__ \ \__ \ | _|  | |) |
   |_|   |___| |___/   |_|     |_|   /_/ \_\ |___/ |___/ |___| |___/ 

POST REGISTER failed to create account with empty fullname
----------------------------------------------------------------------
]]></system-out>
  </testcase>
  <testcase name="GET HELLO  want to test hello index page" classname="As user I want to test index page hello" time="3.489">
    <system-out><![CDATA[23:01:39.594 [main] DEBUG io.cucumber.core.plugin.SerenityReporter -- Running feature from file:///D:/Intelij/restapiMiniproject%20Elisa/src/test/resources/features/Hello.feature
23:01:39.601 [main] DEBUG net.thucydides.core.steps.StepEventBus -- Test suite started for story net.thucydides.core.model.Story@2f14db90
23:01:39.602 [main] INFO  -- Test Suite Started: As user I want to test index page hello

Scenario: GET HELLO  want to test hello index page &amp#27;[90m# src/test/resources/features/Hello.feature:3&amp#27;[0m
23:01:39.619 [main] DEBUG io.cucumber.core.plugin.SerenityReporter -- Running feature from file:///D:/Intelij/restapiMiniproject%20Elisa/src/test/resources/features/Hello.feature
23:01:39.631 [main] INFO  -- 
  _____   ___   ___   _____     ___   _____     _     ___   _____   ___   ___  
 |_   _| | __| / __| |_   _|   / __| |_   _|   /_\   | _ \ |_   _| | __| |   \ 
   | |   | _|  \__ \   | |     \__ \   | |    / _ \  |   /   | |   | _|  | |) |
   |_|   |___| |___/   |_|     |___/   |_|   /_/ \_\ |_|_\   |_|   |___| |___/ 

GET HELLO  want to test hello index page(as-user-i-want-to-test-index-page-hello;get-hello--want-to-test-hello-index-page)
--------------------------------------------------------------------------------
23:01:39.698 [main] DEBUG net.thucydides.core.steps.StepInterceptor -- STARTING STEP: UserSteps.userSetEndpointForHello - endpointHello
23:01:39.699 [main] DEBUG net.thucydides.core.steps.StepInterceptor -- STEP DONE: endpointHello
  &amp#27;[32mGiven &amp#27;[0m&amp#27;[32mIam setting endpoint for hello&amp#27;[0m             &amp#27;[90m# starter.stepdefinitions.UserSteps.userSetEndpointForHello()&amp#27;[0m
23:01:39.717 [main] DEBUG net.thucydides.core.steps.StepInterceptor -- STARTING STEP: UserSteps.userSendRequestToEndpoint - requestEndHello
23:01:39.724 [main] DEBUG net.thucydides.core.steps.StepInterceptor -- STARTING STEP: Hello.requestEndHello - endpointHello
23:01:39.725 [main] DEBUG net.thucydides.core.steps.StepInterceptor -- STEP DONE: endpointHello
23:01:39.805 [main] DEBUG org.apache.http.impl.conn.BasicClientConnectionManager -- Get connection for route {s}->https://altashop-api.fly.dev:443
23:01:39.805 [main] DEBUG org.apache.http.impl.conn.DefaultClientConnectionOperator -- Connecting to altashop-api.fly.dev:443
23:01:39.970 [main] DEBUG org.apache.http.client.protocol.RequestAddCookies -- CookieSpec selected: ignoreCookies
23:01:39.970 [main] DEBUG org.apache.http.client.protocol.RequestAuthCache -- Auth cache not set in the context
23:01:39.970 [main] DEBUG org.apache.http.client.protocol.RequestTargetAuthentication -- Target auth state: UNCHALLENGED
23:01:39.970 [main] DEBUG org.apache.http.client.protocol.RequestProxyAuthentication -- Proxy auth state: UNCHALLENGED
23:01:39.970 [main] DEBUG org.apache.http.impl.client.DefaultHttpClient -- Attempt 1 to execute request
23:01:39.970 [main] DEBUG org.apache.http.impl.conn.DefaultClientConnection -- Sending request: GET /api/hello HTTP/1.1
23:01:39.970 [main] DEBUG org.apache.http.wire --  >> "GET /api/hello HTTP/1.1[\r][\n]"
23:01:39.970 [main] DEBUG org.apache.http.wire --  >> "Accept: */*[\r][\n]"
23:01:39.971 [main] DEBUG org.apache.http.wire --  >> "Host: altashop-api.fly.dev[\r][\n]"
23:01:39.971 [main] DEBUG org.apache.http.wire --  >> "Connection: Keep-Alive[\r][\n]"
23:01:39.971 [main] DEBUG org.apache.http.wire --  >> "User-Agent: Apache-HttpClient/4.5.13 (Java/20)[\r][\n]"
23:01:39.971 [main] DEBUG org.apache.http.wire --  >> "Accept-Encoding: gzip,deflate[\r][\n]"
23:01:39.971 [main] DEBUG org.apache.http.wire --  >> "[\r][\n]"
23:01:39.971 [main] DEBUG org.apache.http.headers -- >> GET /api/hello HTTP/1.1
23:01:39.971 [main] DEBUG org.apache.http.headers -- >> Accept: */*
23:01:39.971 [main] DEBUG org.apache.http.headers -- >> Host: altashop-api.fly.dev
23:01:39.971 [main] DEBUG org.apache.http.headers -- >> Connection: Keep-Alive
23:01:39.971 [main] DEBUG org.apache.http.headers -- >> User-Agent: Apache-HttpClient/4.5.13 (Java/20)
23:01:39.972 [main] DEBUG org.apache.http.headers -- >> Accept-Encoding: gzip,deflate
23:01:40.037 [main] DEBUG org.apache.http.wire --  << "HTTP/1.1 200 OK[\r][\n]"
23:01:40.037 [main] DEBUG org.apache.http.wire --  << "content-type: application/json[\r][\n]"
23:01:40.037 [main] DEBUG org.apache.http.wire --  << "date: Sat, 06 May 2023 16:01:39 GMT[\r][\n]"
23:01:40.038 [main] DEBUG org.apache.http.wire --  << "content-encoding: gzip[\r][\n]"
23:01:40.038 [main] DEBUG org.apache.http.wire --  << "transfer-encoding: chunked[\r][\n]"
23:01:40.038 [main] DEBUG org.apache.http.wire --  << "server: Fly/3f2597ca (2023-05-03)[\r][\n]"
23:01:40.038 [main] DEBUG org.apache.http.wire --  << "via: 1.1 fly.io[\r][\n]"
23:01:40.038 [main] DEBUG org.apache.http.wire --  << "fly-request-id: 01GZRWR8MV0RD3VXF7V8ZH6G1F-sin[\r][\n]"
23:01:40.038 [main] DEBUG org.apache.http.wire --  << "[\r][\n]"
23:01:40.038 [main] DEBUG org.apache.http.impl.conn.DefaultClientConnection -- Receiving response: HTTP/1.1 200 OK
23:01:40.038 [main] DEBUG org.apache.http.headers -- << HTTP/1.1 200 OK
23:01:40.039 [main] DEBUG org.apache.http.headers -- << content-type: application/json
23:01:40.039 [main] DEBUG org.apache.http.headers -- << date: Sat, 06 May 2023 16:01:39 GMT
23:01:40.039 [main] DEBUG org.apache.http.headers -- << content-encoding: gzip
23:01:40.039 [main] DEBUG org.apache.http.headers -- << transfer-encoding: chunked
23:01:40.039 [main] DEBUG org.apache.http.headers -- << server: Fly/3f2597ca (2023-05-03)
23:01:40.039 [main] DEBUG org.apache.http.headers -- << via: 1.1 fly.io
23:01:40.039 [main] DEBUG org.apache.http.headers -- << fly-request-id: 01GZRWR8MV0RD3VXF7V8ZH6G1F-sin
23:01:40.039 [main] DEBUG org.apache.http.impl.client.DefaultHttpClient -- Connection can be kept alive indefinitely
23:01:40.040 [main] DEBUG io.restassured.internal.RestAssuredHttpBuilder -- Parsing response as: application/json
23:01:40.040 [main] DEBUG org.apache.http.wire --  << "25[\r][\n]"
23:01:40.040 [main] DEBUG org.apache.http.wire --  << "[0x1f][0x8b][0x8][0x0][0x0][0x0][0x0][0x0][0x4][0xff][0xab]VJI,IT[0xb2]R[0xca]H[0xcd][0xc9][0xc9]W[0xaa][0xe5][0x2][0x0][0xfd][0x95][0xfe]N[0x11][0x0][0x0][0x0]"
23:01:40.040 [main] DEBUG org.apache.http.wire --  << "[\r][\n]"
23:01:40.041 [main] DEBUG org.apache.http.wire --  << "0[\r][\n]"
23:01:40.041 [main] DEBUG org.apache.http.wire --  << "[\r][\n]"
23:01:40.041 [main] DEBUG io.restassured.internal.RestAssuredHttpBuilder -- Parsed data to instance of: class org.apache.http.conn.EofSensorInputStream
23:01:40.045 [main] DEBUG org.apache.http.impl.conn.BasicClientConnectionManager -- Releasing connection org.apache.http.impl.conn.ManagedClientConnectionImpl@ab40f46
23:01:40.045 [main] DEBUG org.apache.http.impl.conn.BasicClientConnectionManager -- Connection can be kept alive indefinitely
23:01:40.047 [main] DEBUG net.thucydides.core.steps.StepInterceptor -- STEP DONE: requestEndHello
  &amp#27;[32mWhen &amp#27;[0m&amp#27;[32mIam send request endpoint&amp#27;[0m                   &amp#27;[90m# starter.stepdefinitions.UserSteps.userSendRequestToEndpoint()&amp#27;[0m
23:01:40.062 [main] DEBUG net.thucydides.core.steps.StepInterceptor -- STARTING STEP: UserSteps.statusCodeHello200 - statusCodeRequestHello
23:01:40.068 [main] DEBUG net.thucydides.core.steps.StepInterceptor -- STEP DONE: statusCodeRequestHello
  &amp#27;[32mAnd &amp#27;[0m&amp#27;[32mI could see status code 200&amp#27;[0m                  &amp#27;[90m# starter.stepdefinitions.UserSteps.statusCodeHello200()&amp#27;[0m
23:01:40.080 [main] DEBUG net.thucydides.core.steps.StepInterceptor -- STARTING STEP: UserSteps.userShowHelloMessage - showHelloMessage
23:01:43.086 [main] DEBUG net.thucydides.core.steps.StepInterceptor -- STEP DONE: showHelloMessage
  &amp#27;[32mThen &amp#27;[0m&amp#27;[32mI saw show hello message&amp#27;[0m                    &amp#27;[90m# starter.stepdefinitions.UserSteps.userShowHelloMessage()&amp#27;[0m
23:01:43.090 [main] INFO  -- 
  _____   ___   ___   _____     ___     _     ___   ___   ___   ___  
 |_   _| | __| / __| |_   _|   | _ \   /_\   / __| / __| | __| |   \ 
   | |   | _|  \__ \   | |     |  _/  / _ \  \__ \ \__ \ | _|  | |) |
   |_|   |___| |___/   |_|     |_|   /_/ \_\ |___/ |___/ |___| |___/ 

GET HELLO  want to test hello index page
----------------------------------------------------------------------
]]></system-out>
  </testcase>
  <testcase name="POST ORDER I want to make a new order" classname="As user i want to test order on website" time="0.813">
    <system-out><![CDATA[23:01:43.092 [main] DEBUG io.cucumber.core.plugin.SerenityReporter -- Running feature from file:///D:/Intelij/restapiMiniproject%20Elisa/src/test/resources/features/Orders.feature
23:01:43.095 [main] DEBUG net.thucydides.core.steps.StepEventBus -- Test suite started for story net.thucydides.core.model.Story@da1b7be6
23:01:43.095 [main] INFO  -- Test Suite Started: As user i want to test order on website

Scenario: POST ORDER I want to make a new order        &amp#27;[90m# src/test/resources/features/Orders.feature:3&amp#27;[0m
23:01:43.106 [main] DEBUG io.cucumber.core.plugin.SerenityReporter -- Running feature from file:///D:/Intelij/restapiMiniproject%20Elisa/src/test/resources/features/Orders.feature
23:01:43.112 [main] INFO  -- 
  _____   ___   ___   _____     ___   _____     _     ___   _____   ___   ___  
 |_   _| | __| / __| |_   _|   / __| |_   _|   /_\   | _ \ |_   _| | __| |   \ 
   | |   | _|  \__ \   | |     \__ \   | |    / _ \  |   /   | |   | _|  | |) |
   |_|   |___| |___/   |_|     |___/   |_|   /_/ \_\ |_|_\   |_|   |___| |___/ 

POST ORDER I want to make a new order(as-user-i-want-to-test-order-on-website;post-order-i-want-to-make-a-new-order)
--------------------------------------------------------------------------------
23:01:43.160 [main] DEBUG net.thucydides.core.steps.StepInterceptor -- STARTING STEP: UserSteps.userSetEndpointForOrder - endpointOrder
23:01:43.162 [main] DEBUG net.thucydides.core.steps.StepInterceptor -- STEP DONE: endpointOrder
  &amp#27;[32mGiven &amp#27;[0m&amp#27;[32mI set endpoint to order&amp#27;[0m                        &amp#27;[90m# starter.stepdefinitions.UserSteps.userSetEndpointForOrder()&amp#27;[0m
23:01:43.175 [main] DEBUG net.thucydides.core.steps.StepInterceptor -- STARTING STEP: UserSteps.userSuccessLoginWithValidAccount - loginValidAcc
23:01:43.224 [main] DEBUG org.apache.http.impl.conn.BasicClientConnectionManager -- Get connection for route {s}->https://altashop-api.fly.dev:443
23:01:43.225 [main] DEBUG org.apache.http.impl.conn.DefaultClientConnectionOperator -- Connecting to altashop-api.fly.dev:443
23:01:43.389 [main] DEBUG org.apache.http.client.protocol.RequestAddCookies -- CookieSpec selected: ignoreCookies
23:01:43.389 [main] DEBUG org.apache.http.client.protocol.RequestAuthCache -- Auth cache not set in the context
23:01:43.389 [main] DEBUG org.apache.http.client.protocol.RequestTargetAuthentication -- Target auth state: UNCHALLENGED
23:01:43.389 [main] DEBUG org.apache.http.client.protocol.RequestProxyAuthentication -- Proxy auth state: UNCHALLENGED
23:01:43.389 [main] DEBUG org.apache.http.impl.client.DefaultHttpClient -- Attempt 1 to execute request
23:01:43.389 [main] DEBUG org.apache.http.impl.conn.DefaultClientConnection -- Sending request: POST /api/auth/login HTTP/1.1
23:01:43.389 [main] DEBUG org.apache.http.wire --  >> "POST /api/auth/login HTTP/1.1[\r][\n]"
23:01:43.389 [main] DEBUG org.apache.http.wire --  >> "Accept: */*[\r][\n]"
23:01:43.390 [main] DEBUG org.apache.http.wire --  >> "Content-Type: application/json[\r][\n]"
23:01:43.390 [main] DEBUG org.apache.http.wire --  >> "Content-Length: 48[\r][\n]"
23:01:43.390 [main] DEBUG org.apache.http.wire --  >> "Host: altashop-api.fly.dev[\r][\n]"
23:01:43.390 [main] DEBUG org.apache.http.wire --  >> "Connection: Keep-Alive[\r][\n]"
23:01:43.390 [main] DEBUG org.apache.http.wire --  >> "User-Agent: Apache-HttpClient/4.5.13 (Java/20)[\r][\n]"
23:01:43.390 [main] DEBUG org.apache.http.wire --  >> "Accept-Encoding: gzip,deflate[\r][\n]"
23:01:43.390 [main] DEBUG org.apache.http.wire --  >> "[\r][\n]"
23:01:43.390 [main] DEBUG org.apache.http.headers -- >> POST /api/auth/login HTTP/1.1
23:01:43.390 [main] DEBUG org.apache.http.headers -- >> Accept: */*
23:01:43.390 [main] DEBUG org.apache.http.headers -- >> Content-Type: application/json
23:01:43.390 [main] DEBUG org.apache.http.headers -- >> Content-Length: 48
23:01:43.390 [main] DEBUG org.apache.http.headers -- >> Host: altashop-api.fly.dev
23:01:43.390 [main] DEBUG org.apache.http.headers -- >> Connection: Keep-Alive
23:01:43.390 [main] DEBUG org.apache.http.headers -- >> User-Agent: Apache-HttpClient/4.5.13 (Java/20)
23:01:43.390 [main] DEBUG org.apache.http.headers -- >> Accept-Encoding: gzip,deflate
23:01:43.390 [main] DEBUG org.apache.http.wire --  >> "{"password":"123123","email":"someone@mail.com"}"
23:01:43.484 [main] DEBUG org.apache.http.wire --  << "HTTP/1.1 200 OK[\r][\n]"
23:01:43.484 [main] DEBUG org.apache.http.wire --  << "content-type: application/json[\r][\n]"
23:01:43.484 [main] DEBUG org.apache.http.wire --  << "date: Sat, 06 May 2023 16:01:43 GMT[\r][\n]"
23:01:43.484 [main] DEBUG org.apache.http.wire --  << "content-encoding: gzip[\r][\n]"
23:01:43.484 [main] DEBUG org.apache.http.wire --  << "transfer-encoding: chunked[\r][\n]"
23:01:43.484 [main] DEBUG org.apache.http.wire --  << "server: Fly/3f2597ca (2023-05-03)[\r][\n]"
23:01:43.484 [main] DEBUG org.apache.http.wire --  << "via: 1.1 fly.io[\r][\n]"
23:01:43.484 [main] DEBUG org.apache.http.wire --  << "fly-request-id: 01GZRWRC0MXYCNMR7VB9BPPHJH-sin[\r][\n]"
23:01:43.484 [main] DEBUG org.apache.http.wire --  << "[\r][\n]"
23:01:43.484 [main] DEBUG org.apache.http.impl.conn.DefaultClientConnection -- Receiving response: HTTP/1.1 200 OK
23:01:43.484 [main] DEBUG org.apache.http.headers -- << HTTP/1.1 200 OK
23:01:43.485 [main] DEBUG org.apache.http.headers -- << content-type: application/json
23:01:43.485 [main] DEBUG org.apache.http.headers -- << date: Sat, 06 May 2023 16:01:43 GMT
23:01:43.485 [main] DEBUG org.apache.http.headers -- << content-encoding: gzip
23:01:43.485 [main] DEBUG org.apache.http.headers -- << transfer-encoding: chunked
23:01:43.485 [main] DEBUG org.apache.http.headers -- << server: Fly/3f2597ca (2023-05-03)
23:01:43.485 [main] DEBUG org.apache.http.headers -- << via: 1.1 fly.io
23:01:43.485 [main] DEBUG org.apache.http.headers -- << fly-request-id: 01GZRWRC0MXYCNMR7VB9BPPHJH-sin
23:01:43.485 [main] DEBUG org.apache.http.impl.client.DefaultHttpClient -- Connection can be kept alive indefinitely
23:01:43.485 [main] DEBUG io.restassured.internal.RestAssuredHttpBuilder -- Parsing response as: application/json
23:01:43.485 [main] DEBUG org.apache.http.wire --  << "AC[\r][\n]"
23:01:43.485 [main] DEBUG org.apache.http.wire --  << "[0x1f][0x8b][0x8][0x0][0x0][0x0][0x0][0x0][0x4][0xff][0xab]VJI,IT[0xb2]RJ[0xad][0xf4][0xca]HrO[0xce][0xf4][0xcf][0xf4][0xf2][0xc][0xad][0xf2]4[0xf4][0xcb][0xf4],[0xf6][0xcc][0xb]2Mv[0xf6]4[0xf3][0xcc].[0x88][0x8]s[0xf6][0xb2][0xd4]K[0xad][0xf4]rO[0x9][0xaf](N[0xca]u+[0x89][\n]"
23:01:43.485 [main] DEBUG org.apache.http.wire --  << "[0x6]K[0x94]%[0xba][0x9b][0xa4][0x7][0xb9][[0xe6]xf[0x96]g[0x6][0x85][0x1b]f$[0x86][0x97][0x83][0xc][0xa9]J22[0xcc]I22[0xcd][0x9]t[0x7][0x8b][0x95]F[0x1a]Y[0x96]x[0xe6][0x19][0xe8][0x85][0x97]9[0x5]W$[0x7][0xba][0x16][0x16][0xe6]e:[0x1b][0x96][0x19]X[0xf8]Te[0x17]y$[0xbb][0xfa][0xa4][0xa6][0x17][0x1b]$[0x99][0x97][0x95]d[0xb9][0x7][0x84]g&[0xba][0x86]'{*[0xd5]r[0x1][0x0]?[0x99][0xcf]j[0xa0][0x0][0x0][0x0]"
23:01:43.485 [main] DEBUG org.apache.http.wire --  << "[\r][\n]"
23:01:43.486 [main] DEBUG org.apache.http.wire --  << "0[\r][\n]"
23:01:43.486 [main] DEBUG org.apache.http.wire --  << "[\r][\n]"
23:01:43.486 [main] DEBUG io.restassured.internal.RestAssuredHttpBuilder -- Parsed data to instance of: class org.apache.http.conn.EofSensorInputStream
23:01:43.487 [main] DEBUG org.apache.http.impl.conn.BasicClientConnectionManager -- Releasing connection org.apache.http.impl.conn.ManagedClientConnectionImpl@7952348f
23:01:43.487 [main] DEBUG org.apache.http.impl.conn.BasicClientConnectionManager -- Connection can be kept alive indefinitely
23:01:43.558 [main] DEBUG net.thucydides.core.steps.StepInterceptor -- STEP DONE: loginValidAcc
  &amp#27;[32mAnd &amp#27;[0m&amp#27;[32mI success login and going to order&amp#27;[0m               &amp#27;[90m# starter.stepdefinitions.UserSteps.userSuccessLoginWithValidAccount()&amp#27;[0m
23:01:43.569 [main] DEBUG net.thucydides.core.steps.StepInterceptor -- STARTING STEP: UserSteps.userInputTokenInAuthorization - inputTokenOrder
23:01:43.580 [main] DEBUG net.thucydides.core.steps.StepInterceptor -- STARTING STEP: Order.inputTokenOrder - endpointOrder
23:01:43.580 [main] DEBUG net.thucydides.core.steps.StepInterceptor -- STEP DONE: endpointOrder
23:01:43.641 [main] DEBUG org.apache.http.impl.conn.BasicClientConnectionManager -- Get connection for route {s}->https://altashop-api.fly.dev:443
23:01:43.641 [main] DEBUG org.apache.http.impl.conn.DefaultClientConnectionOperator -- Connecting to altashop-api.fly.dev:443
23:01:43.802 [main] DEBUG org.apache.http.client.protocol.RequestAddCookies -- CookieSpec selected: ignoreCookies
23:01:43.802 [main] DEBUG org.apache.http.client.protocol.RequestAuthCache -- Auth cache not set in the context
23:01:43.802 [main] DEBUG org.apache.http.client.protocol.RequestProxyAuthentication -- Proxy auth state: UNCHALLENGED
23:01:43.803 [main] DEBUG org.apache.http.impl.client.DefaultHttpClient -- Attempt 1 to execute request
23:01:43.803 [main] DEBUG org.apache.http.impl.conn.DefaultClientConnection -- Sending request: POST /api/orders HTTP/1.1
23:01:43.803 [main] DEBUG org.apache.http.wire --  >> "POST /api/orders HTTP/1.1[\r][\n]"
23:01:43.803 [main] DEBUG org.apache.http.wire --  >> "Authorization: Bearer eyJhbGciOiJIUzI1NiIsInR5cCI6IkpXVCJ9.eyJGdWxsbmFtZSI6IkpvaG4gRG9lIiwiRW1haWwiOiJzb21lb25lQG1haWwuY29tIn0.WvBSxcQEqqniC1v08LzkrHcELegs0b7vtjGPWiaEWcI[\r][\n]"
23:01:43.803 [main] DEBUG org.apache.http.wire --  >> "Accept: */*[\r][\n]"
23:01:43.803 [main] DEBUG org.apache.http.wire --  >> "Content-Type: text/plain; charset=ISO-8859-1[\r][\n]"
23:01:43.803 [main] DEBUG org.apache.http.wire --  >> "Content-Length: 31[\r][\n]"
23:01:43.803 [main] DEBUG org.apache.http.wire --  >> "Host: altashop-api.fly.dev[\r][\n]"
23:01:43.803 [main] DEBUG org.apache.http.wire --  >> "Connection: Keep-Alive[\r][\n]"
23:01:43.803 [main] DEBUG org.apache.http.wire --  >> "User-Agent: Apache-HttpClient/4.5.13 (Java/20)[\r][\n]"
23:01:43.803 [main] DEBUG org.apache.http.wire --  >> "Accept-Encoding: gzip,deflate[\r][\n]"
23:01:43.803 [main] DEBUG org.apache.http.wire --  >> "[\r][\n]"
23:01:43.803 [main] DEBUG org.apache.http.headers -- >> POST /api/orders HTTP/1.1
23:01:43.803 [main] DEBUG org.apache.http.headers -- >> Authorization: Bearer eyJhbGciOiJIUzI1NiIsInR5cCI6IkpXVCJ9.eyJGdWxsbmFtZSI6IkpvaG4gRG9lIiwiRW1haWwiOiJzb21lb25lQG1haWwuY29tIn0.WvBSxcQEqqniC1v08LzkrHcELegs0b7vtjGPWiaEWcI
23:01:43.803 [main] DEBUG org.apache.http.headers -- >> Accept: */*
23:01:43.803 [main] DEBUG org.apache.http.headers -- >> Content-Type: text/plain; charset=ISO-8859-1
23:01:43.803 [main] DEBUG org.apache.http.headers -- >> Content-Length: 31
23:01:43.804 [main] DEBUG org.apache.http.headers -- >> Host: altashop-api.fly.dev
23:01:43.804 [main] DEBUG org.apache.http.headers -- >> Connection: Keep-Alive
23:01:43.804 [main] DEBUG org.apache.http.headers -- >> User-Agent: Apache-HttpClient/4.5.13 (Java/20)
23:01:43.804 [main] DEBUG org.apache.http.headers -- >> Accept-Encoding: gzip,deflate
23:01:43.804 [main] DEBUG org.apache.http.wire --  >> "[{"quantity":3,"product_id":1}]"
23:01:43.877 [main] DEBUG org.apache.http.wire --  << "HTTP/1.1 200 OK[\r][\n]"
23:01:43.878 [main] DEBUG org.apache.http.wire --  << "content-type: application/json[\r][\n]"
23:01:43.878 [main] DEBUG org.apache.http.wire --  << "date: Sat, 06 May 2023 16:01:43 GMT[\r][\n]"
23:01:43.878 [main] DEBUG org.apache.http.wire --  << "content-encoding: gzip[\r][\n]"
23:01:43.878 [main] DEBUG org.apache.http.wire --  << "transfer-encoding: chunked[\r][\n]"
23:01:43.878 [main] DEBUG org.apache.http.wire --  << "server: Fly/3f2597ca (2023-05-03)[\r][\n]"
23:01:43.878 [main] DEBUG org.apache.http.wire --  << "via: 1.1 fly.io[\r][\n]"
23:01:43.878 [main] DEBUG org.apache.http.wire --  << "fly-request-id: 01GZRWRCCXCK87AVBRDGKGBRE1-sin[\r][\n]"
23:01:43.878 [main] DEBUG org.apache.http.wire --  << "[\r][\n]"
23:01:43.878 [main] DEBUG org.apache.http.impl.conn.DefaultClientConnection -- Receiving response: HTTP/1.1 200 OK
23:01:43.878 [main] DEBUG org.apache.http.headers -- << HTTP/1.1 200 OK
23:01:43.878 [main] DEBUG org.apache.http.headers -- << content-type: application/json
23:01:43.878 [main] DEBUG org.apache.http.headers -- << date: Sat, 06 May 2023 16:01:43 GMT
23:01:43.878 [main] DEBUG org.apache.http.headers -- << content-encoding: gzip
23:01:43.878 [main] DEBUG org.apache.http.headers -- << transfer-encoding: chunked
23:01:43.878 [main] DEBUG org.apache.http.headers -- << server: Fly/3f2597ca (2023-05-03)
23:01:43.878 [main] DEBUG org.apache.http.headers -- << via: 1.1 fly.io
23:01:43.878 [main] DEBUG org.apache.http.headers -- << fly-request-id: 01GZRWRCCXCK87AVBRDGKGBRE1-sin
23:01:43.878 [main] DEBUG org.apache.http.impl.client.DefaultHttpClient -- Connection can be kept alive indefinitely
23:01:43.878 [main] DEBUG io.restassured.internal.RestAssuredHttpBuilder -- Parsing response as: application/json
23:01:43.878 [main] DEBUG org.apache.http.wire --  << "99[\r][\n]"
23:01:43.879 [main] DEBUG org.apache.http.wire --  << "[0x1f][0x8b][0x8][0x0][0x0][0x0][0x0][0x0][0x4][0xff][0xab]VJI,IT[0xb2][0x8a][0xae]V[0xf2]tQ[0xb2]240[0xb3]0[0xd3]Q[\n]"
23:01:43.879 [main] DEBUG org.apache.http.wire --  << "-N-R[0xb2][0x82][\n]"
23:01:43.879 [main] DEBUG org.apache.http.wire --  << "[0x99]Y[0x9a]X[0xe8]([0xb9][0x95][0xe6][0xe4][0xe4]%[0xe6][0xa6]*Y)y[0xe5]g[0xe4])[0xb8][0xe4][0xa7]*[0xe9]([0xb9][0xe6]&f[0xe6](Y)[0x15][0xe7][0xe7][0xa6][0xe6][0xe7][0xa5]:[0x80][0xb8]z[0xc9][0xf9][0xb9]J:J[0x1][0x89][0xc5][0xc5][0xe5][0xf9]E)JVJ[0x86]F[0xc6][0x86]F[0xc6]J[0xb5]:J[0x1]E[0xf9])[0xa5][0xc9]%JVy[0xa5]99:J[0x81][0xa5][0x89]y%[0x99]%[0x95]JV[0xc6][0xb5][0xb1][0xb5]\[0x0][0xc6]W[0xaa]f[0x8d][0x0][0x0][0x0]"
23:01:43.879 [main] DEBUG org.apache.http.wire --  << "[\r][\n]"
23:01:43.879 [main] DEBUG org.apache.http.wire --  << "0[\r][\n]"
23:01:43.879 [main] DEBUG org.apache.http.wire --  << "[\r][\n]"
23:01:43.879 [main] DEBUG io.restassured.internal.RestAssuredHttpBuilder -- Parsed data to instance of: class org.apache.http.conn.EofSensorInputStream
23:01:43.881 [main] DEBUG org.apache.http.impl.conn.BasicClientConnectionManager -- Releasing connection org.apache.http.impl.conn.ManagedClientConnectionImpl@43b45e77
23:01:43.881 [main] DEBUG org.apache.http.impl.conn.BasicClientConnectionManager -- Connection can be kept alive indefinitely
23:01:43.883 [main] DEBUG net.thucydides.core.steps.StepInterceptor -- STEP DONE: inputTokenOrder
  &amp#27;[32mWhen &amp#27;[0m&amp#27;[32mI input token authorization&amp#27;[0m                     &amp#27;[90m# starter.stepdefinitions.UserSteps.userInputTokenInAuthorization()&amp#27;[0m
23:01:43.894 [main] DEBUG net.thucydides.core.steps.StepInterceptor -- STARTING STEP: UserSteps.userSeeNewOrderResponse - seeResponseOrder
23:01:43.900 [main] DEBUG net.thucydides.core.steps.StepInterceptor -- STEP DONE: seeResponseOrder
  &amp#27;[32mThen &amp#27;[0m&amp#27;[32muser see status code 200 and new order response&amp#27;[0m &amp#27;[90m# starter.stepdefinitions.UserSteps.userSeeNewOrderResponse()&amp#27;[0m
23:01:43.906 [main] INFO  -- 
  _____   ___   ___   _____     ___     _     ___   ___   ___   ___  
 |_   _| | __| / __| |_   _|   | _ \   /_\   / __| / __| | __| |   \ 
   | |   | _|  \__ \   | |     |  _/  / _ \  \__ \ \__ \ | _|  | |) |
   |_|   |___| |___/   |_|     |_|   /_/ \_\ |___/ |___/ |___| |___/ 

POST ORDER I want to make a new order
----------------------------------------------------------------------
]]></system-out>
  </testcase>
  <testcase name="GET - As a user I want to list all my order" classname="As user i want to test order on website" time="0.664">
    <system-out><![CDATA[
Scenario: GET - As a user I want to list all my order        &amp#27;[90m# src/test/resources/features/Orders.feature:9&amp#27;[0m
23:01:43.921 [main] DEBUG io.cucumber.core.plugin.SerenityReporter -- Running feature from file:///D:/Intelij/restapiMiniproject%20Elisa/src/test/resources/features/Orders.feature
23:01:43.927 [main] INFO  -- 
  _____   ___   ___   _____     ___   _____     _     ___   _____   ___   ___  
 |_   _| | __| / __| |_   _|   / __| |_   _|   /_\   | _ \ |_   _| | __| |   \ 
   | |   | _|  \__ \   | |     \__ \   | |    / _ \  |   /   | |   | _|  | |) |
   |_|   |___| |___/   |_|     |___/   |_|   /_/ \_\ |_|_\   |_|   |___| |___/ 

GET - As a user I want to list all my order(as-user-i-want-to-test-order-on-website;get---as-a-user-i-want-to-list-all-my-order)
--------------------------------------------------------------------------------
23:01:43.972 [main] DEBUG net.thucydides.core.steps.StepInterceptor -- STARTING STEP: UserSteps.userSetEndpointForOrder - endpointOrder
23:01:43.973 [main] DEBUG net.thucydides.core.steps.StepInterceptor -- STEP DONE: endpointOrder
  &amp#27;[32mGiven &amp#27;[0m&amp#27;[32mI set endpoint to order&amp#27;[0m                              &amp#27;[90m# starter.stepdefinitions.UserSteps.userSetEndpointForOrder()&amp#27;[0m
23:01:43.982 [main] DEBUG net.thucydides.core.steps.StepInterceptor -- STARTING STEP: UserSteps.userSendRequestToEndpointOrder - sendRequestOrder
23:01:43.986 [main] DEBUG net.thucydides.core.steps.StepInterceptor -- STARTING STEP: Order.sendRequestOrder - endpointOrder
23:01:43.987 [main] DEBUG net.thucydides.core.steps.StepInterceptor -- STEP DONE: endpointOrder
23:01:44.022 [main] DEBUG org.apache.http.impl.conn.BasicClientConnectionManager -- Get connection for route {s}->https://altashop-api.fly.dev:443
23:01:44.023 [main] DEBUG org.apache.http.impl.conn.DefaultClientConnectionOperator -- Connecting to altashop-api.fly.dev:443
23:01:44.162 [main] DEBUG org.apache.http.client.protocol.RequestAddCookies -- CookieSpec selected: ignoreCookies
23:01:44.163 [main] DEBUG org.apache.http.client.protocol.RequestAuthCache -- Auth cache not set in the context
23:01:44.163 [main] DEBUG org.apache.http.client.protocol.RequestProxyAuthentication -- Proxy auth state: UNCHALLENGED
23:01:44.163 [main] DEBUG org.apache.http.impl.client.DefaultHttpClient -- Attempt 1 to execute request
23:01:44.163 [main] DEBUG org.apache.http.impl.conn.DefaultClientConnection -- Sending request: GET /api/orders HTTP/1.1
23:01:44.163 [main] DEBUG org.apache.http.wire --  >> "GET /api/orders HTTP/1.1[\r][\n]"
23:01:44.163 [main] DEBUG org.apache.http.wire --  >> "Authorization: Bearer eyJhbGciOiJIUzI1NiIsInR5cCI6IkpXVCJ9.eyJGdWxsbmFtZSI6IkpvaG4gRG9lIiwiRW1haWwiOiJzb21lb25lQG1haWwuY29tIn0.WvBSxcQEqqniC1v08LzkrHcELegs0b7vtjGPWiaEWcI[\r][\n]"
23:01:44.163 [main] DEBUG org.apache.http.wire --  >> "Accept: */*[\r][\n]"
23:01:44.163 [main] DEBUG org.apache.http.wire --  >> "Host: altashop-api.fly.dev[\r][\n]"
23:01:44.163 [main] DEBUG org.apache.http.wire --  >> "Connection: Keep-Alive[\r][\n]"
23:01:44.163 [main] DEBUG org.apache.http.wire --  >> "User-Agent: Apache-HttpClient/4.5.13 (Java/20)[\r][\n]"
23:01:44.163 [main] DEBUG org.apache.http.wire --  >> "Accept-Encoding: gzip,deflate[\r][\n]"
23:01:44.163 [main] DEBUG org.apache.http.wire --  >> "[\r][\n]"
23:01:44.163 [main] DEBUG org.apache.http.headers -- >> GET /api/orders HTTP/1.1
23:01:44.164 [main] DEBUG org.apache.http.headers -- >> Authorization: Bearer eyJhbGciOiJIUzI1NiIsInR5cCI6IkpXVCJ9.eyJGdWxsbmFtZSI6IkpvaG4gRG9lIiwiRW1haWwiOiJzb21lb25lQG1haWwuY29tIn0.WvBSxcQEqqniC1v08LzkrHcELegs0b7vtjGPWiaEWcI
23:01:44.164 [main] DEBUG org.apache.http.headers -- >> Accept: */*
23:01:44.164 [main] DEBUG org.apache.http.headers -- >> Host: altashop-api.fly.dev
23:01:44.164 [main] DEBUG org.apache.http.headers -- >> Connection: Keep-Alive
23:01:44.164 [main] DEBUG org.apache.http.headers -- >> User-Agent: Apache-HttpClient/4.5.13 (Java/20)
23:01:44.164 [main] DEBUG org.apache.http.headers -- >> Accept-Encoding: gzip,deflate
23:01:44.310 [main] DEBUG org.apache.http.wire --  << "HTTP/1.1 200 OK[\r][\n]"
23:01:44.311 [main] DEBUG org.apache.http.wire --  << "content-type: application/json[\r][\n]"
23:01:44.311 [main] DEBUG org.apache.http.wire --  << "date: Sat, 06 May 2023 16:01:44 GMT[\r][\n]"
23:01:44.311 [main] DEBUG org.apache.http.wire --  << "content-encoding: gzip[\r][\n]"
23:01:44.311 [main] DEBUG org.apache.http.wire --  << "transfer-encoding: chunked[\r][\n]"
23:01:44.311 [main] DEBUG org.apache.http.wire --  << "server: Fly/3f2597ca (2023-05-03)[\r][\n]"
23:01:44.311 [main] DEBUG org.apache.http.wire --  << "via: 1.1 fly.io[\r][\n]"
23:01:44.311 [main] DEBUG org.apache.http.wire --  << "fly-request-id: 01GZRWRCR9HQABNX0XS2XJS45D-sin[\r][\n]"
23:01:44.311 [main] DEBUG org.apache.http.wire --  << "[\r][\n]"
23:01:44.311 [main] DEBUG org.apache.http.impl.conn.DefaultClientConnection -- Receiving response: HTTP/1.1 200 OK
23:01:44.311 [main] DEBUG org.apache.http.headers -- << HTTP/1.1 200 OK
23:01:44.311 [main] DEBUG org.apache.http.headers -- << content-type: application/json
23:01:44.312 [main] DEBUG org.apache.http.headers -- << date: Sat, 06 May 2023 16:01:44 GMT
23:01:44.312 [main] DEBUG org.apache.http.headers -- << content-encoding: gzip
23:01:44.312 [main] DEBUG org.apache.http.headers -- << transfer-encoding: chunked
23:01:44.312 [main] DEBUG org.apache.http.headers -- << server: Fly/3f2597ca (2023-05-03)
23:01:44.312 [main] DEBUG org.apache.http.headers -- << via: 1.1 fly.io
23:01:44.312 [main] DEBUG org.apache.http.headers -- << fly-request-id: 01GZRWRCR9HQABNX0XS2XJS45D-sin
23:01:44.312 [main] DEBUG org.apache.http.impl.client.DefaultHttpClient -- Connection can be kept alive indefinitely
23:01:44.312 [main] DEBUG io.restassured.internal.RestAssuredHttpBuilder -- Parsing response as: application/json
23:01:44.312 [main] DEBUG org.apache.http.wire --  << "5B[\r][\n]"
23:01:44.312 [main] DEBUG org.apache.http.wire --  << "[0x1f][0x8b][0x8][0x0][0x0][0x0][0x0][0x0][0x4][0xff][0xab]VJI,IT[0xb2][0x8a][0xae]V[\n]"
23:01:44.312 [main] DEBUG org.apache.http.wire --  << "([0xca]O)M.Q[0xb2]R[\n]"
23:01:44.312 [main] DEBUG org.apache.http.wire --  << "[0xce][0xcf][0xab]T[0x8][0x8]6U[0xd2]Q[\n]"
23:01:44.312 [main] DEBUG org.apache.http.wire --  << "([0xca]LNU[0xb2]2[0xb2][0xb4][0xd4]Q[\n]"
23:01:44.312 [main] DEBUG org.apache.http.wire --  << ",M[0xcc]+[0xc9],[0xa9]T[0xb2]2[0xd4]Q[\n]"
23:01:44.312 [main] DEBUG org.apache.http.wire --  << ".M*[0xc9]/I[0xcc][0x1][0xcb][0xd5][0xc6][0xd6]r[0x1][0x0][0xab]![0x9e][0xf9]J[0x0][0x0][0x0]"
23:01:44.312 [main] DEBUG org.apache.http.wire --  << "[\r][\n]"
23:01:44.312 [main] DEBUG org.apache.http.wire --  << "0[\r][\n]"
23:01:44.312 [main] DEBUG org.apache.http.wire --  << "[\r][\n]"
23:01:44.312 [main] DEBUG io.restassured.internal.RestAssuredHttpBuilder -- Parsed data to instance of: class org.apache.http.conn.EofSensorInputStream
23:01:44.314 [main] DEBUG org.apache.http.impl.conn.BasicClientConnectionManager -- Releasing connection org.apache.http.impl.conn.ManagedClientConnectionImpl@6ca95b1e
23:01:44.314 [main] DEBUG org.apache.http.impl.conn.BasicClientConnectionManager -- Connection can be kept alive indefinitely
23:01:44.315 [main] DEBUG net.thucydides.core.steps.StepInterceptor -- STEP DONE: sendRequestOrder
  &amp#27;[32mWhen &amp#27;[0m&amp#27;[32mI send request to endpoint order&amp#27;[0m                      &amp#27;[90m# starter.stepdefinitions.UserSteps.userSendRequestToEndpointOrder()&amp#27;[0m
23:01:44.319 [main] DEBUG net.thucydides.core.steps.StepInterceptor -- STARTING STEP: UserSteps.userInputTokenInAuthorization - inputTokenOrder
23:01:44.320 [main] DEBUG net.thucydides.core.steps.StepInterceptor -- STARTING STEP: Order.inputTokenOrder - endpointOrder
23:01:44.321 [main] DEBUG net.thucydides.core.steps.StepInterceptor -- STEP DONE: endpointOrder
23:01:44.332 [main] DEBUG org.apache.http.impl.conn.BasicClientConnectionManager -- Get connection for route {s}->https://altashop-api.fly.dev:443
23:01:44.332 [main] DEBUG org.apache.http.impl.conn.DefaultClientConnectionOperator -- Connecting to altashop-api.fly.dev:443
23:01:44.479 [main] DEBUG org.apache.http.client.protocol.RequestAddCookies -- CookieSpec selected: ignoreCookies
23:01:44.479 [main] DEBUG org.apache.http.client.protocol.RequestAuthCache -- Auth cache not set in the context
23:01:44.479 [main] DEBUG org.apache.http.client.protocol.RequestProxyAuthentication -- Proxy auth state: UNCHALLENGED
23:01:44.479 [main] DEBUG org.apache.http.impl.client.DefaultHttpClient -- Attempt 1 to execute request
23:01:44.479 [main] DEBUG org.apache.http.impl.conn.DefaultClientConnection -- Sending request: POST /api/orders HTTP/1.1
23:01:44.479 [main] DEBUG org.apache.http.wire --  >> "POST /api/orders HTTP/1.1[\r][\n]"
23:01:44.479 [main] DEBUG org.apache.http.wire --  >> "Authorization: Bearer eyJhbGciOiJIUzI1NiIsInR5cCI6IkpXVCJ9.eyJGdWxsbmFtZSI6IkpvaG4gRG9lIiwiRW1haWwiOiJzb21lb25lQG1haWwuY29tIn0.WvBSxcQEqqniC1v08LzkrHcELegs0b7vtjGPWiaEWcI[\r][\n]"
23:01:44.479 [main] DEBUG org.apache.http.wire --  >> "Accept: */*[\r][\n]"
23:01:44.479 [main] DEBUG org.apache.http.wire --  >> "Content-Type: text/plain; charset=ISO-8859-1[\r][\n]"
23:01:44.479 [main] DEBUG org.apache.http.wire --  >> "Content-Length: 31[\r][\n]"
23:01:44.479 [main] DEBUG org.apache.http.wire --  >> "Host: altashop-api.fly.dev[\r][\n]"
23:01:44.479 [main] DEBUG org.apache.http.wire --  >> "Connection: Keep-Alive[\r][\n]"
23:01:44.479 [main] DEBUG org.apache.http.wire --  >> "User-Agent: Apache-HttpClient/4.5.13 (Java/20)[\r][\n]"
23:01:44.479 [main] DEBUG org.apache.http.wire --  >> "Accept-Encoding: gzip,deflate[\r][\n]"
23:01:44.479 [main] DEBUG org.apache.http.wire --  >> "[\r][\n]"
23:01:44.479 [main] DEBUG org.apache.http.headers -- >> POST /api/orders HTTP/1.1
23:01:44.479 [main] DEBUG org.apache.http.headers -- >> Authorization: Bearer eyJhbGciOiJIUzI1NiIsInR5cCI6IkpXVCJ9.eyJGdWxsbmFtZSI6IkpvaG4gRG9lIiwiRW1haWwiOiJzb21lb25lQG1haWwuY29tIn0.WvBSxcQEqqniC1v08LzkrHcELegs0b7vtjGPWiaEWcI
23:01:44.479 [main] DEBUG org.apache.http.headers -- >> Accept: */*
23:01:44.479 [main] DEBUG org.apache.http.headers -- >> Content-Type: text/plain; charset=ISO-8859-1
23:01:44.479 [main] DEBUG org.apache.http.headers -- >> Content-Length: 31
23:01:44.479 [main] DEBUG org.apache.http.headers -- >> Host: altashop-api.fly.dev
23:01:44.479 [main] DEBUG org.apache.http.headers -- >> Connection: Keep-Alive
23:01:44.479 [main] DEBUG org.apache.http.headers -- >> User-Agent: Apache-HttpClient/4.5.13 (Java/20)
23:01:44.479 [main] DEBUG org.apache.http.headers -- >> Accept-Encoding: gzip,deflate
23:01:44.479 [main] DEBUG org.apache.http.wire --  >> "[{"quantity":3,"product_id":1}]"
23:01:44.554 [main] DEBUG org.apache.http.wire --  << "HTTP/1.1 200 OK[\r][\n]"
23:01:44.554 [main] DEBUG org.apache.http.wire --  << "content-type: application/json[\r][\n]"
23:01:44.554 [main] DEBUG org.apache.http.wire --  << "date: Sat, 06 May 2023 16:01:44 GMT[\r][\n]"
23:01:44.554 [main] DEBUG org.apache.http.wire --  << "content-encoding: gzip[\r][\n]"
23:01:44.554 [main] DEBUG org.apache.http.wire --  << "transfer-encoding: chunked[\r][\n]"
23:01:44.554 [main] DEBUG org.apache.http.wire --  << "server: Fly/3f2597ca (2023-05-03)[\r][\n]"
23:01:44.554 [main] DEBUG org.apache.http.wire --  << "via: 1.1 fly.io[\r][\n]"
23:01:44.554 [main] DEBUG org.apache.http.wire --  << "fly-request-id: 01GZRWRD20DZ9J1GMA5SCCE98E-sin[\r][\n]"
23:01:44.554 [main] DEBUG org.apache.http.wire --  << "[\r][\n]"
23:01:44.554 [main] DEBUG org.apache.http.impl.conn.DefaultClientConnection -- Receiving response: HTTP/1.1 200 OK
23:01:44.554 [main] DEBUG org.apache.http.headers -- << HTTP/1.1 200 OK
23:01:44.554 [main] DEBUG org.apache.http.headers -- << content-type: application/json
23:01:44.554 [main] DEBUG org.apache.http.headers -- << date: Sat, 06 May 2023 16:01:44 GMT
23:01:44.554 [main] DEBUG org.apache.http.headers -- << content-encoding: gzip
23:01:44.554 [main] DEBUG org.apache.http.headers -- << transfer-encoding: chunked
23:01:44.554 [main] DEBUG org.apache.http.headers -- << server: Fly/3f2597ca (2023-05-03)
23:01:44.554 [main] DEBUG org.apache.http.headers -- << via: 1.1 fly.io
23:01:44.554 [main] DEBUG org.apache.http.headers -- << fly-request-id: 01GZRWRD20DZ9J1GMA5SCCE98E-sin
23:01:44.554 [main] DEBUG org.apache.http.impl.client.DefaultHttpClient -- Connection can be kept alive indefinitely
23:01:44.554 [main] DEBUG io.restassured.internal.RestAssuredHttpBuilder -- Parsing response as: application/json
23:01:44.555 [main] DEBUG org.apache.http.wire --  << "99[\r][\n]"
23:01:44.555 [main] DEBUG org.apache.http.wire --  << "[0x1f][0x8b][0x8][0x0][0x0][0x0][0x0][0x0][0x4][0xff][0xab]VJI,IT[0xb2][0x8a][0xae]V[0xf2]tQ[0xb2]240[0xb3]0[0xd7]Q[\n]"
23:01:44.555 [main] DEBUG org.apache.http.wire --  << "-N-R[0xb2][0x82][\n]"
23:01:44.555 [main] DEBUG org.apache.http.wire --  << "[0x99]Y[0x9a]X[0xe8]([0xb9][0x95][0xe6][0xe4][0xe4]%[0xe6][0xa6]*Y)y[0xe5]g[0xe4])[0xb8][0xe4][0xa7]*[0xe9]([0xb9][0xe6]&f[0xe6](Y)[0x15][0xe7][0xe7][0xa6][0xe6][0xe7][0xa5]:[0x80][0xb8]z[0xc9][0xf9][0xb9]J:J[0x1][0x89][0xc5][0xc5][0xe5][0xf9]E)JVJ[0x86]F[0xc6][0x86]F[0xc6]J[0xb5]:J[0x1]E[0xf9])[0xa5][0xc9]%JVy[0xa5]99:J[0x81][0xa5][0x89]y%[0x99]%[0x95]JV[0xc6][0xb5][0xb1][0xb5]\[0x0][0xb8][0xef][0xf9][0xf3][0x8d][0x0][0x0][0x0]"
23:01:44.555 [main] DEBUG org.apache.http.wire --  << "[\r][\n]"
23:01:44.555 [main] DEBUG org.apache.http.wire --  << "0[\r][\n]"
23:01:44.555 [main] DEBUG org.apache.http.wire --  << "[\r][\n]"
23:01:44.555 [main] DEBUG io.restassured.internal.RestAssuredHttpBuilder -- Parsed data to instance of: class org.apache.http.conn.EofSensorInputStream
23:01:44.556 [main] DEBUG org.apache.http.impl.conn.BasicClientConnectionManager -- Releasing connection org.apache.http.impl.conn.ManagedClientConnectionImpl@207b0d48
23:01:44.556 [main] DEBUG org.apache.http.impl.conn.BasicClientConnectionManager -- Connection can be kept alive indefinitely
23:01:44.557 [main] DEBUG net.thucydides.core.steps.StepInterceptor -- STEP DONE: inputTokenOrder
  &amp#27;[32mWhen &amp#27;[0m&amp#27;[32mI input token authorization&amp#27;[0m                           &amp#27;[90m# starter.stepdefinitions.UserSteps.userInputTokenInAuthorization()&amp#27;[0m
23:01:44.562 [Finalizer] DEBUG org.apache.http.impl.conn.DefaultClientConnection -- Connection 0.0.0.0:60081<->149.248.193.56:443 closed
23:01:44.562 [Finalizer] DEBUG org.apache.http.impl.conn.DefaultClientConnection -- Connection 0.0.0.0:60082<->149.248.193.56:443 closed
23:01:44.562 [Finalizer] DEBUG org.apache.http.impl.conn.DefaultClientConnection -- Connection 0.0.0.0:60083<->149.248.193.56:443 closed
23:01:44.563 [Finalizer] DEBUG org.apache.http.impl.conn.DefaultClientConnection -- Connection 0.0.0.0:60084<->149.248.193.56:443 closed
23:01:44.563 [Finalizer] DEBUG org.apache.http.impl.conn.DefaultClientConnection -- Connection 0.0.0.0:60085<->149.248.193.56:443 closed
23:01:44.563 [Finalizer] DEBUG org.apache.http.impl.conn.DefaultClientConnection -- Connection 0.0.0.0:60086<->149.248.193.56:443 closed
23:01:44.566 [main] DEBUG net.thucydides.core.steps.StepInterceptor -- STARTING STEP: UserSteps.userShowListOfTheOrder - listOrder
23:01:44.568 [main] DEBUG net.thucydides.core.steps.StepInterceptor -- STEP DONE: listOrder
  &amp#27;[32mThen &amp#27;[0m&amp#27;[32mI see status code 200 and user show list of the order&amp#27;[0m &amp#27;[90m# starter.stepdefinitions.UserSteps.userShowListOfTheOrder()&amp#27;[0m
23:01:44.571 [main] INFO  -- 
  _____   ___   ___   _____     ___     _     ___   ___   ___   ___  
 |_   _| | __| / __| |_   _|   | _ \   /_\   / __| / __| | __| |   \ 
   | |   | _|  \__ \   | |     |  _/  / _ \  \__ \ \__ \ | _|  | |) |
   |_|   |___| |___/   |_|     |_|   /_/ \_\ |___/ |___/ |___| |___/ 

GET - As a user I want to list all my order
----------------------------------------------------------------------
]]></system-out>
  </testcase>
  <testcase name="POST category want to create a new category" classname="Product Category" time="0.439">
    <system-out><![CDATA[23:01:44.572 [main] DEBUG io.cucumber.core.plugin.SerenityReporter -- Running feature from file:///D:/Intelij/restapiMiniproject%20Elisa/src/test/resources/features/ProdCate.feature
23:01:44.574 [main] DEBUG net.thucydides.core.steps.StepEventBus -- Test suite started for story net.thucydides.core.model.Story@59a8abd2
23:01:44.574 [main] INFO  -- Test Suite Started: Product Category

Scenario: POST category want to create a new category &amp#27;[90m# src/test/resources/features/ProdCate.feature:3&amp#27;[0m
23:01:44.582 [main] DEBUG io.cucumber.core.plugin.SerenityReporter -- Running feature from file:///D:/Intelij/restapiMiniproject%20Elisa/src/test/resources/features/ProdCate.feature
23:01:44.587 [main] INFO  -- 
  _____   ___   ___   _____     ___   _____     _     ___   _____   ___   ___  
 |_   _| | __| / __| |_   _|   / __| |_   _|   /_\   | _ \ |_   _| | __| |   \ 
   | |   | _|  \__ \   | |     \__ \   | |    / _ \  |   /   | |   | _|  | |) |
   |_|   |___| |___/   |_|     |___/   |_|   /_/ \_\ |_|_\   |_|   |___| |___/ 

POST category want to create a new category(product-category;post-category-want-to-create-a-new-category)
--------------------------------------------------------------------------------
23:01:44.623 [main] DEBUG net.thucydides.core.steps.StepInterceptor -- STARTING STEP: UserSteps.userSetEndpointForKategori - endpointCategory
23:01:44.623 [main] DEBUG net.thucydides.core.steps.StepInterceptor -- STEP DONE: endpointCategory
  &amp#27;[32mGiven &amp#27;[0m&amp#27;[32mI set endpoint for categorry&amp#27;[0m                  &amp#27;[90m# starter.stepdefinitions.UserSteps.userSetEndpointForKategori()&amp#27;[0m
  &amp#27;[32mAnd &amp#27;[0m&amp#27;[32mI success login with valid account&amp#27;[0m              &amp#27;[90m# starter.stepdefinitions.UserSteps.successLoginCategory()&amp#27;[0m
  &amp#27;[32mWhen &amp#27;[0m&amp#27;[32mI input the token authorization&amp#27;[0m                &amp#27;[90m# starter.stepdefinitions.UserSteps.tokenAuthorizeCate()&amp#27;[0m
23:01:44.639 [main] DEBUG net.thucydides.core.steps.StepInterceptor -- STARTING STEP: UserSteps.userSendRequestToEndpointKategori - sendRequestCategory
23:01:44.642 [main] DEBUG net.thucydides.core.steps.StepInterceptor -- STARTING STEP: ProductCate.sendRequestCategory - endpointCategory
23:01:44.642 [main] DEBUG net.thucydides.core.steps.StepInterceptor -- STEP DONE: endpointCategory
23:01:44.660 [main] DEBUG org.apache.http.impl.conn.BasicClientConnectionManager -- Get connection for route {s}->https://altashop-api.fly.dev:443
23:01:44.660 [main] DEBUG org.apache.http.impl.conn.DefaultClientConnectionOperator -- Connecting to altashop-api.fly.dev:443
23:01:44.810 [main] DEBUG org.apache.http.client.protocol.RequestAddCookies -- CookieSpec selected: ignoreCookies
23:01:44.810 [main] DEBUG org.apache.http.client.protocol.RequestAuthCache -- Auth cache not set in the context
23:01:44.810 [main] DEBUG org.apache.http.client.protocol.RequestProxyAuthentication -- Proxy auth state: UNCHALLENGED
23:01:44.810 [main] DEBUG org.apache.http.impl.client.DefaultHttpClient -- Attempt 1 to execute request
23:01:44.810 [main] DEBUG org.apache.http.impl.conn.DefaultClientConnection -- Sending request: POST /api/categories HTTP/1.1
23:01:44.810 [main] DEBUG org.apache.http.wire --  >> "POST /api/categories HTTP/1.1[\r][\n]"
23:01:44.811 [main] DEBUG org.apache.http.wire --  >> "Authorization: Bearer eyJhbGciOiJIUzI1NiIsInR5cCI6IkpXVCJ9.eyJGdWxsbmFtZSI6IkZpcnN0bmFtZSBMYXN0bmFtZSIsIkVtYWlsIjoic29tZW9uZUBtYWlsLmNvbSJ9.bGpZNDg6YHtKlTFw7_yuyn3SAICmfvdIV1yX7mIKrTw[\r][\n]"
23:01:44.811 [main] DEBUG org.apache.http.wire --  >> "Accept: */*[\r][\n]"
23:01:44.811 [main] DEBUG org.apache.http.wire --  >> "Content-Type: text/plain; charset=ISO-8859-1[\r][\n]"
23:01:44.811 [main] DEBUG org.apache.http.wire --  >> "Content-Length: 47[\r][\n]"
23:01:44.811 [main] DEBUG org.apache.http.wire --  >> "Host: altashop-api.fly.dev[\r][\n]"
23:01:44.811 [main] DEBUG org.apache.http.wire --  >> "Connection: Keep-Alive[\r][\n]"
23:01:44.811 [main] DEBUG org.apache.http.wire --  >> "User-Agent: Apache-HttpClient/4.5.13 (Java/20)[\r][\n]"
23:01:44.811 [main] DEBUG org.apache.http.wire --  >> "Accept-Encoding: gzip,deflate[\r][\n]"
23:01:44.811 [main] DEBUG org.apache.http.wire --  >> "[\r][\n]"
23:01:44.811 [main] DEBUG org.apache.http.headers -- >> POST /api/categories HTTP/1.1
23:01:44.812 [main] DEBUG org.apache.http.headers -- >> Authorization: Bearer eyJhbGciOiJIUzI1NiIsInR5cCI6IkpXVCJ9.eyJGdWxsbmFtZSI6IkZpcnN0bmFtZSBMYXN0bmFtZSIsIkVtYWlsIjoic29tZW9uZUBtYWlsLmNvbSJ9.bGpZNDg6YHtKlTFw7_yuyn3SAICmfvdIV1yX7mIKrTw
23:01:44.812 [main] DEBUG org.apache.http.headers -- >> Accept: */*
23:01:44.812 [main] DEBUG org.apache.http.headers -- >> Content-Type: text/plain; charset=ISO-8859-1
23:01:44.812 [main] DEBUG org.apache.http.headers -- >> Content-Length: 47
23:01:44.812 [main] DEBUG org.apache.http.headers -- >> Host: altashop-api.fly.dev
23:01:44.812 [main] DEBUG org.apache.http.headers -- >> Connection: Keep-Alive
23:01:44.812 [main] DEBUG org.apache.http.headers -- >> User-Agent: Apache-HttpClient/4.5.13 (Java/20)
23:01:44.812 [main] DEBUG org.apache.http.headers -- >> Accept-Encoding: gzip,deflate
23:01:44.812 [main] DEBUG org.apache.http.wire --  >> "{"name":"DICOBA YAH","description":"API WORKS"}"
23:01:44.952 [main] DEBUG org.apache.http.wire --  << "HTTP/1.1 200 OK[\r][\n]"
23:01:44.952 [main] DEBUG org.apache.http.wire --  << "content-type: application/json[\r][\n]"
23:01:44.953 [main] DEBUG org.apache.http.wire --  << "date: Sat, 06 May 2023 16:01:44 GMT[\r][\n]"
23:01:44.953 [main] DEBUG org.apache.http.wire --  << "content-encoding: gzip[\r][\n]"
23:01:44.953 [main] DEBUG org.apache.http.wire --  << "transfer-encoding: chunked[\r][\n]"
23:01:44.953 [main] DEBUG org.apache.http.wire --  << "server: Fly/3f2597ca (2023-05-03)[\r][\n]"
23:01:44.953 [main] DEBUG org.apache.http.wire --  << "via: 1.1 fly.io[\r][\n]"
23:01:44.953 [main] DEBUG org.apache.http.wire --  << "fly-request-id: 01GZRWRDEEEMCCWY98HB97JCCN-sin[\r][\n]"
23:01:44.953 [main] DEBUG org.apache.http.wire --  << "[\r][\n]"
23:01:44.953 [main] DEBUG org.apache.http.impl.conn.DefaultClientConnection -- Receiving response: HTTP/1.1 200 OK
23:01:44.953 [main] DEBUG org.apache.http.headers -- << HTTP/1.1 200 OK
23:01:44.953 [main] DEBUG org.apache.http.headers -- << content-type: application/json
23:01:44.953 [main] DEBUG org.apache.http.headers -- << date: Sat, 06 May 2023 16:01:44 GMT
23:01:44.954 [main] DEBUG org.apache.http.headers -- << content-encoding: gzip
23:01:44.954 [main] DEBUG org.apache.http.headers -- << transfer-encoding: chunked
23:01:44.954 [main] DEBUG org.apache.http.headers -- << server: Fly/3f2597ca (2023-05-03)
23:01:44.954 [main] DEBUG org.apache.http.headers -- << via: 1.1 fly.io
23:01:44.954 [main] DEBUG org.apache.http.headers -- << fly-request-id: 01GZRWRDEEEMCCWY98HB97JCCN-sin
23:01:44.955 [main] DEBUG org.apache.http.impl.client.DefaultHttpClient -- Connection can be kept alive indefinitely
23:01:44.955 [main] DEBUG io.restassured.internal.RestAssuredHttpBuilder -- Parsing response as: application/json
23:01:44.956 [main] DEBUG org.apache.http.wire --  << "58[\r][\n]"
23:01:44.956 [main] DEBUG org.apache.http.wire --  << "[0x1f][0x8b][0x8][0x0][0x0][0x0][0x0][0x0][0x4][0xff][0xab]VJI,IT[0xb2][0xaa]V[0xf2]tQ[0xb2]2464[0xb4][0xd0]Q[0xf2]K[0xcc]MU[0xb2]Rr[0xf1]t[0xf6]wrT[0x88]t[0xf4]P[0xd2]QrI-N.[0xca],([0xc9][0xcc][0xcf]S[0xb2]Rr[0xc][0xf0]T[0x8][0xf7][0xf][0xf2][0xe]V[0xaa][0xad][0xe5][0x2][0x0]{[0xb9]E[0xf4]D[0x0][0x0][0x0]"
23:01:44.956 [main] DEBUG org.apache.http.wire --  << "[\r][\n]"
23:01:44.956 [main] DEBUG org.apache.http.wire --  << "0[\r][\n]"
23:01:44.957 [main] DEBUG org.apache.http.wire --  << "[\r][\n]"
23:01:44.957 [main] DEBUG io.restassured.internal.RestAssuredHttpBuilder -- Parsed data to instance of: class org.apache.http.conn.EofSensorInputStream
23:01:44.961 [main] DEBUG org.apache.http.impl.conn.BasicClientConnectionManager -- Releasing connection org.apache.http.impl.conn.ManagedClientConnectionImpl@1a9ce44
23:01:44.962 [main] DEBUG org.apache.http.impl.conn.BasicClientConnectionManager -- Connection can be kept alive indefinitely
23:01:44.964 [main] DEBUG net.thucydides.core.steps.StepInterceptor -- STEP DONE: sendRequestCategory
  &amp#27;[32mAnd &amp#27;[0m&amp#27;[32mI send request to endpoint category&amp#27;[0m             &amp#27;[90m# starter.stepdefinitions.UserSteps.userSendRequestToEndpointKategori()&amp#27;[0m
  &amp#27;[32mThen &amp#27;[0m&amp#27;[32mget status code 200 product category&amp#27;[0m           &amp#27;[90m# starter.stepdefinitions.UserSteps.statusCodeCate()&amp#27;[0m
23:01:44.991 [main] DEBUG net.thucydides.core.steps.StepInterceptor -- STARTING STEP: UserSteps.userSeeNewKategoriResponse - categoryResponse
23:01:45.000 [main] DEBUG net.thucydides.core.steps.StepInterceptor -- STEP DONE: categoryResponse
  &amp#27;[32mAnd &amp#27;[0m&amp#27;[32mI saw new category response&amp#27;[0m                     &amp#27;[90m# starter.stepdefinitions.UserSteps.userSeeNewKategoriResponse()&amp#27;[0m
23:01:45.010 [main] INFO  -- 
  _____   ___   ___   _____     ___     _     ___   ___   ___   ___  
 |_   _| | __| / __| |_   _|   | _ \   /_\   / __| / __| | __| |   \ 
   | |   | _|  \__ \   | |     |  _/  / _ \  \__ \ \__ \ | _|  | |) |
   |_|   |___| |___/   |_|     |_|   /_/ \_\ |___/ |___/ |___| |___/ 

POST category want to create a new category
----------------------------------------------------------------------
]]></system-out>
  </testcase>
  <testcase name="GET CATEGORY get all categories" classname="Product Category" time="0.891">
    <system-out><![CDATA[
Scenario: GET CATEGORY get all categories   &amp#27;[90m# src/test/resources/features/ProdCate.feature:11&amp#27;[0m
23:01:45.031 [main] DEBUG io.cucumber.core.plugin.SerenityReporter -- Running feature from file:///D:/Intelij/restapiMiniproject%20Elisa/src/test/resources/features/ProdCate.feature
23:01:45.044 [main] INFO  -- 
  _____   ___   ___   _____     ___   _____     _     ___   _____   ___   ___  
 |_   _| | __| / __| |_   _|   / __| |_   _|   /_\   | _ \ |_   _| | __| |   \ 
   | |   | _|  \__ \   | |     \__ \   | |    / _ \  |   /   | |   | _|  | |) |
   |_|   |___| |___/   |_|     |___/   |_|   /_/ \_\ |_|_\   |_|   |___| |___/ 

GET CATEGORY get all categories(product-category;get-category-get-all-categories)
--------------------------------------------------------------------------------
23:01:45.104 [main] DEBUG net.thucydides.core.steps.StepInterceptor -- STARTING STEP: UserSteps.userSetEndpointForKategori - endpointCategory
23:01:45.104 [main] DEBUG net.thucydides.core.steps.StepInterceptor -- STEP DONE: endpointCategory
  &amp#27;[32mGiven &amp#27;[0m&amp#27;[32mI set endpoint for categorry&amp#27;[0m        &amp#27;[90m# starter.stepdefinitions.UserSteps.userSetEndpointForKategori()&amp#27;[0m
23:01:45.117 [main] DEBUG net.thucydides.core.steps.StepInterceptor -- STARTING STEP: UserSteps.userSendRequestKategori - sendCategoryREQ
23:01:45.125 [main] DEBUG net.thucydides.core.steps.StepInterceptor -- STARTING STEP: ProductCate.sendCategoryREQ - endpointCategory
23:01:45.125 [main] DEBUG net.thucydides.core.steps.StepInterceptor -- STEP DONE: endpointCategory
23:01:45.178 [main] DEBUG org.apache.http.impl.conn.BasicClientConnectionManager -- Get connection for route {s}->https://altashop-api.fly.dev:443
23:01:45.179 [main] DEBUG org.apache.http.impl.conn.DefaultClientConnectionOperator -- Connecting to altashop-api.fly.dev:443
23:01:45.367 [main] DEBUG org.apache.http.client.protocol.RequestAddCookies -- CookieSpec selected: ignoreCookies
23:01:45.368 [main] DEBUG org.apache.http.client.protocol.RequestAuthCache -- Auth cache not set in the context
23:01:45.368 [main] DEBUG org.apache.http.client.protocol.RequestProxyAuthentication -- Proxy auth state: UNCHALLENGED
23:01:45.368 [main] DEBUG org.apache.http.impl.client.DefaultHttpClient -- Attempt 1 to execute request
23:01:45.368 [main] DEBUG org.apache.http.impl.conn.DefaultClientConnection -- Sending request: GET /api/categories HTTP/1.1
23:01:45.368 [main] DEBUG org.apache.http.wire --  >> "GET /api/categories HTTP/1.1[\r][\n]"
23:01:45.369 [main] DEBUG org.apache.http.wire --  >> "Authorization: Bearer eyJhbGciOiJIUzI1NiIsInR5cCI6IkpXVCJ9.eyJGdWxsbmFtZSI6IkZpcnN0bmFtZSBMYXN0bmFtZSIsIkVtYWlsIjoic29tZW9uZUBtYWlsLmNvbSJ9.bGpZNDg6YHtKlTFw7_yuyn3SAICmfvdIV1yX7mIKrTw[\r][\n]"
23:01:45.369 [main] DEBUG org.apache.http.wire --  >> "Accept: */*[\r][\n]"
23:01:45.369 [main] DEBUG org.apache.http.wire --  >> "Host: altashop-api.fly.dev[\r][\n]"
23:01:45.369 [main] DEBUG org.apache.http.wire --  >> "Connection: Keep-Alive[\r][\n]"
23:01:45.369 [main] DEBUG org.apache.http.wire --  >> "User-Agent: Apache-HttpClient/4.5.13 (Java/20)[\r][\n]"
23:01:45.369 [main] DEBUG org.apache.http.wire --  >> "Accept-Encoding: gzip,deflate[\r][\n]"
23:01:45.369 [main] DEBUG org.apache.http.wire --  >> "[\r][\n]"
23:01:45.369 [main] DEBUG org.apache.http.headers -- >> GET /api/categories HTTP/1.1
23:01:45.369 [main] DEBUG org.apache.http.headers -- >> Authorization: Bearer eyJhbGciOiJIUzI1NiIsInR5cCI6IkpXVCJ9.eyJGdWxsbmFtZSI6IkZpcnN0bmFtZSBMYXN0bmFtZSIsIkVtYWlsIjoic29tZW9uZUBtYWlsLmNvbSJ9.bGpZNDg6YHtKlTFw7_yuyn3SAICmfvdIV1yX7mIKrTw
23:01:45.369 [main] DEBUG org.apache.http.headers -- >> Accept: */*
23:01:45.369 [main] DEBUG org.apache.http.headers -- >> Host: altashop-api.fly.dev
23:01:45.369 [main] DEBUG org.apache.http.headers -- >> Connection: Keep-Alive
23:01:45.369 [main] DEBUG org.apache.http.headers -- >> User-Agent: Apache-HttpClient/4.5.13 (Java/20)
23:01:45.369 [main] DEBUG org.apache.http.headers -- >> Accept-Encoding: gzip,deflate
23:01:45.460 [main] DEBUG org.apache.http.wire --  << "HTTP/1.1 200 OK[\r][\n]"
23:01:45.460 [main] DEBUG org.apache.http.wire --  << "content-type: application/json[\r][\n]"
23:01:45.460 [main] DEBUG org.apache.http.wire --  << "date: Sat, 06 May 2023 16:01:45 GMT[\r][\n]"
23:01:45.460 [main] DEBUG org.apache.http.wire --  << "transfer-encoding: chunked[\r][\n]"
23:01:45.460 [main] DEBUG org.apache.http.wire --  << "content-encoding: gzip[\r][\n]"
23:01:45.460 [main] DEBUG org.apache.http.wire --  << "server: Fly/3f2597ca (2023-05-03)[\r][\n]"
23:01:45.460 [main] DEBUG org.apache.http.wire --  << "via: 1.1 fly.io[\r][\n]"
23:01:45.460 [main] DEBUG org.apache.http.wire --  << "fly-request-id: 01GZRWRDY0YMYS64GZJSSY3SGS-sin[\r][\n]"
23:01:45.460 [main] DEBUG org.apache.http.wire --  << "[\r][\n]"
23:01:45.461 [main] DEBUG org.apache.http.impl.conn.DefaultClientConnection -- Receiving response: HTTP/1.1 200 OK
23:01:45.461 [main] DEBUG org.apache.http.headers -- << HTTP/1.1 200 OK
23:01:45.461 [main] DEBUG org.apache.http.headers -- << content-type: application/json
23:01:45.461 [main] DEBUG org.apache.http.headers -- << date: Sat, 06 May 2023 16:01:45 GMT
23:01:45.461 [main] DEBUG org.apache.http.headers -- << transfer-encoding: chunked
23:01:45.461 [main] DEBUG org.apache.http.headers -- << content-encoding: gzip
23:01:45.461 [main] DEBUG org.apache.http.headers -- << server: Fly/3f2597ca (2023-05-03)
23:01:45.461 [main] DEBUG org.apache.http.headers -- << via: 1.1 fly.io
23:01:45.461 [main] DEBUG org.apache.http.headers -- << fly-request-id: 01GZRWRDY0YMYS64GZJSSY3SGS-sin
23:01:45.461 [main] DEBUG org.apache.http.impl.client.DefaultHttpClient -- Connection can be kept alive indefinitely
23:01:45.462 [main] DEBUG io.restassured.internal.RestAssuredHttpBuilder -- Parsing response as: application/json
23:01:45.462 [main] DEBUG org.apache.http.wire --  << "4F6[\r][\n]"
23:01:45.463 [main] DEBUG org.apache.http.wire --  << "[0x1f][0x8b][0x8][0x0][0x0][0x0][0x0][0x0][0x4][0xff][0xaa]VJI,IT[0xb2][0x8a][0xae]V[0xf2]tQ[0xb2]24250[0xd5]Q[0xf2]K[0xcc]MU[0xb2]Rr+-[0xca][0xcb],)-JU[0xd2]QrI-N.[0xca],([0xc9][0xcc][0xcf]S[0xb2]RJ[0xcb]/RHO[0xcc][0xcd][0xcc]KW((-*[0xc8]/N-V[0xaa][0xd5]A[0x98]aA[0x5]3,[0xe1]f(:([0xab][0xa8][0x92][0xea][0x6]CC[0xb8]~[0x88]KI6[0xc0][0x98]R[0x3]L(5[0xc0][0x8c]R[0x3][0xcc])5[0x0][0x11][0x9][0xe4][0x5][0xa2][0x91][0x1][0x85].02[0xa2][0xd4][0x0]D4[0x86][0xa5][0x96][0xa4][0x16]e[0xe6]%[0x16]Ub[0xa4][0x85][0xd4][0x9c][0xd4][0xe4][0x92][0xa2][0xcc][0xe4][0xcc][0xc4]<[0xe4][0x84]l[0x84][0xc8][0xc][0xbe][0xf9][0xa0][0xb4][0xaf][0x10][0x90][0x99][0xc][0xca][0x11][0xc5][\n]"
23:01:45.463 [main] DEBUG org.apache.http.wire --  << "[0x89]y)[\n]"
23:01:45.463 [main] DEBUG org.apache.http.wire --  << "n[0x99]9[0xb9][0x18]Fe$f[0x16][0xa5][0x14][0xa5][0x16][0x17][0xa7][0x16][0xa1][0x18][0x85][0x88][0xb][0x8f][0xd2][0xdc][0xc4]<[0x85][0xa0][0xd4][0xe2][0xfc][0xd2][0xa2][0xe4][0xd4]b[0xc][0x13][0xca]3[0xf3]R[0xf2][0xcb][0x15][0x92]sR[0x13][0xf3][0xd0][0xc]A[0xc4][0x87]kJir"[0xd8]I[0xbe][0x89]y[0x89][0xe9][0xa9][0xb9][0xa9]y%[0x18]&[0x15][0xe4][0xe7]d&[0xa7]*[0xe4][0xa7][0xa5]e&[0xa3][0x9a]d[0x8c][0xc8][0x1e]A[0x89][0x99]9E[0xf9][0x89])[\n]"
23:01:45.463 [main] DEBUG org.apache.http.wire --  << "[0xbe][0x89]y[0xa5]i[0x89]`[0xff]a[0x98][0x94]XR[0x92]_[0x94][0x97]Z[0xa9][0x90]X[0xa2][0x90][0x93]X[0x8e][0xec]3cD[0x8];%[0x96]$[0xa6][0xe7][0x17])[0x84][0xe7]g[0x97]b[0x18][0xe1][0x9c][0x9a][0x9b][0x99][0x93][0x98][0xa7]P[0x9c][0x9a][0x1]2$[0xb5]*[0xb1]D!)[0xb5](=[0xb3]*[0x13][0xc5]8J[0xb3][0x8d]1"[0xd2] [0x89]6[0x1d][0xc3])[0x4][0xca]/cD[0xc6]+I-.[0xc1][0x12]E([0xe]F[0x94]v[0xe4][0xda][0x87][0x88]V"[0xec]3AD[0x9d];[0xb8][0xc][0xc6][0xf0][0x9e][0x1b][0xfe][0xe2][0xd9][0x4][0x91][0xa7]p[0x18][0x80][0xec]=[0x13]D[0xf4][0x92][0xe9]=[0x13]D[0x8c][0x12][0xe3]=DF![0xc2]u[0xa6][0x88][0xc0][0x80][0xb8][0xe]#0[0x8][0xc4][0xb5])"0[0xc8]4[0x0][0x11]>[0xd4]H[0xfe][0xa6][0x88][0xc0][0xa2][0x8a]q[0x88][0xcc]@[0x15][0xe3][0x10]9[0x83]*[0xc6]![0xe2][0x9a]*[0xc6]!r"U[0x8c]CdKj[0x18]gFi]h[0x86]H[0xeb][0x8e][0xd9]I[0x89]E[\n]"
23:01:45.463 [main] DEBUG org.apache.http.wire --  << "A[0x99]U[0xd9][0x95][\n]"
23:01:45.463 [main] DEBUG org.apache.http.wire --  << "n[0x89][0x19]E[0xa5]E[0xf9]U[0x98][0xb5]Znf^[0xa6]BAQ~Vjr[0x9]r[0x96]6C[0xa4]y[0xaa]x[0xc][0x91][0x3][0xc8][0xcb]Bf[0x88]4O[0xa6][0x1][0xd4]M[0xe5]f[0x88]TN[0xa6]{[0x10][0xe9][0xda]9[0xb1]$5=[0xbf][0xa8]R[0xc1][0xb1]4'3[0x11][0xa3]t[0x2][0xc5]P2LI"X[0x9]RC[0xda][0xc][0x91][0xa0][0xf3][0x12]s[0x13]Aq[0x99]R[0x9a][0x8d]aH6[0xc4][0x0]p\[0x83][0xe4][0x91]M[0xa0]n[0x1a]6G$A[0xf2]B[0xc6][0x1c][0x91][0xf4][0xc8]4[0x80][0xd2][0xc4]fNib3G$62[0xbd]@i[0xf2]2G$[0xb]2][0x80]H[0x15][0x10][0x3]Hn"Y [\n]"
23:01:45.463 [main] DEBUG org.apache.http.wire --  << "3"[0xea]t[0xb]Jc[0xdd][0x82][0xd2]X[0xb7]@[0xc4]:1[0xee][0xa5]4[0x86],[0x10][0x5][0x0]1[0xd6][0xa1]G[0x7]F[0xe]'[0xd0][0x88][0xb1]D[0xc4]FHj1f?[0xc0]3/S[0x1]$[0x1][0xea][0xb0][0xbb]g[0xa6][0xe6] W[0x6][0x96][0x94]fiKJ#[0xd7][0x92][0xd2][0xc8][0xb5]DD.$9[0x93][0x1c]~[0x94]fiKJ[0x13][0x8c]%"[0xc1][0x90][0xe9][0x5]J[0xcb][0x4]KD"$[0x9c]d[0xcd][0xc](L5f[0x6][0x88]TC[0x8c]u[0x14][0xc6][0xb0][0x19][0xd2][0xb0][0x16]1[0xd6]Q[0x18][0x1b]f[0x6][0x88][0xd8] [0xc2]:[0xa4][0xb1][0xaa][0xdc][0xc4][0xec][0xc4][0xbc][0xc4]<[0x8c][0x4][0xc][0x13]GT[0xed]f[0x86][0x88][0x10]$+[0xc9][0x98][0x19]R[0x98][0xef][0xcc][0xc])[0x8d][0x15]C[\n]"
23:01:45.463 [main] DEBUG org.apache.http.wire --  << "[0xf3][0x9d][0x99]![0x85][0xf9][0xce][0xcc][0x10][0x11][0xd3]Th[\n]"
23:01:45.463 [main] DEBUG org.apache.http.wire --  << "[0x9b][0x19]"[0xe2]=<[0xb3](5'[0xb5][0x18]sx[0xa7] [0xa3][0xb2]839[0xb3][0x18][0xb9]InF[0xe9]@[0x99][0x19][0xa5][0x3]efF[0x94]F[0xa6][0x11][0xa5]qa[0x84][0x8]<[0x1c][0x9]:[0xb1]8[0x5][0xa9][0xea]23B-[0xb2]@[0xb5][AQ~Ji2f[\r]X[0x92][0x91]Y[0xac][0x90]Y[0xac]P[0x92][0x91][\n]"
23:01:45.464 [main] DEBUG org.apache.http.wire --  << "iE'[0x97]([0xa4] [0x8d]i#[0xe5]+cDe[\n]"
23:01:45.464 [main] DEBUG org.apache.http.wire --  << "[0xca][0xbb][0xd4]2[0x15]Q`[0x12]2[0x15][0xd9][0x8b][0xc6][0x88]LNH[0x1b])^D[0xe4]|B[0xa6][0xa2]8[0x86][0xd2][0xec][0x8a]6[0xb0]F[0xad][0xa0]E[0xe4]aR|[0x83]4[0x8e]FH[0x1b][0x9]A[0x8b]4[0xb8]F[0xc8]T[0xe4][0xa0]E[0x1a]#[0xc3][0x91][0xf6][0xf1]7[0x1][0xcd]L([0xcd]}&[0x4]s[0x1f][0x1][0x17][0x98]"[0xf2][\r]y^[0xa0]t([0xce][0xcc][0x94][0xf8]dMB[0x8c][0x9a]R[0x9a][0xea]M[0x11]Q[0x13][0x90][0x9f][0x93]Y^[0x94]X[0x92][0x81]Q[0xc1][0x7][0xa5][0x16][0x94][0xa6]d&[0xe6][0xa5]$[0xa6]*[0xe4][0xa5][0x16]'g[0x96][0xe6][0x95]([0xa4]V$[0xa7][0x16][0x94][0x94][0x16]e*[0xa4][0xe4][0xe7][0xe4][0x17][0xa5]*[0xa4][0x96][0xe6]*[0x14][0xa7][0x16][0x96]f[0xea]!'[0x1e]SD[0x6][0xf0]ML[0xce][0xc8][0xcf][0xc6][0x9c][0xb1][0xb],M,[0xce]TH+MOT[0xc8][0xcb][0xcf]S(,[0xcd]OQ[0xc8][0xcc]-HM[0xc9],Q(K[0xcd][0xc9],A5[0x90][0xd2][0xb4]@[0xe9]X[0x97][0x19][0xd2][0x10][0x15]$1[0x91][0xda]C53CM[0xc][0xf8][0x7][0xf1][0xcd][0xcc][0x10][0x91]lhd[0xac][0x90][0x98][0x85]9T[0x3]J[0xfe][0xb9][0xa9]E[0xc9][0x19][0xd8][0xe6]<[0xcd]([0x1d]323CTf[0x10][0x1f]c$[0x11][0x90][0x3] RX]`Ni[0xfe]3G[0x84][0x18][0xc4][0x1a][0x92]]@i[0x13][0xc2][0x1c][0x91][0x90][0xc9]s[0x1][0xd2][0xb0][0x4][0x99][0x6]P[0x1a][0x6][0x16][0x88][0xcc]N[0xb4][0xb][0x0][0x0][0x0][0x0][0xff][0xff]"
23:01:45.464 [main] DEBUG org.apache.http.wire --  << "[\r][\n]"
23:01:45.465 [main] DEBUG org.apache.http.wire --  << "553[\r][\n]"
23:01:45.465 [main] DEBUG org.apache.http.wire --  << "B[0x9e]<7C[0x1a]:[0xc0]a[0x0]r[0xd6][0xa7][0xb4][0xf7]nF[0xb8][0xf7][0x8e]b[0x1d][0xa5][0xbe]#[0xdc][0xcf]E[0xb2][0xce][0x9c][0xd2]^[0xa6]9R/[0x13]G`[0xe2][0xcf]T[0xe6][0x6][0x14][0xa6][0x7]s[0x3][\n]"
23:01:45.465 [main] DEBUG org.apache.http.wire --  << "[0xf3][0x84]9R[0xcf][0x95]L/P[0x18]g[0xe6][0x6][0x4]s%r[0x9c]!uf[0xc9]s/[0xa5][0xfd]Zs[0xa4]~-[0x8e][0x19]D[0xfc][0x13][0xa4][0xe6]H[0xdd]R2[\r]@[0x84][0x18][0xe][0x3]PB[0x8c][0xc2][0xda][0xd6][0xdc][0x90]`[0xd5][0x81]l[0x9d][0x11]"I[0xe3]p[0x1c][0x81][0xe0]A[0xea])[0xe2]0[0x0][0xc5]:J[0x93][0x9f][0x11]"0q$(d[0xeb][0x90][0x16]6[0xe0]PM [0xc7]#[0xf5][0xb8]p[0x18][0x80]b[0x1d][0xa5][0xbe]3&[0xc9]wH}[0x16][0x1c][0x8e]#[0xe0];[0xa4][0xee][0x9][0xe][0x3][0x90]}[0x87][0xd4][0xa9] [0xd4][0x99]![0xbe]Amn[0x82][0xf0]2!SQ[0x1c][0x83]H[0xe5][0x84][0xb4][0x91][0xe0][0x18][0xa4][0x5][0x4]8[0x12]3[0x81][0xdc][0x80][0xd4]k[0xc1]a[0x0][0xb2]'[0x90][0xa6][0xf7]q[0xa8]&d[0x1d][0xa2][0xa1][0x8a][0xc3][0x0][0x14][0xeb][0x10]A[0x8d]#[0xba][0x9][0xa4][0x17]SD[0xd9][0x84][0xc3]:B[0xee]E[0xc4][0x1a][0xe][0x3][0x90][0xdd][0x8b]4[0xc5]M[0x85][0xe1]8s[0x8c]^[0x4][0x89]-Zs[0xa4]N[0x4]y[0xe1][0x87]4[0xb5][0x8d]{9%\F[0xc1]+[0xb5] [0xb1]([0x11]%D(-`[0xcc](M[0x2][0x94][0xf6]+[0xcc])[0x9d]46[0xa7]t[0xd2][0xd8][0x1c][0xa9]g[0x3][0xf]k[0x8c][0xa4][0x0][0x97][0xc1][0x12][0xb][0x94][0xce][0xf9][0x9a][0x9b]#[0xa2][0xd1][0xad][0xa8]4[0x13]s[0x80][0x12]9[0xce])[0xed][0x6][0x99]#M[0x10][0x13]a[0x1b]"[0x87]bW[0x9c][0x9e][0x9f][0x9f][0xa2][0x0]*'2R[0x13]sJ2[0x90]]Ji[0xcb][0xdc][0x2]1,J^[0x6][0xa3]tj[0xd9][0x9c][0xd2][0xa9]es[0xa4][0xa9]e2[0xbd][0x80]([0xd2][0xc9]4[0x0][0x91][0xb8][0xc8]4[0x80][0xd2]2[0xc2][0x2]QM[0x90][0xe7][0x2][0xa4][0x19]l2[\r][0xa0]4![0x11][0xee][0x8][0x83][0xb2][0x0][0xc4]q[0xd8][0xc6]_[0xcc][0x91][0xa6][0xb1][0xa9]QwQ:[0xa9]mnIi[0xb2]"<[0xa9][0x8d]\[0x14] [0xf5][0xec][0xa9][0xe2]}[0x8a]S[0x14][0xa2]X[0x83]D[0x1a]F[0x81][0x8f]?>-[0xc]([0x1c]O[0xb3][0xa0]t[0xf4][0xc2][0x2][0xa9][0xeb][0xf][0x9b][0xff]E[0xdf][0x89][0x1][0x13]G[0xcc]_Y u[0xd7][0xdd][0x1d]}=[0xfd][0xdc]I[0xf6]8"[0xe8][0x1d][0x93][0x93]S[0x8b][0x8b][0xf3][0x8b]2[0xb1][0xc][0x9f][0x96][0xe4]+[0xa4][0xe6]e$[0xe6]%[0xa7]*$[0x16][0x14][0xa4]&[0x16][0x81][0x98]H)[0xc2][0xc2][0x10][0x11][0x80]TH[0x11][0x16][0x94][0xe],X [\r],P[0xc5]=[0x88]~4U[0x8c]CdW[0xca]B[0x1d]Q[0x96]Sd[0x8e][0x11][0xa2]@[0xa5][0xc8][0x1c][0x3]J[0xf3]![0xa5]s[0xfc][0x16]H[0x93][0xf2][0xe4][0x95][0x4][0x84][0xc7]W[0x8][0x14]%[0x94][0xce][0xee][ [0xcd][0xee]S[0x14][0x19]Hc?[0xe4][0x5][0x5][0xd2][0xd8][0xf]e[0xe][0xa1]Rj[0xa7]t[0xd1][0x81][0x5][0xe1][0xd1]%Bq[0x8b](-[0xc9][0xc]RJ3[0x8][0xd2][0x82][0x5][0x1c].@.[0x95])[0x1d] [0xb3]@[0x1a] [0xa3]([0x9] -[0x6][0xc0][0xe1]l[0x2]![0x8f]4tF[0x99]C([0x8d]AcJc[0xd0][0x4]QS[0x92][0x17][0x14][0x94][0x8e][0xb]Z[0x10][0x1e][0x17]$[0x10][0x19][0x18][0xdb][0x84]HmuP[0xba][0x2][0xc2][0xc2][0x4]Q[0xa4][0x90][0x19][0x88][0x88]n[0x14]E[0xe9][0x9]i|[0x93]L[0x87]P[0x9a] M(M[0x90][0x94][0xae][0xe5][0xb0]@[0x1a]V%g[0xfb][0xae][0x5][0xd2]R[0xe][0xf2][0xc2][0x10]i[0xa0][0x95]L[0x3][0x10][0xc9][0x89][0xa2][0xd4][0x80][0xb4][0xfa][0x83]2s[0x10][0xed]:2=[0x84]HUdE[0x9][0xd2][0x9a][0xe][0x8a]<[0x82]4[0xc6]K[0x9e]G([0x1d][0xd5][0xb5][0xa0]tT[0xd7][0x2]iT[0x97][0xbc][0xa0]D[0x94]4d[0x6][0x1]"1[0x90][0xe7][0x0]J[0xb][0x8][0xa4]Aa[0xb2][0x1c]@[0xe9][0x90][0xae][0x5][0xd2][0x90].y[0xe]@do[0xf2][0xa2][0x0]iD[0x97]<[0x7] [0xb2]#[0x99][0xe]@[0xc4]!Y[0xe][0xa0]t[0xe8][0xd5][0x2]i[0xe8][0x95]<[0x7]P[0xb8]4[0xc2][0xc2][0x82][0xd2]8DZ[0xac]C[0x9e][0xf]([0x8d]C[0xb][\n]"
23:01:45.466 [main] DEBUG org.apache.http.wire --  << "[0xe3][0x90][0xd2][0xe5]?[0x16]H[0xa3][0x9e]d[0x85][0x0][0xa5][0xa3][0x94][0x16]H[0xa3][0x94][0xe4]9[0x0]Q[0x12]&[0xe7][0xe7][0x95][0xe4]g[0xe8]B[0xb7]Sb[0x1b][0xb2]rK,[0xce][0xc8][0xcc][0xcf]KL[0xca]IE[0xee][0x12]Y"[0xa2][0x91][0xb0][0x19][0x98]*[0x90][0xc6][0xde][0x90]6[0xd1][0x90][0x95][0xa9]-)[0x1d]3[0xb4][0xa4]t[0xc1][0x92]%[0xd2][0xa0]#[0x99]^@[0xc4][0x8][0x99][0x6] 2[0x5][0x8e])c[0xfc]s[0xce][0x96]H[0x3][0x8f]8[0xc]@[0x8a]}K[0xa4]aA[0x1c][0xaa][0x9]Y[0x87][0x18][0x8][0xc4]a[0x0][0x8a]u[0x88]B[0xb][0x87]jB[0xd6]![0x1a][0xf]8[0xc]@[0xb1][0xe][0x91][0xb6][0xc9][0x8b][\r]J[0x7][0xbf],)[0x1d][0xfc][0xb2]D[0x1a][0x89]$[0xcf][0xb]H[0xa3]gd[0x1a][0x80][0x88]a2[\r][0xa0][0xb0][0xaa][0xb3]D[0x1a][0xe7][0xc2][0x11][0xe9][0x4]R[\r][0xd2]8[0x17][0xe][0x3][0x90]S[\r][0xd2][0xce][0x1a][0xf2]<L[0xe9]([0x93]%[0xd2]([0x13][0xe][0xf7][0x12][0xf0]0[0xd2][0xb1]48[0xc]@[0xf6]0[0xc6][0xa1]1$[0xe]_XR:[0x9a]ei[0x8c][0xc8][0xa8]8[0xdc]K[0xc8][0xc3][0x4][0x8b]Md[0xf]#[0x8d][0x18][0x91]g[0x1d][0xd2][0x88][0x11][0xe][0x3]P[0xac][0xa3]4[0x3]P:[0xba]c[0x89][0xb4][0x96][0x8d][0xbc]$M[0xe9][0xb0][0x8e]%[0xa5];l,)[0x1d][0x95][0xb1]DZ[0xab]F^[0x18]P:[0xaa]bI[0xe9]f[0x1a]K[0xa4][0xe1][0x14]2[0xbd]@i[0xf3][0x4]iI[0x1c]y.[0xa0]t[0xfc][0xc2][0x92][0xd2][0xf1][0xb]KJ7[0xab]X[0x9a][0x12],k[0x8][0x14]VH[0x83]ID[0x94][0x1e]H[0xe3]-d[0x6]9[0xa2][0xd1]E[0xa6][0x1][0x94][0xa6][0x1a][0xa4][0xed]=[0xd4][[0xbd]j[0x89]4[0xc]C[0xc8]T[0xe4][0xd2][0x18]i[0xf4][0x85][0x90]6[0xe2][0x97][0xd2]ZRz[0xb2][0x8a]%[0xa5][0xab][0xec],[0x91][0xc6]d[0xc8][0x8b]fJW[0xde]Y"[0xad][0xbc]#[0xd3][0x5][0x88][0x9c]E[0x9e][0x1][0x94].[0xc9][0xb3]D[0x1a][0x17]rNL[0xc9]--V[0x8]H-K-J[0xcd][0xc9][0xc1]h[0x13]y[0x94][0xa6][0xa5][0xe5][0xa4][0x16][0x94][0xa6][0xa5]![0xa7].[0xa4]q![0xa7][0xd2][0xe4][0xec][0xa4][0xd4]D[0xcc]#[0x8b][0x82]s*K2@[0xa7]1[0xa2]hD4[0xb3][0xdd]S[0xf3][0x8b][0xd2]S"
23:01:45.466 [main] DEBUG org.apache.http.wire --  << "[\r][\n]"
23:01:45.466 [main] DEBUG org.apache.http.wire --  << "141[\r][\n]"
23:01:45.466 [main] DEBUG org.apache.http.wire --  << "[0x15][0xc2]S[0x13][0x8b]sR1O[0xb6][\n]"
23:01:45.467 [main] DEBUG org.apache.http.wire --  << "[0xc9]([0xcd]KI-J[0xca],B[0xde][0x10]nI[0xe9]R<K[0xa4][0x1]!2C[0x1f][0xd1][0x8a]#[0xcf][0x0]J[0x17][0xc2]Y"[0x8d][0xe8][0x90][0xe9][0x2]J[0x9b]jHC:d[0xba][0x0][0xd1][0xc3]%[0xd3][0x0]JKk[0xa4][0x11]![0x8a][0x8e]Z[0xb3]D[0x1a][0x10][0xa2][0xc4] c[0x3][\n]"
23:01:45.467 [main] DEBUG org.apache.http.wire --  << "W[0xa3][0x19][0x1b] m[0x85][0xb]H-[0xca],[0xc8]H-J[0xcc]Q[0xc0]Q[0xf9][0xfa][0xe6][0x97][0x16][0xa7][0xea](x[0xa7]V&[0xe5]'[0x16][0xa5][0xe8](x[0xa4]&[0xa6][0x14]d[0xe4][0xe7][0xa5]*[0xb8][0x86]8#[0xf2][0xac][0xb1][0x1][0x85][0xe3]M[0xc6][0x6][0x14]n[0x90]36[0xa0]p[0xc0][0xca][0xd8][0xc0][0x80][0xb2][0xe4]fl[0x80]t[0xda][0xb]9[0xe9][0xd5][0xd8][0x0]i[0xc0][0x8a]L[0x3][0x10][0xc7]D[0x90]i[0x0]"[0xd3][0xe3]H[0x12]x[0x1b]t[0xc6][0x6][0x84][0xf7][0xcc]![0xa7][0x1a][0xa4]cW[0xc8]t/e[0xd5][0xa4][0xb1][0x1][0xd2][0xa0][0x12]y[0x1e]F[0x1a]T[0xc2]a[0x0][0xb2][0x87][0x91][0xd6]M[0x91][0xe7]a[0xa4][0xa3][0x88][0xd3]p[0x9e][0xcb][0x8d]b#ee[0xa0][0xb1][0x1][0x85]c@[0xc6][0x6][0x14][0x8e][0x1][0x19][0x1b] [0x8d][0x1]Q[0xb3][0xc8]B[0x1a][0x19]"/.[0x8c][0x11][0x99][0x85]L[0x3]([0xeb][0x8e][0x18][0x1b]P8[0xda]dl[0x80][0xb4]v[0x8a]L/P[0xd6][0xd0]16[0xa0]p[0xd1][0x94][0xb1][0x1][0x85][0x8b][0xa6][0x8c][\r][0x90]F[0xb0][0xc8][0xb][0x3][\n]"
23:01:45.467 [main] DEBUG org.apache.http.wire --  << "[0x97],[0x19][0x1b]@[0xc7][0xa4][0x0][0x0][0x0][0x0][0xff][0xff]"
23:01:45.467 [main] DEBUG org.apache.http.wire --  << "[\r][\n]"
23:01:45.467 [main] DEBUG org.apache.http.wire --  << "104[\r][\n]"
23:01:45.467 [main] DEBUG org.apache.http.wire --  << "[0x2][0x1d][0xb6]O[0xa6][0xb]([0x8d][0x5][\n]"
23:01:45.467 [main] DEBUG org.apache.http.wire --  << "[0x87][0x94][0x8c][\r][0x90][0x16][0xfa][0x90][0xe7][0x5][\n]"
23:01:45.467 [main] DEBUG org.apache.http.wire --  << "W[0xfa][0x18][0x1b]P8[0xa4]dl[0x80]t|[\n]"
23:01:45.468 [main] DEBUG org.apache.http.wire --  << "[0x99]^[0xa0][0xb4]2B[0x1a][\r]![0xcf][0x5][0x14][0xe])[0x19][0x1b]P8[0xc2]bl@[0xe1][0x90][0x92][0xb1][0x1][0xd2]Y[0xb7][0xe4][0x85][0x1][0xd2]X[0x8][0x99][0x6] V[0xbc][0x93]i[0x0][0xa2][0xff]J[0xa6][0x1][0x94]V,[0x14][0x8e][0xa0][0x18][0x1b]P8~al`Ni^@[0x1a]~[0xc0][0xd1][0xae]"[0xd0][0x12]E[0x1a]~[0xc0]a[0x0]r3[0x9]i[0xc8][0x0][0x87]jB[0xd6]![0xea]r[0x1c][0x6][0xa0]X[0x87]h[0x95][0xc1][0xf7][0x9b]b[0xc][0xab][0xc0]e0v[0xa2][0x1a][0x1b] [0xad][0x18][0x81]+#[0xc9][0x0][\n]"
23:01:45.468 [main] DEBUG org.apache.http.wire --  << "[0x97][0x8c][0x18][0x1b] [0xed]s#/[0x95]S8>`l[0x80][0xb4][0xd5][0x8c]L[0x17]P[0x98]H[\r][0x9][0xf7][0xc6][0x91]"[0xdd][0x90][0xd2].[0xae]![0xe1]..[0x8a]u[0x94][0xfa][0x8e][0xc2][0x9d]V[0xc6][0x86]H'[0xb0][0x90][0x15]A[0x86]H[0xbd]I[0x17]Og'G[0x85]HG[0xf][0x8c]d[0xee][0x18][0xe0][0xa9][0x10][0xee][0x1f][0xe4][0x1d][0x8c][0xec]{[\n]"
23:01:45.468 [main] DEBUG org.apache.http.wire --  << "[0xb7][0xb][0x19][0x1b]"m[0x17]"[0xce][0xee][0xd8]Z.[0x0][0x0][0x0][0x0][0xff][0xff]"
23:01:45.468 [main] DEBUG org.apache.http.wire --  << "[\r][\n]"
23:01:45.468 [main] DEBUG org.apache.http.wire --  << "A[\r][\n]"
23:01:45.468 [main] DEBUG org.apache.http.wire --  << "[0x3][0x0][0x9][0x9b][0xe8][0xed]Hi[0x0][0x0]"
23:01:45.468 [main] DEBUG org.apache.http.wire --  << "[\r][\n]"
23:01:45.468 [main] DEBUG org.apache.http.wire --  << "0[\r][\n]"
23:01:45.468 [main] DEBUG org.apache.http.wire --  << "[\r][\n]"
23:01:45.468 [main] DEBUG io.restassured.internal.RestAssuredHttpBuilder -- Parsed data to instance of: class org.apache.http.conn.EofSensorInputStream
23:01:45.472 [main] DEBUG org.apache.http.impl.conn.BasicClientConnectionManager -- Releasing connection org.apache.http.impl.conn.ManagedClientConnectionImpl@3e492199
23:01:45.472 [main] DEBUG org.apache.http.impl.conn.BasicClientConnectionManager -- Connection can be kept alive indefinitely
23:01:45.595 [main] DEBUG net.thucydides.core.steps.StepInterceptor -- STEP DONE: sendCategoryREQ
  &amp#27;[32mWhen &amp#27;[0m&amp#27;[32mIam send request categorry&amp#27;[0m           &amp#27;[90m# starter.stepdefinitions.UserSteps.userSendRequestKategori()&amp#27;[0m
  &amp#27;[32mThen &amp#27;[0m&amp#27;[32mget status code 200 product category&amp#27;[0m &amp#27;[90m# starter.stepdefinitions.UserSteps.statusCodeCate()&amp#27;[0m
23:01:45.615 [main] DEBUG net.thucydides.core.steps.StepInterceptor -- STARTING STEP: UserSteps.userSeeAllKategori - seeAllKategori
23:01:45.835 [Finalizer] DEBUG org.apache.http.impl.conn.DefaultClientConnection -- Connection 0.0.0.0:60087<->149.248.193.56:443 closed
23:01:45.836 [Finalizer] DEBUG org.apache.http.impl.conn.DefaultClientConnection -- Connection 0.0.0.0:60088<->149.248.193.56:443 closed
23:01:45.892 [main] DEBUG net.thucydides.core.steps.StepInterceptor -- STEP DONE: seeAllKategori
  &amp#27;[32mAnd &amp#27;[0m&amp#27;[32mI see all category&amp#27;[0m                    &amp#27;[90m# starter.stepdefinitions.UserSteps.userSeeAllKategori()&amp#27;[0m
23:01:45.901 [main] INFO  -- 
  _____   ___   ___   _____     ___     _     ___   ___   ___   ___  
 |_   _| | __| / __| |_   _|   | _ \   /_\   / __| / __| | __| |   \ 
   | |   | _|  \__ \   | |     |  _/  / _ \  \__ \ \__ \ | _|  | |) |
   |_|   |___| |___/   |_|     |_|   /_/ \_\ |___/ |___/ |___| |___/ 

GET CATEGORY get all categories
----------------------------------------------------------------------
]]></system-out>
  </testcase>
  <testcase name="POST PRODUCT create a new product" classname="Product Data" time="0.502">
    <system-out><![CDATA[23:01:45.907 [main] DEBUG io.cucumber.core.plugin.SerenityReporter -- Running feature from file:///D:/Intelij/restapiMiniproject%20Elisa/src/test/resources/features/Product.feature
23:01:45.915 [main] DEBUG net.thucydides.core.steps.StepEventBus -- Test suite started for story net.thucydides.core.model.Story@35ffe80f
23:01:45.916 [main] INFO  -- Test Suite Started: Product Data

Scenario: POST PRODUCT create a new product           &amp#27;[90m# src/test/resources/features/Product.feature:6&amp#27;[0m
23:01:45.931 [main] DEBUG io.cucumber.core.plugin.SerenityReporter -- Running feature from file:///D:/Intelij/restapiMiniproject%20Elisa/src/test/resources/features/Product.feature
23:01:45.936 [main] INFO  -- 
  _____   ___   ___   _____     ___   _____     _     ___   _____   ___   ___  
 |_   _| | __| / __| |_   _|   / __| |_   _|   /_\   | _ \ |_   _| | __| |   \ 
   | |   | _|  \__ \   | |     \__ \   | |    / _ \  |   /   | |   | _|  | |) |
   |_|   |___| |___/   |_|     |___/   |_|   /_/ \_\ |_|_\   |_|   |___| |___/ 

POST PRODUCT create a new product(product-data;post-product-create-a-new-product)
--------------------------------------------------------------------------------
23:01:46.018 [main] DEBUG net.thucydides.core.steps.StepInterceptor -- STARTING STEP: UserSteps.userSetEndpointForProduct - endpointProduct
23:01:46.019 [main] DEBUG net.thucydides.core.steps.StepInterceptor -- STEP DONE: endpointProduct
  &amp#27;[32mGiven &amp#27;[0m&amp#27;[32mIam setting endpoint for product&amp#27;[0m              &amp#27;[90m# starter.stepdefinitions.UserSteps.userSetEndpointForProduct()&amp#27;[0m
23:01:46.043 [main] DEBUG net.thucydides.core.steps.StepInterceptor -- STARTING STEP: UserSteps.userSendPOSTHTTPRequestWithValidDataProduct - sendRequestValidProduct
23:01:46.051 [main] DEBUG net.thucydides.core.steps.StepInterceptor -- STARTING STEP: Product.sendRequestValidProduct - endpointProduct
23:01:46.053 [main] DEBUG net.thucydides.core.steps.StepInterceptor -- STEP DONE: endpointProduct
23:01:46.100 [main] DEBUG org.apache.http.impl.conn.BasicClientConnectionManager -- Get connection for route {s}->https://altashop-api.fly.dev:443
23:01:46.100 [main] DEBUG org.apache.http.impl.conn.DefaultClientConnectionOperator -- Connecting to altashop-api.fly.dev:443
23:01:46.299 [main] DEBUG org.apache.http.client.protocol.RequestAddCookies -- CookieSpec selected: ignoreCookies
23:01:46.299 [main] DEBUG org.apache.http.client.protocol.RequestAuthCache -- Auth cache not set in the context
23:01:46.299 [main] DEBUG org.apache.http.client.protocol.RequestProxyAuthentication -- Proxy auth state: UNCHALLENGED
23:01:46.299 [main] DEBUG org.apache.http.impl.client.DefaultHttpClient -- Attempt 1 to execute request
23:01:46.299 [main] DEBUG org.apache.http.impl.conn.DefaultClientConnection -- Sending request: POST /api/products HTTP/1.1
23:01:46.299 [main] DEBUG org.apache.http.wire --  >> "POST /api/products HTTP/1.1[\r][\n]"
23:01:46.300 [main] DEBUG org.apache.http.wire --  >> "Authorization: Bearer eyJhbGciOiJIUzI1NiIsInR5cCI6IkpXVCJ9.eyJGdWxsbmFtZSI6IkZpcnN0bmFtZSBMYXN0bmFtZSIsIkVtYWlsIjoic29tZW9uZUBtYWlsLmNvbSJ9.bGpZNDg6YHtKlTFw7_yuyn3SAICmfvdIV1yX7mIKrTw[\r][\n]"
23:01:46.300 [main] DEBUG org.apache.http.wire --  >> "Accept: */*[\r][\n]"
23:01:46.300 [main] DEBUG org.apache.http.wire --  >> "Content-Type: text/plain; charset=ISO-8859-1[\r][\n]"
23:01:46.300 [main] DEBUG org.apache.http.wire --  >> "Content-Length: 60[\r][\n]"
23:01:46.300 [main] DEBUG org.apache.http.wire --  >> "Host: altashop-api.fly.dev[\r][\n]"
23:01:46.300 [main] DEBUG org.apache.http.wire --  >> "Connection: Keep-Alive[\r][\n]"
23:01:46.300 [main] DEBUG org.apache.http.wire --  >> "User-Agent: Apache-HttpClient/4.5.13 (Java/20)[\r][\n]"
23:01:46.300 [main] DEBUG org.apache.http.wire --  >> "Accept-Encoding: gzip,deflate[\r][\n]"
23:01:46.300 [main] DEBUG org.apache.http.wire --  >> "[\r][\n]"
23:01:46.300 [main] DEBUG org.apache.http.headers -- >> POST /api/products HTTP/1.1
23:01:46.300 [main] DEBUG org.apache.http.headers -- >> Authorization: Bearer eyJhbGciOiJIUzI1NiIsInR5cCI6IkpXVCJ9.eyJGdWxsbmFtZSI6IkZpcnN0bmFtZSBMYXN0bmFtZSIsIkVtYWlsIjoic29tZW9uZUBtYWlsLmNvbSJ9.bGpZNDg6YHtKlTFw7_yuyn3SAICmfvdIV1yX7mIKrTw
23:01:46.300 [main] DEBUG org.apache.http.headers -- >> Accept: */*
23:01:46.300 [main] DEBUG org.apache.http.headers -- >> Content-Type: text/plain; charset=ISO-8859-1
23:01:46.300 [main] DEBUG org.apache.http.headers -- >> Content-Length: 60
23:01:46.300 [main] DEBUG org.apache.http.headers -- >> Host: altashop-api.fly.dev
23:01:46.300 [main] DEBUG org.apache.http.headers -- >> Connection: Keep-Alive
23:01:46.301 [main] DEBUG org.apache.http.headers -- >> User-Agent: Apache-HttpClient/4.5.13 (Java/20)
23:01:46.301 [main] DEBUG org.apache.http.headers -- >> Accept-Encoding: gzip,deflate
23:01:46.301 [main] DEBUG org.apache.http.wire --  >> "{"price":450,"name":"IPHONE 15 PRO","description":"HENGPON"}"
23:01:46.366 [main] DEBUG org.apache.http.wire --  << "HTTP/1.1 200 OK[\r][\n]"
23:01:46.367 [main] DEBUG org.apache.http.wire --  << "content-type: application/json[\r][\n]"
23:01:46.367 [main] DEBUG org.apache.http.wire --  << "date: Sat, 06 May 2023 16:01:46 GMT[\r][\n]"
23:01:46.367 [main] DEBUG org.apache.http.wire --  << "content-encoding: gzip[\r][\n]"
23:01:46.367 [main] DEBUG org.apache.http.wire --  << "transfer-encoding: chunked[\r][\n]"
23:01:46.367 [main] DEBUG org.apache.http.wire --  << "server: Fly/3f2597ca (2023-05-03)[\r][\n]"
23:01:46.367 [main] DEBUG org.apache.http.wire --  << "via: 1.1 fly.io[\r][\n]"
23:01:46.367 [main] DEBUG org.apache.http.wire --  << "fly-request-id: 01GZRWRETPEY36J2SEA6VQJS4H-sin[\r][\n]"
23:01:46.367 [main] DEBUG org.apache.http.wire --  << "[\r][\n]"
23:01:46.367 [main] DEBUG org.apache.http.impl.conn.DefaultClientConnection -- Receiving response: HTTP/1.1 200 OK
23:01:46.367 [main] DEBUG org.apache.http.headers -- << HTTP/1.1 200 OK
23:01:46.367 [main] DEBUG org.apache.http.headers -- << content-type: application/json
23:01:46.367 [main] DEBUG org.apache.http.headers -- << date: Sat, 06 May 2023 16:01:46 GMT
23:01:46.367 [main] DEBUG org.apache.http.headers -- << content-encoding: gzip
23:01:46.367 [main] DEBUG org.apache.http.headers -- << transfer-encoding: chunked
23:01:46.367 [main] DEBUG org.apache.http.headers -- << server: Fly/3f2597ca (2023-05-03)
23:01:46.367 [main] DEBUG org.apache.http.headers -- << via: 1.1 fly.io
23:01:46.367 [main] DEBUG org.apache.http.headers -- << fly-request-id: 01GZRWRETPEY36J2SEA6VQJS4H-sin
23:01:46.368 [main] DEBUG org.apache.http.impl.client.DefaultHttpClient -- Connection can be kept alive indefinitely
23:01:46.368 [main] DEBUG io.restassured.internal.RestAssuredHttpBuilder -- Parsing response as: application/json
23:01:46.368 [main] DEBUG org.apache.http.wire --  << "81[\r][\n]"
23:01:46.368 [main] DEBUG org.apache.http.wire --  << "[0x1f][0x8b][0x8][0x0][0x0][0x0][0x0][0x0][0x4][0xff][0xab]VJI,IT[0xb2][0xaa]V[0xf2]tQ[0xb2]24674[0xd5]Q[0xf2]K[0xcc]MU[0xb2]R[0xf2][0xc][0xf0][0xf0][0xf7]sU04U[0x8][0x8][0xf2]W[0xd2]QrI-N.[0xca],([0xc9][0xcc][0xcf]S[0xb2]R[0xf2]p[0xf5]s[0xf][0xf0][0xf7]S[0xd2]Q[\n]"
23:01:46.368 [main] DEBUG org.apache.http.wire --  << "([0xca]LNU[0xb2]215[0xd0]Q[\n]"
23:01:46.368 [main] DEBUG org.apache.http.wire --  << "J,[0xc9][0xcc]K/V[0xb2]2[0xd0]QrN,IM[0xcf]/[0xca]L-V[0xb2][0x8a][0x8e][0xad][0xad][0xe5][0x2][0x0][0x1f]\.[0xc]m[0x0][0x0][0x0]"
23:01:46.368 [main] DEBUG org.apache.http.wire --  << "[\r][\n]"
23:01:46.369 [main] DEBUG org.apache.http.wire --  << "0[\r][\n]"
23:01:46.369 [main] DEBUG org.apache.http.wire --  << "[\r][\n]"
23:01:46.369 [main] DEBUG io.restassured.internal.RestAssuredHttpBuilder -- Parsed data to instance of: class org.apache.http.conn.EofSensorInputStream
23:01:46.374 [main] DEBUG org.apache.http.impl.conn.BasicClientConnectionManager -- Releasing connection org.apache.http.impl.conn.ManagedClientConnectionImpl@42ff5c92
23:01:46.375 [main] DEBUG org.apache.http.impl.conn.BasicClientConnectionManager -- Connection can be kept alive indefinitely
23:01:46.377 [main] DEBUG net.thucydides.core.steps.StepInterceptor -- STEP DONE: sendRequestValidProduct
  &amp#27;[32mWhen &amp#27;[0m&amp#27;[32mI send HTTP request to post valid data product&amp#27;[0m &amp#27;[90m# starter.stepdefinitions.UserSteps.userSendPOSTHTTPRequestWithValidDataProduct()&amp#27;[0m
  &amp#27;[32mThen &amp#27;[0m&amp#27;[32mI get status code 200&amp#27;[0m                          &amp#27;[90m# starter.stepdefinitions.UserSteps.get200ProductPost()&amp#27;[0m
23:01:46.399 [main] DEBUG net.thucydides.core.steps.StepInterceptor -- STARTING STEP: UserSteps.userSeeNewDetailProduct - seeDetailProduct
23:01:46.408 [main] DEBUG net.thucydides.core.steps.StepInterceptor -- STEP DONE: seeDetailProduct
  &amp#27;[32mAnd &amp#27;[0m&amp#27;[32miam seeing new detail product&amp#27;[0m                   &amp#27;[90m# starter.stepdefinitions.UserSteps.userSeeNewDetailProduct()&amp#27;[0m
23:01:46.415 [main] INFO  -- 
  _____   ___   ___   _____     ___     _     ___   ___   ___   ___  
 |_   _| | __| / __| |_   _|   | _ \   /_\   / __| / __| | __| |   \ 
   | |   | _|  \__ \   | |     |  _/  / _ \  \__ \ \__ \ | _|  | |) |
   |_|   |___| |___/   |_|     |_|   /_/ \_\ |___/ |___/ |___| |___/ 

POST PRODUCT create a new product
----------------------------------------------------------------------
]]></system-out>
  </testcase>
  <testcase name="GET - As a user I want to get all product" classname="Product Data" time="0.739">
    <system-out><![CDATA[
Scenario: GET - As a user I want to get all product &amp#27;[90m# src/test/resources/features/Product.feature:12&amp#27;[0m
23:01:46.433 [main] DEBUG io.cucumber.core.plugin.SerenityReporter -- Running feature from file:///D:/Intelij/restapiMiniproject%20Elisa/src/test/resources/features/Product.feature
23:01:46.443 [main] INFO  -- 
  _____   ___   ___   _____     ___   _____     _     ___   _____   ___   ___  
 |_   _| | __| / __| |_   _|   / __| |_   _|   /_\   | _ \ |_   _| | __| |   \ 
   | |   | _|  \__ \   | |     \__ \   | |    / _ \  |   /   | |   | _|  | |) |
   |_|   |___| |___/   |_|     |___/   |_|   /_/ \_\ |_|_\   |_|   |___| |___/ 

GET - As a user I want to get all product(product-data;get---as-a-user-i-want-to-get-all-product)
--------------------------------------------------------------------------------
23:01:46.515 [main] DEBUG net.thucydides.core.steps.StepInterceptor -- STARTING STEP: UserSteps.userSetEndpointForProduct - endpointProduct
23:01:46.515 [main] DEBUG net.thucydides.core.steps.StepInterceptor -- STEP DONE: endpointProduct
  &amp#27;[32mGiven &amp#27;[0m&amp#27;[32mIam setting endpoint for product&amp#27;[0m            &amp#27;[90m# starter.stepdefinitions.UserSteps.userSetEndpointForProduct()&amp#27;[0m
23:01:46.526 [main] DEBUG net.thucydides.core.steps.StepInterceptor -- STARTING STEP: UserSteps.userSendRequest - iSendRequest
23:01:46.530 [main] DEBUG net.thucydides.core.steps.StepInterceptor -- STARTING STEP: Product.iSendRequest - endpointProduct
23:01:46.530 [main] DEBUG net.thucydides.core.steps.StepInterceptor -- STEP DONE: endpointProduct
23:01:46.561 [main] DEBUG org.apache.http.impl.conn.BasicClientConnectionManager -- Get connection for route {s}->https://altashop-api.fly.dev:443
23:01:46.562 [main] DEBUG org.apache.http.impl.conn.DefaultClientConnectionOperator -- Connecting to altashop-api.fly.dev:443
23:01:46.739 [main] DEBUG org.apache.http.client.protocol.RequestAddCookies -- CookieSpec selected: ignoreCookies
23:01:46.739 [main] DEBUG org.apache.http.client.protocol.RequestAuthCache -- Auth cache not set in the context
23:01:46.739 [main] DEBUG org.apache.http.client.protocol.RequestProxyAuthentication -- Proxy auth state: UNCHALLENGED
23:01:46.740 [main] DEBUG org.apache.http.impl.client.DefaultHttpClient -- Attempt 1 to execute request
23:01:46.740 [main] DEBUG org.apache.http.impl.conn.DefaultClientConnection -- Sending request: GET /api/products HTTP/1.1
23:01:46.740 [main] DEBUG org.apache.http.wire --  >> "GET /api/products HTTP/1.1[\r][\n]"
23:01:46.740 [main] DEBUG org.apache.http.wire --  >> "Authorization: Bearer eyJhbGciOiJIUzI1NiIsInR5cCI6IkpXVCJ9.eyJGdWxsbmFtZSI6IkZpcnN0bmFtZSBMYXN0bmFtZSIsIkVtYWlsIjoic29tZW9uZUBtYWlsLmNvbSJ9.bGpZNDg6YHtKlTFw7_yuyn3SAICmfvdIV1yX7mIKrTw[\r][\n]"
23:01:46.740 [main] DEBUG org.apache.http.wire --  >> "Accept: */*[\r][\n]"
23:01:46.740 [main] DEBUG org.apache.http.wire --  >> "Host: altashop-api.fly.dev[\r][\n]"
23:01:46.740 [main] DEBUG org.apache.http.wire --  >> "Connection: Keep-Alive[\r][\n]"
23:01:46.740 [main] DEBUG org.apache.http.wire --  >> "User-Agent: Apache-HttpClient/4.5.13 (Java/20)[\r][\n]"
23:01:46.740 [main] DEBUG org.apache.http.wire --  >> "Accept-Encoding: gzip,deflate[\r][\n]"
23:01:46.741 [main] DEBUG org.apache.http.wire --  >> "[\r][\n]"
23:01:46.741 [main] DEBUG org.apache.http.headers -- >> GET /api/products HTTP/1.1
23:01:46.741 [main] DEBUG org.apache.http.headers -- >> Authorization: Bearer eyJhbGciOiJIUzI1NiIsInR5cCI6IkpXVCJ9.eyJGdWxsbmFtZSI6IkZpcnN0bmFtZSBMYXN0bmFtZSIsIkVtYWlsIjoic29tZW9uZUBtYWlsLmNvbSJ9.bGpZNDg6YHtKlTFw7_yuyn3SAICmfvdIV1yX7mIKrTw
23:01:46.741 [main] DEBUG org.apache.http.headers -- >> Accept: */*
23:01:46.741 [main] DEBUG org.apache.http.headers -- >> Host: altashop-api.fly.dev
23:01:46.741 [main] DEBUG org.apache.http.headers -- >> Connection: Keep-Alive
23:01:46.741 [main] DEBUG org.apache.http.headers -- >> User-Agent: Apache-HttpClient/4.5.13 (Java/20)
23:01:46.741 [main] DEBUG org.apache.http.headers -- >> Accept-Encoding: gzip,deflate
23:01:46.951 [main] DEBUG org.apache.http.wire --  << "HTTP/1.1 200 OK[\r][\n]"
23:01:46.952 [main] DEBUG org.apache.http.wire --  << "content-type: application/json[\r][\n]"
23:01:46.952 [main] DEBUG org.apache.http.wire --  << "date: Sat, 06 May 2023 16:01:46 GMT[\r][\n]"
23:01:46.952 [main] DEBUG org.apache.http.wire --  << "transfer-encoding: chunked[\r][\n]"
23:01:46.952 [main] DEBUG org.apache.http.wire --  << "content-encoding: gzip[\r][\n]"
23:01:46.952 [main] DEBUG org.apache.http.wire --  << "server: Fly/3f2597ca (2023-05-03)[\r][\n]"
23:01:46.952 [main] DEBUG org.apache.http.wire --  << "via: 1.1 fly.io[\r][\n]"
23:01:46.952 [main] DEBUG org.apache.http.wire --  << "fly-request-id: 01GZRWRF93BG8TJ4X61YSVB19M-sin[\r][\n]"
23:01:46.952 [main] DEBUG org.apache.http.wire --  << "[\r][\n]"
23:01:46.952 [main] DEBUG org.apache.http.impl.conn.DefaultClientConnection -- Receiving response: HTTP/1.1 200 OK
23:01:46.952 [main] DEBUG org.apache.http.headers -- << HTTP/1.1 200 OK
23:01:46.952 [main] DEBUG org.apache.http.headers -- << content-type: application/json
23:01:46.952 [main] DEBUG org.apache.http.headers -- << date: Sat, 06 May 2023 16:01:46 GMT
23:01:46.952 [main] DEBUG org.apache.http.headers -- << transfer-encoding: chunked
23:01:46.952 [main] DEBUG org.apache.http.headers -- << content-encoding: gzip
23:01:46.952 [main] DEBUG org.apache.http.headers -- << server: Fly/3f2597ca (2023-05-03)
23:01:46.952 [main] DEBUG org.apache.http.headers -- << via: 1.1 fly.io
23:01:46.952 [main] DEBUG org.apache.http.headers -- << fly-request-id: 01GZRWRF93BG8TJ4X61YSVB19M-sin
23:01:46.952 [main] DEBUG org.apache.http.impl.client.DefaultHttpClient -- Connection can be kept alive indefinitely
23:01:46.952 [main] DEBUG io.restassured.internal.RestAssuredHttpBuilder -- Parsing response as: application/json
23:01:46.953 [main] DEBUG org.apache.http.wire --  << "32C[\r][\n]"
23:01:46.953 [main] DEBUG org.apache.http.wire --  << "[0x1f][0x8b][0x8][0x0][0x0][0x0][0x0][0x0][0x4][0xff][0xaa]VJI,IT[0xb2][0x8a][0xae]V[0xf2]tQ[0xb2]24661[0xd7]Q[0xf2]K[0xcc]MU[0xb2]R[0x8a]p[0xca][0xaf]P0T[0xd2]QrI-N.[0xca],([0xc9][0xcc][0xcf]S[0xb2]RR[0xd2]Q[\n]"
23:01:46.953 [main] DEBUG org.apache.http.wire --  << "([0xca]LNU[0xb2]2[0xb1][0xb4][0xd4]Q[\n]"
23:01:46.953 [main] DEBUG org.apache.http.wire --  << "J,[0xc9][0xcc]K/V[0xb2]2[0xd2]QrN,IM[0xcf]/[0xca]L-F[0x18]idjb[0x8]7[0xd2]=173/[0x1d][0xc3]H[0xb7][0xfc]"[0x85]t[0xb0][0x94]BAiQA~qj[0xb1]Rml[0xad][0xe][0xc2]U[0x16]p#Ht[0x95]1-]e[0x89][0xe4]*[0xff][0x8][0xe2][0x83][0xca][0x84][0x86][0x8e]2E[0x84]v[0x84][0xd3][0xa0]q[0x94]1[0x99]!eH[0xcb][0x90]2[0x85];*8?[0xaf]R! [0xd8][0x14]#e[0x16][0xe4]$V*d$[0x16]+[0xe4][0xe5]+[0xe4]d[0xe6]f[0x96][0x14]#[0x92][0xbf][0x11]J[0xf2]7Es)r[0xf2]5E$_*[0xd8][0x84][0x9e][0xa4][0x91]m2C[0xc4]>[0xad]m2[0xa1]W[0xe8][0x99]!B[0xaf]$[0xb5][0x18]T[0xda]([0x14][0x14][0xe5][0xa7][0x94]&[0x97]`DWIFf[0xb1]Bf[0xb1]BIF*L[0x8d]B[\n]"
23:01:46.953 [main] DEBUG org.apache.http.wire --  << "R[0xe9][0x5]/[0xba][0xc][\r][0xc][0xc][0xc][0x90][\n]"
23:01:46.953 [main] DEBUG org.apache.http.wire --  << "/|[0xb1]g[0x86][0xc8][0xe6]T[0xb3][0x1f][0xd9]n|[0xf1]in[0x0][0xf]eBv#[0x12]&[0xc8]sD[0xfa][0xcd][0x1c][0x91]^[0x8][0x99]O[0x93][0xb0]57"[0xda]$[0xd9]O[0xac][0xf7][0x11][0x89]x`[0xbc]oF[0x1b][0xef]#'/[0xf4][0xca][0x6][0xb9][0xb8]0G[0xd4][0xf6]4[0xf3][0xbf][0x1][0x9e][0x82][0xd1][0x9c][0xe]Y[0x1b][0xaf][0xfd]4[0xc8][0xda][0xa0][0xdc][0x87][0x1c][0xfe][0xf8][0xec][0xb7] >{[0x93][0x94][0xfc][0x89][0xb6][0x9f][0xe][0xd9][0x1f][0xaf][0xff]i[0x94][0xfd][0x89][0xf6]?[0xa2]]2 [0xe9][0xdf][0x2]Q[0xfe]x[0x4]([0xe4]f[0x96][0xe4]cTi[0xe0][0x16]HIjQRbf6[0xa2][0x88]753G*[0xe2][0xf0][0x6]1"[0x8b][0x93][0xd6][0x1e]D7[0x14][0xda][0x18][0xa7]J{[0xde][0x2][0x91][0xef]h[0xdc]L[0xb1]D[0xe4][0xb0][0xc1][0xe3]}KD[0xb2][0xf][0x80][0xb4]d[0x14]\s[0x12][0xb1]t[0x8c][0x92][0xf3][0x93][0x12][0x15][0x8a][0xc0]=,D[0xdc][0xa3]4;[0xf1]5[0x1e],[0x11][0xa9]; X[0x1][0xb3]q[0x9b][0x9e][0x98][0x9b][0xaa]`[0xaa]P\[0x92]X[0x84]0[0x1d][0xb5]S[0x87][0x9e][0x8][0x90]+[0xf]KD[0xe2]u+-[0xca][0xcb],)-JU[0x8][0xc9]/[0xc0]H[0xc2][0x8][0xd9][0x94][0xc4][0xa2]L[0x5][0xaf][0xd4][0x82][0xc4][0xa2]D[0x84][0x8d][0x86]&[0xc8][0xdd]H<6[0x9a][0x80][0x9a]l[0xd0][0xce])[0x15][0x92][\r]^[0x9b][0x10][0x5]#[0xc2][0xf5][0xb4][0xf5][0x1b]"[0xb2]h[0xed]7D[0xbc][0x5][0x14]%&[0x97]d&'[0xe6]([0x84][0xe7][0xe7][0xa7][0xa4][0xe6])x[0xe7]e[0xa6][0xa5]bD[0xa0]cNfb[0xb1]BZiz[0xa2]Bi[0x89][0x1e]R[0xcc][0x81]"[0x4]>[0x0][0x80]7<[0x11][0xa5][0x90]gAF~^[0xaa][0x82][0xa1][0xa1][0x82][0x99][0x89]Bz[0x12][0x86]e[0xe0][0x2][0x8f][0xa8].[0x17]^[0xb][0x11]%[0xc][0xcc]B#[0x9a]Zh[0x88](h`[0x16][0xd2][0xd6][0x87][0x86][0x88]$J'[0xb][0xe9][0x96]B[\r]1z[0xe6][0xe6]4J&[0x86][0x88]t[0x19][0x90][0x98][0x93][0xe8][0x93][0xef][0x3]*[0x98]P[0x7][0xbc][0xe0][0x9][0x12][0xcb][0x0][0x80][0xb1]1R5[0x8c][0xa7][0xa5]mb[0x88]h[0xe9][0xd2][0xa0],61D$wZ[0x18]o[0x84]H[0xdc]NE[0x89][0xc9][0xa9]9[0xa9][0x98]}o[0xdf][0xc4][0x94]T[0x85][0xfc]4[0x85][0x8c][0xcc][0xf4][0xc][0x85][0xc2][0xd2][0xc4][0x9c][0xcc][0x92]J[0x85][0x82][0xd4][0xc4][0xa2][0x1c][0xe4]1[0x13][0x90]ID[0x95][0x18]F[0x88][0xe4]M[0xae][0x8f][0x0][0x0][0x0][0x0][0xff][0xff]"
23:01:46.953 [main] DEBUG org.apache.http.wire --  << "[\r][\n]"
23:01:46.953 [main] DEBUG org.apache.http.wire --  << "417[\r][\n]"
23:01:46.953 [main] DEBUG org.apache.http.wire --  << "[0xc2]W>[0x18]!U[0xc1][0xd4][0xaf][0x1b]M[0x8c][0x10]y[0x85]n[0x1][0x86]([0xd6][0xe9]f%"[0x9f]R[0xd3]J|[0xf9][0xc8][0x8][0xd1]c[0xa6][0xa6][0x95]x[0x93][\n]"
23:01:46.953 [main] DEBUG org.apache.http.wire --  << "[0xa2][0x8c][0xa0]q[0xcd]l[0x84][0xc8][0xc5]4[0xea][0xe][0x98][0x18][0xd3]''[0xc3]:[0xb][0x16]HE[0xb9]crrjq1dz[0x0]}R[0xa1]$_!5/#1/9U![0xb1][0x0]Th[0x80][0x98](s[0x0]&[0xc6][0x88][0x2][0xa1]8[0xb5] 5[0x5][0xb3][0xa0]N[0xcc][0xac][0x4][0x9]Bg'[0x8c]L[0x89][0xec][0x5][0x9a][0x18]#[0xca][0x2]z[0xa5])P[0xbd][0x1]m[0xc9]R[0xdb]3[0xf4]/[0x6][0x8c][0x11][0xc5]@08f[0x14]|2[0x8b]K[0x8a][0xc0][0xfd]U[0xd4][0xaa][0x14]*[0x9d][0x3][0x91]V[0xc8]KOM*[0x5][0xd5]$[0xa4]G[0x19][0xa2][0x18][0x80][0x9a][0x9][0xb5]R[0xc1])1'[0x11][0xb3][0xb][0x2]U[0x84]j[0xb1]BRb^:[0xb8]&[0x83][0xda]oJ|[0x92]A[0x94][0x9]tK2[0x88][0x16][0x4][0xdd][0xac]D[0x94]G[0xf4][0xb2][0xd2][0x4]Q>[0x5][0x95][0x16][0x97]d&[0xc3]z&N[0x89][0x98][0xf3][0x86][0xa1]%[\n]"
23:01:46.953 [main] DEBUG org.apache.http.wire --  << "[0xa9]EE[0xf9]E[\n]"
23:01:46.953 [main] DEBUG org.apache.http.wire --  << "E[0xa9][0xc9][0xa5][0xc5][0x89]y)[0x89][0xa9][\n]"
23:01:46.953 [main] DEBUG org.apache.http.wire --  << "[0x5][0xf9][0xc5][0xc5][0x99][0xb9][0xa5][0xc5][\n]"
23:01:46.953 [main] DEBUG org.apache.http.wire --  << "[0xb9][0xf9]9[0xa0][0xd9][0x82][0xc4]T[0x85][0xe2][0xd4][0x14][0x85][0xcc][0xdc][0x82][0xd4][0x94]L[0xf2]:/H[0x13][0x98][0x88][0xe][0x93]Of^j[0x9e][0x82]S~II[0xe][0x96][0xe]Si[0x89]BAjQqAfrfbIf[0xb1]BJ~N~Q[0xaa]BJfrI[0xa2]BA~QQ[0xbe]BfAqi[0xae]Bj"Y[0xfd])[0x13][0xfa][0x17]Y&[0x88]&MpNjj[0xb6][0x2]$[0x4][0xdc]s[0xf2][0xcb]RA-<[0xd4][0x9c][0xee][0x9f][0x96][0x96][0x99][0x9c][0x99]Y[0xac][0x90][0x9c][0x9f]W[0x9c]ZX[0x9a]XRZ[0xa4][0x90][0x98][0x97][0x99][0x9b][0x9][0x8f][0x98]b[0x85][0xb2][0xfc][0x9c][0xd2][0x82][0x92][0xc4][0x92]T[0x85][0x94][0xd4][0x9c][0xd4][0xbc][0xcc][0x92]L[0xf2][0x2][0x83][0xfe]E[0x9e][0x9][0xa2][0xc8]s[0xcf]/JO[0xcd]/-V[0x8]*MJJ-Rp[0x6][0x8f][0xa6][0xa0][0x85]FJf[0x9]$[\r][0x94][0xe6]*$[0x82][0x12][0x7]8[0x9][0xe4]$&[0xe5][0x17]e[0xe6][0x17]'[0xe6]*[0x14][0x96]f*$[0xe6]d[0x16][0x96]f[0xa6]([0x14][0x93][0x9b]N[0x11][0x85]""[0x9d][0xba][0x17]%[0xe6]e[0x96][0xa4]*8[0xe7]'[0x82]JZTw[0xb9][0x96][0x80]z[0xf5][0x99][0x89]%[\n]"
23:01:46.953 [main] DEBUG org.apache.http.wire --  << "[0xf9][0xb9]y[0x99][0xc5][\n]"
23:01:46.953 [main] DEBUG org.apache.http.wire --  << "[0xb9][0x99]y[0x99][0xb9][0x89][\n]"
23:01:46.953 [main] DEBUG org.apache.http.wire --  << "y[0xa5][0xb9][0x85][0xa5][0x89][0xb9][\n]"
23:01:46.953 [main] DEBUG org.apache.http.wire --  << "[0xc5][0xa5][0xc5][0xc9][0x99][0x5][0xe4][0xba][0x6]QD[0x6]W[0xe6][0xa5][0x16][0xa5]g[0xc2][0xb2]s[0x8e]BpFf[0x11]V[0xd7][0xa4][0x16][0x97][0xc0]SEfRi[0xb1]BANbrjb[0x89]B*[0x99]Y[0x17]Qh[0xd2][0xb8][0xed][0x6][0xaa]:[0xa0]5[0xba][0x2][0x8d]:[0xab][0xa6][0x88]LO[0x96]g[0x88]m[0xf][0x99]"[0xe5]t[0xca]'[0xc6][0xf1]5[0xad]M[0xe9][0x9f]sM[0x11]9[0x97]^u[0x9a])"_[0xd2][0xcd]JD[0xe6][0xa3][0x9b][0x95][0xf4][0xcb]j[0x88]f[0x9]Y[0xf9][0x0]u[0xe1][0x6][0xbe][0xf4]i[0x86]h[0x8d]@m[0xc2]\[0xe4][0x3][0x1f][0x1e][0xc2][0xb2]D[0x4][0xff]`:[0xac][0x93]D[0x85][0x15]R&[0xd4]][0xf8][0x81]7L(,[0x85]H[0x8]}[0xba][0x95]Cf[0x88]r[0x8][0x1a][0xcf][0x98][0xb3]%[0xf8][0xe2][0x99][0x4]?![0x8a][0x1f]Z[0xdb][0x84](u[0xa0]6[\r][0xda][0xb4][0x8b]([0xac]p[0xba][0x14]1[0xe9][0x80][0xaf][0x16][0xa3]j[0x8e][0xc2]([0xcf]([0x9]?[0xf4][0x5]FTu)Fy[0x88][0xe9]R[0xfa][0x87][0x1f][0xd2][0xd2]%h[0xac][0xd2]*O!-b[0xf2]K,[0xce]TpI,[0xcd]S[0xf0]J-*[0x5]M[0x98][0xa3]6x[0xc1][0xf2][0xe5][0xa9]y[0x89][0xd9][0xd9][\n]"
23:01:46.953 [main] DEBUG org.apache.http.wire --  << "%[0xa9]y[0x89]y[\n]"
23:01:46.953 [main] DEBUG org.apache.http.wire --  << "[0xb9][0xa5]E[0xb9][0xa9]H[0xf3][0x9f][0x86][0x96][0xa8]+[0xc3][0xd0][0x8b]BX[0xc4]YX"Rmr~^I~[0x86]n2b[0xf9]+[0xfa][0xf8][0x96][bqFf~^bRN*[0xea][0xa8][0x16][0xd2][0x2]([0xb0][0xdb][0x10]nWH[0xac]L[0xcc]UH[0xcf]/J[0xc5]21[0xc]VK% [0xd2]9a`[0xaa]@^[0xa7]kbN[0xb7][0x12][0xdb][0x9c]n[0xe5]([0xd2][0x1a])Z[0xa7]c[0x8c]|L[0xab][0x1c]c[0x81][0x18]K[0xa5][0xb1][0x9f],[0x10])[0x82][0xe0][0xca]mz[0x95][0xec]H[0xab]np[0xb8][0x9][0xb1] [0x1d]Qn[0xd2][0xaf]-g[0x81][0xc8][0x91][0x83][0xd3]}tK[0xa7][0x96][0x88]t[0x8a]#$[0x6]"~[0x90][0x96][0xef][0xc]&W!r[0x1a][0x8d][0xf3]4[0xd2][0xc2][0x1f][0xec]k[0xaa][0x6]6[0xfb]X"[0x1a][0xbe][0xd8][0x9d]7 i[0x6]9Oc[0xdb][0x96]1[0xa0]af[\n]"
23:01:46.953 [main] DEBUG org.apache.http.wire --  << "Z[0xc8][0x3][0x1d][0xbd][0x1a]4afj[0x80][0xc8][0xfd]d[0xa5]h[0x0][0x0][0x0][0x0][0xff][0xff]"
23:01:46.953 [main] DEBUG org.apache.http.wire --  << "[\r][\n]"
23:01:46.954 [main] DEBUG org.apache.http.wire --  << "57D[\r][\n]"
23:01:46.954 [main] DEBUG org.apache.http.wire --  << ""[0xba]Wfj[0x80][0xc8];[0xd8][0xbd]?[0xc0][0xb1][0x83]h[0xec]`w[0xde][0x0][0xa4]hS[0x3]D6[0xa3]u[0xec]P[0x9e]wh[0xd8][0xfd]2EZ[0xf9]5xb[0x7]iu[0x18]vG[\r]l[0x8a]6$[0x94][0xe1][0x6]"E[0x1b][0xd2]k[0x14][0xc8][0x14]iU[0x4][0x8d][0xf3][0x8e]![0xdd]r)[0xd2]R:Z[0xfb][0x9]Q[0x1e][0xd0][0xd8]&[0xd0]j5h[0xb5]Hk[0x9b][0xe8]5[0xaa]jjD[0xb7]Tn[0x84][0xa8][0xb6]h[0x1d]ztK[0xe5]F[0x88]Q[0x1f]Z[0xfb][0x89]~[0xa9][0x9c]^[0xfd]9S[0xa4][0xd5]g4[0xe]=[0xa4][0xd5]b[0xb4][0xb6][0x9][0x91]s[0x7]cMk[0x8c][0xc8][0xee][0xd8][0x9d]7[0x10]5-[0xf2][0x8a]1[0x9a][0xce]0[0x9b][0x1a][0xd3][0xad]d0F[0x94][0xc][0x1e][0x1][\n]"
23:01:46.954 [main] DEBUG org.apache.http.wire --  << "[0xce][0xa0][0xe5]>[0x99]X6[0xdd][0xe4][0xa4][0x16][0x94][0xe4][0x17](`[0xec][0xe8][0xb2][0x4][0x1][0xa4][0xc5][0xe4][0xe8][0xe3][0xce]H;oL[0x8d][0xe9]V4 -[0xc7][0xa2][0xdb][0x6]9[0xd8][0x8][0xbb][0xa9][0x1][0xa2][0xfe][0x80]o[0xc2][0xc1]XZ[0x91]F[0xe0][0xec][0x8][0xe4][0xc9]U[0xaa]y[0x81][0xa8][0x91]J*9[0x1f]Q[0xbc][0x10]r>"'[0x83][0xf6][0xa0][0xe2]IK[0xd4][0xe]aDc[0x9e][0x90][0x13]i[0xb1][0x8b][0xd5][0xd4][0x4]Q[0xc4]Q[0xd5]~<![0x88][0x9c][0x1b]M[0x10]E[0xc]U[0xad][0xa7]g"C[0x14](4[0xf3][0x2][0xce].8[0x95][0xf2][0x9][0xa2][0x11]C3/[0xa0][0x97][0xc9]T[0xce]GHK[0xc8][0x86][0xac][0x17][0x10]CvC[0xd6][0xb][0xc4][0x17][0xb8]T+[0xcd][0xa8][0x9d][0x90][0x6][0xa0]@[0xa6][0xb6][0x17]hT[0xa6][0xd3][0xb1]PEZi8d[0xf3][0x2][0xa2]j[0x83][0xf5][0xa2]LMi4)mj[0x8a]h@SwO[0x8c])[0xd2][0xf9]K[0x9e]y%[0xa9]99[0x99][0xe9][0xa9]y%[\n]"
23:01:46.954 [main] DEBUG org.apache.http.wire --  << "[0xc1]%[0xa9][0xa9][0xa0][0xb5][0xc8][0xf9]X[0xd6][0xaf]{[0xa6][0x80][0xf6]0[0x16]g*[0xe4]%[0x96][0x94][0x16][0x83][0x96]g[0x83][0x88][0xc4]b[0xb2]V[0xa8][0x9b][0x9a]"*'X8b4d[0xa9][0xb2][0xbe][0xcc][0x14]s[0xc5]"[0xad][0xa2][0x8b]n+[0xe]M[0xcd][0x10]%2[0xad]C[0xf]Q[0xea][0xd0][0xda]&Db[0xa7][0xb5]M[0x88][0xb6][0x9d]k^~Q.h[0xab]B@N"x1[0xbe]sFb&h[0xed][0x13][0xea]"[0xa9]0[0xc8][0xb6][0xc][0xd0]IZ%[0xa9][\n]"
23:01:46.954 [main] DEBUG org.apache.http.wire --  << "y[0xf9]y[0xa0][0xb3][0xb4][0xca]2S@y&[0xb5][0x98][0xac][0x85][0xf8][0xa6]H[0x87]h[0xb9][0x94][0x16][0x81][0xd6]A[0x81]6[0xf6][0xe4](`wA0t[0xe3][0x81]Bai[0xbe][0x2][0xd2].[0x89][0xcc]<r6[0x88][0x98][0xd2]m)[0x9a])[0xd2]R4[0x1a]G+[0xdd][0x96]Z[0x99][0xd2]m[0xa9][0x95])[0xdd][0x96]Z[0x99][0x9a][0xd3][0xad]@F:[0xe2]) [0xd8][0x4][0xb3][0xd4]/6QHJ,*E[0xf4][0xdd][0x8d][0xf1][0xaf]?D[0xee]y[0xd2]m[0x19][0x97][0xa9][0x5][0xdd][0x8a]`[0xa4][0x5]c4[0xce]AH[0xcb][0xc0]hm[0x13]b [0x8b][0xd6]6a6[0xd8]0[0x93][0x1c][0xd1]gZ[0xa2][0xf7]wQ[0xd2][0x1e][0xdd]*0[0xa4][0xe5]p[0xb4][0xe]=[0xba][0x95][\n]"
23:01:46.954 [main] DEBUG org.apache.http.wire --  << "H[0xc7]R[0xd1][0xd8]OHK[0xe8]hm[0x13][0xdd][0xca][0x8][0xa4][0x83][0xad]h[0xed]'D[0x83][0x90][0xea][0xa5][0xb7]%[0xdd]J[0x5][0xa4][0x15]q[0xb4][0xe]/Dc[0x93][0xb6]6[0x99]!-[0xe]s-J[0xcf][0xcf][0xcb][0xcf][0xcd]LVp[0xcc])[0xcd][0xcd][0xcc]+[0xcd][0xc5][0xba][0x9][0xd7][0xb1][0xb4]D!)5[0xb1]$1[0x15][0xbe][0xc5]45W!7[0xb1]"37U!/57_!3'[0xa7]4[0x17][0xb4][0xfd][0x16][0xdc][0xf7]#[0xa7][0xa9]if@[0xaf]b[0xd1][0xcc][0x80]^[0x85][0x95][0xd9][0xe0]^Kd6[0x18][0xd7][0x12][0x99][0xd1]o-[0x11][0xd2]>[0x14][0xda]f9S[0xd0][0xc1][0x83]tY[\r]cf@[0xaf][0xaa][0xc4][0xcc][0x0]Q[0xc0][0xd3]6[0xf4][0xcc][0x90][0xa6]9hl[0x13][0xdd][0xd6]|[0x99]![0x9d]j[0x86]}q[0xc1][0x80][0xae]24CZ[0xbe][0x85][0xdd]y[0x88]^[0x17][0xdd]vw[0x98]![0x1d]lF[0xe3]t[0x80]t[0x8]Y@[0xb0][0xa1][0x1][0x5][0x1d][0x1][0xf4][0x13][0xb9][0xe0][0x83][0xfd]HU[0x3][0xe4][0x2][0x7][0xc]K[0x8][0xcd][0xcf][0x9b][0xd1]m=[0x9a][0x19][0xd2][0xd9]a[0xd9][0x99][0x5][0x89][0xc5][\n]"
23:01:46.954 [main] DEBUG org.apache.http.wire --  << "[0x89]y[0xe9][0x99]y[0x18].[0xce]M[0xcd]KO[0xcd])M,[0xca]N[0xcc][0x83](Q(N[0xcc]KO,Q[0xc8]N[0xcd]K[0x86][0x1c][0xd3][\n]"
23:01:46.954 [main] DEBUG org.apache.http.wire --  << "=0[0xc8][0x10][0xb4]n[0x1e][0xe7]qv[0xf0]PB:@[0x86][0xcc][0x1b]0[0xcc][0x90][0xd6][0x9d][0xc1][0xf][0x1c]q*[0xca][0xcf][0xab]J[0xc5]1[0x84][0x6]9[0xb3][0xb3]([0xb5] 5''5/[0xa5][0xb4]X!1[0x19]tH[0xe][0xe8]h[0x9c][0xc2]R[0xb2][0x86][0xb1][0xcd][0x8c][0x10][0xad];[0xdf][0xd4][0x94][0xcc][0xfc][0xe4][0xa2]T[0xd0]([0x1e][0xe8][0xe0]P[0x1c][0xc7][0xc0]8[0x82][0xed][0xcc]+[0xc9][0x4][0x1d]uS[0xa2][0x90][0xf]>[0x15]&Q[0xa1],5'[0xb3]D!/?)[0xb3][0x98][0xac]V[0x16][0xd2]AiC.&[0x91][0xd6][0xc0][\r]=[0xb7]#[0xa6]w[0x87][0x9e][0xdb][0x11]m[0x8a][0xa1][0xe7]v[0xc4][0x84].[0x8d][0xeb][0xc][0xa4][0xe5][0x82][0x9e]y[0xc9]E[0xa9])[0x99]I9[0xa9][\n]"
23:01:46.954 [main] DEBUG org.apache.http.wire --  << "[0xb0][0x92]&'?[0x19]sO[0xb5]k"[0xfc][0xa0] [0x85][0xd4][0xbc]LH[0x7][0xaa][0x18][0x94][0xbf]S[0x8b][0x93]3K[0xf3]J[0x14]RJ[0x93][0xc1]GrAN[0xc1][0xca]%+[0xcb][0xd3]m[0xc9][0xa0][0x19][0xd2]B>Z[0x7]6[0xdd][0xba]p[0xc8][0x87]w[0xd1]t[0xc1][0xa5][0x99][0x9][0xbd]F5[0xcc][0x90][0xd6]][\r][0xb9][0xc][0x8d]t[0xcd][0x16][0xb9]i[0x8c][0xc8]C[0xd3][0xcd]L[0x10][0x95]6[0xb9]V[0x11][0xb7][0x10][0xce][0xc]i[0xfd][0x12][0xad]mB[0xd4]C[0xb4][0xb6][0x89]n%/[0xd2]r[0x11]Z[0xfb][0x89]ncTt[[0xf7]`F[0xb7][0xd5][0x8]fftK[0x11]ft+JA[0xb7][0x89][0xd0]gd[0x7]i[0x1d][0x0][0x8d]S9[0xdd][0xa6][0xe2][0xcd][0x90][0xa6][0xe2]=[\n]"
23:01:46.954 [main] DEBUG org.apache.http.wire --  << "[0x14][0xc2]2[0xcb][0xf2][0x15]"[0x8d][0x8c][0xb0][0xf4]+s3s2[0xb3]3[0x15][0x8a][0xb]R[0x8b]3[0xd3]2[0xb3]Ag[0xd5]T&[0xe6][0xa5]+$[0x16][0x80][0xcf][0xca][0x85]v*A[0x13][0xc0]D[0xcf][0x1][0x9b][0x99][0x93]2[0x80][0x85][0xe5][0x4]{<e;5[0xfb][0xaf]H[0x8b][0x8]`W[0x9e]8[0x96][0xe6]d&*[0x18]c[0x84]Sf^&h[0xc1][0x9][0xe8][0x82]7[0x85]D[0xb8][0x1a]h[0xe0][0xe0][[0xbf][0x87]4=ifN[0xaf][0x89]P3[0xa4];[0xac][0xb0][0xf]2[\r][0xec][0x18][0x18][0xd2][0xfa][0x3][0xec][0xce][0x1b][0x88]10[0xa4][0x85][0xb][0xd8][0x1d]E[0x95]0[0x3][0x0][0x0][0x0][0xff][0xff]"
23:01:46.954 [main] DEBUG org.apache.http.wire --  << "[\r][\n]"
23:01:46.954 [main] DEBUG org.apache.http.wire --  << "D5[\r][\n]"
23:01:46.954 [main] DEBUG org.apache.http.wire --  << "R"w[0xb0][0x5]i[\r][0x2]v[0xe7][\r]H[0x98]!2:8[0x7]e+[0xb8]g[0xa6][0xe6]`[0xe4][0x9e][0x10][0xd0][0xa1][0xc7]y[0xe9][0xa0]k[0xf][0xb3][0x8b]2[0xb][0x8a]3[0x11]n%~[0x87][0x91][0x99][0x5][0xa2][0xea]A[0xb2]L!;U[0x17][0xb3]\[0xa3][0x92][0x8d][0x88][0xc][0x8b]f#f[0x9]A%[0x1b][0x11][0xcd] [0xf8][0xf6]"[0x9a][0xde]_d[0x86]t[0xed][0x15][0xd8][0x8f][0xc9]%[\n]"
23:01:46.954 [main] DEBUG org.apache.http.wire --  << "4-[0x4][0x91]V[0x19][0xd0][0xc9][0x87]HG[0xe3][0xd0][0xb8]z[0xb7]Dd[0x7]Z[0xdb][0x84]H[0x99][0xb4][0xb6][0x89]^]5s[0xd0][0xb8]5][0x1a]|[0xe6]HG[0xab][0xd0]6[0xf4][0xcc][0xe9]v [0x89][0xb9][0x1][0xdd][0xe2][0x9][0xe9]l[0x11][0x1a][0x87][0x9e]!bx[0xd4]3[0xc0][0xc3][0xdf][0xcf]U[0xc1][0xd0]T! [0xc8][0x1f][0xa3][0x82][0xf1]p[0xf5]s[0xf][0xf0][0xf7]CT+&[0xa0]~?[0xce]I[0x10][0xa4]F[0x99]9[0xd2]L=[0xad]}[0x83][0xa8][0xbf][0xa8][0xec][0x9b][0xd8]Z.[0x0][0x0][0x0][0x0][0xff][0xff]"
23:01:46.954 [main] DEBUG org.apache.http.wire --  << "[\r][\n]"
23:01:46.954 [main] DEBUG org.apache.http.wire --  << "A[\r][\n]"
23:01:46.954 [main] DEBUG org.apache.http.wire --  << "[0x3][0x0][0x89][0xdd][0xe5][0x18]6}[0x0][0x0]"
23:01:46.954 [main] DEBUG org.apache.http.wire --  << "[\r][\n]"
23:01:46.954 [main] DEBUG org.apache.http.wire --  << "0[\r][\n]"
23:01:46.954 [main] DEBUG org.apache.http.wire --  << "[\r][\n]"
23:01:46.954 [main] DEBUG io.restassured.internal.RestAssuredHttpBuilder -- Parsed data to instance of: class org.apache.http.conn.EofSensorInputStream
23:01:46.956 [main] DEBUG org.apache.http.impl.conn.BasicClientConnectionManager -- Releasing connection org.apache.http.impl.conn.ManagedClientConnectionImpl@191a3448
23:01:46.956 [main] DEBUG org.apache.http.impl.conn.BasicClientConnectionManager -- Connection can be kept alive indefinitely
23:01:46.995 [main] DEBUG net.thucydides.core.steps.StepInterceptor -- STEP DONE: iSendRequest
  &amp#27;[32mWhen &amp#27;[0m&amp#27;[32mi send request HTTP get all product&amp#27;[0m          &amp#27;[90m# starter.stepdefinitions.UserSteps.userSendRequest()&amp#27;[0m
  &amp#27;[32mThen &amp#27;[0m&amp#27;[32mI get status code 200&amp#27;[0m                        &amp#27;[90m# starter.stepdefinitions.UserSteps.get200ProductPost()&amp#27;[0m
23:01:47.008 [main] DEBUG net.thucydides.core.steps.StepInterceptor -- STARTING STEP: UserSteps.userSeeProduct - seeProduct
23:01:47.078 [Finalizer] DEBUG org.apache.http.impl.conn.DefaultClientConnection -- Connection 0.0.0.0:60095<->149.248.193.56:443 closed
23:01:47.078 [Finalizer] DEBUG org.apache.http.impl.conn.DefaultClientConnection -- Connection 0.0.0.0:60090<->149.248.193.56:443 closed
23:01:47.144 [main] DEBUG net.thucydides.core.steps.StepInterceptor -- STEP DONE: seeProduct
  &amp#27;[32mAnd &amp#27;[0m&amp#27;[32mI can see all product&amp#27;[0m                         &amp#27;[90m# starter.stepdefinitions.UserSteps.userSeeProduct()&amp#27;[0m
23:01:47.153 [main] INFO  -- 
  _____   ___   ___   _____     ___     _     ___   ___   ___   ___  
 |_   _| | __| / __| |_   _|   | _ \   /_\   / __| / __| | __| |   \ 
   | |   | _|  \__ \   | |     |  _/  / _ \  \__ \ \__ \ | _|  | |) |
   |_|   |___| |___/   |_|     |_|   /_/ \_\ |___/ |___/ |___| |___/ 

GET - As a user I want to get all product
----------------------------------------------------------------------
]]></system-out>
  </testcase>
  <testcase name="DELETE PRODUCT I want to delete a product" classname="Product Data" time="0.559">
    <system-out><![CDATA[
Scenario: DELETE PRODUCT I want to delete a product &amp#27;[90m# src/test/resources/features/Product.feature:18&amp#27;[0m
23:01:47.196 [main] DEBUG io.cucumber.core.plugin.SerenityReporter -- Running feature from file:///D:/Intelij/restapiMiniproject%20Elisa/src/test/resources/features/Product.feature
23:01:47.204 [main] INFO  -- 
  _____   ___   ___   _____     ___   _____     _     ___   _____   ___   ___  
 |_   _| | __| / __| |_   _|   / __| |_   _|   /_\   | _ \ |_   _| | __| |   \ 
   | |   | _|  \__ \   | |     \__ \   | |    / _ \  |   /   | |   | _|  | |) |
   |_|   |___| |___/   |_|     |___/   |_|   /_/ \_\ |_|_\   |_|   |___| |___/ 

DELETE PRODUCT I want to delete a product(product-data;delete-product-i-want-to-delete-a-product)
--------------------------------------------------------------------------------
23:01:47.271 [Finalizer] DEBUG org.apache.http.impl.conn.DefaultClientConnection -- Connection 0.0.0.0:60080<->149.248.193.56:443 closed
23:01:47.336 [main] DEBUG net.thucydides.core.steps.StepInterceptor -- STARTING STEP: UserSteps.userSetEndpointForDeleteProduct - endpointDeleteProduct
23:01:47.337 [main] DEBUG net.thucydides.core.steps.StepInterceptor -- STEP DONE: endpointDeleteProduct
  &amp#27;[32mGiven &amp#27;[0m&amp#27;[32mi set endpoint for delete product&amp#27;[0m           &amp#27;[90m# starter.stepdefinitions.UserSteps.userSetEndpointForDeleteProduct()&amp#27;[0m
23:01:47.353 [main] DEBUG net.thucydides.core.steps.StepInterceptor -- STARTING STEP: UserSteps.userSendRequestForDeleteProduct - sendRequestDelProd
23:01:47.365 [main] DEBUG net.thucydides.core.steps.StepInterceptor -- STARTING STEP: Product.sendRequestDelProd - endpointDeleteProduct
23:01:47.366 [main] DEBUG net.thucydides.core.steps.StepInterceptor -- STEP DONE: endpointDeleteProduct
23:01:47.407 [main] DEBUG org.apache.http.impl.conn.BasicClientConnectionManager -- Get connection for route {s}->https://altashop-api.fly.dev:443
23:01:47.408 [main] DEBUG org.apache.http.impl.conn.DefaultClientConnectionOperator -- Connecting to altashop-api.fly.dev:443
23:01:47.585 [main] DEBUG org.apache.http.client.protocol.RequestAddCookies -- CookieSpec selected: ignoreCookies
23:01:47.586 [main] DEBUG org.apache.http.client.protocol.RequestAuthCache -- Auth cache not set in the context
23:01:47.586 [main] DEBUG org.apache.http.client.protocol.RequestProxyAuthentication -- Proxy auth state: UNCHALLENGED
23:01:47.586 [main] DEBUG org.apache.http.impl.client.DefaultHttpClient -- Attempt 1 to execute request
23:01:47.586 [main] DEBUG org.apache.http.impl.conn.DefaultClientConnection -- Sending request: DELETE /api/products/187 HTTP/1.1
23:01:47.586 [main] DEBUG org.apache.http.wire --  >> "DELETE /api/products/187 HTTP/1.1[\r][\n]"
23:01:47.586 [main] DEBUG org.apache.http.wire --  >> "Authorization: Bearer eyJhbGciOiJIUzI1NiIsInR5cCI6IkpXVCJ9.eyJGdWxsbmFtZSI6IkZpcnN0bmFtZSBMYXN0bmFtZSIsIkVtYWlsIjoic29tZW9uZUBtYWlsLmNvbSJ9.bGpZNDg6YHtKlTFw7_yuyn3SAICmfvdIV1yX7mIKrTw[\r][\n]"
23:01:47.586 [main] DEBUG org.apache.http.wire --  >> "Accept: */*[\r][\n]"
23:01:47.586 [main] DEBUG org.apache.http.wire --  >> "Host: altashop-api.fly.dev[\r][\n]"
23:01:47.586 [main] DEBUG org.apache.http.wire --  >> "Connection: Keep-Alive[\r][\n]"
23:01:47.586 [main] DEBUG org.apache.http.wire --  >> "User-Agent: Apache-HttpClient/4.5.13 (Java/20)[\r][\n]"
23:01:47.586 [main] DEBUG org.apache.http.wire --  >> "Accept-Encoding: gzip,deflate[\r][\n]"
23:01:47.586 [main] DEBUG org.apache.http.wire --  >> "[\r][\n]"
23:01:47.586 [main] DEBUG org.apache.http.headers -- >> DELETE /api/products/187 HTTP/1.1
23:01:47.586 [main] DEBUG org.apache.http.headers -- >> Authorization: Bearer eyJhbGciOiJIUzI1NiIsInR5cCI6IkpXVCJ9.eyJGdWxsbmFtZSI6IkZpcnN0bmFtZSBMYXN0bmFtZSIsIkVtYWlsIjoic29tZW9uZUBtYWlsLmNvbSJ9.bGpZNDg6YHtKlTFw7_yuyn3SAICmfvdIV1yX7mIKrTw
23:01:47.586 [main] DEBUG org.apache.http.headers -- >> Accept: */*
23:01:47.586 [main] DEBUG org.apache.http.headers -- >> Host: altashop-api.fly.dev
23:01:47.586 [main] DEBUG org.apache.http.headers -- >> Connection: Keep-Alive
23:01:47.586 [main] DEBUG org.apache.http.headers -- >> User-Agent: Apache-HttpClient/4.5.13 (Java/20)
23:01:47.586 [main] DEBUG org.apache.http.headers -- >> Accept-Encoding: gzip,deflate
23:01:47.681 [main] DEBUG org.apache.http.wire --  << "HTTP/1.1 200 OK[\r][\n]"
23:01:47.681 [main] DEBUG org.apache.http.wire --  << "content-type: application/json[\r][\n]"
23:01:47.681 [main] DEBUG org.apache.http.wire --  << "date: Sat, 06 May 2023 16:01:47 GMT[\r][\n]"
23:01:47.681 [main] DEBUG org.apache.http.wire --  << "content-encoding: gzip[\r][\n]"
23:01:47.681 [main] DEBUG org.apache.http.wire --  << "transfer-encoding: chunked[\r][\n]"
23:01:47.682 [main] DEBUG org.apache.http.wire --  << "server: Fly/3f2597ca (2023-05-03)[\r][\n]"
23:01:47.682 [main] DEBUG org.apache.http.wire --  << "via: 1.1 fly.io[\r][\n]"
23:01:47.682 [main] DEBUG org.apache.http.wire --  << "fly-request-id: 01GZRWRG3HWD6QFRE1061J7C8V-sin[\r][\n]"
23:01:47.682 [main] DEBUG org.apache.http.wire --  << "[\r][\n]"
23:01:47.682 [main] DEBUG org.apache.http.impl.conn.DefaultClientConnection -- Receiving response: HTTP/1.1 200 OK
23:01:47.682 [main] DEBUG org.apache.http.headers -- << HTTP/1.1 200 OK
23:01:47.682 [main] DEBUG org.apache.http.headers -- << content-type: application/json
23:01:47.682 [main] DEBUG org.apache.http.headers -- << date: Sat, 06 May 2023 16:01:47 GMT
23:01:47.682 [main] DEBUG org.apache.http.headers -- << content-encoding: gzip
23:01:47.682 [main] DEBUG org.apache.http.headers -- << transfer-encoding: chunked
23:01:47.682 [main] DEBUG org.apache.http.headers -- << server: Fly/3f2597ca (2023-05-03)
23:01:47.682 [main] DEBUG org.apache.http.headers -- << via: 1.1 fly.io
23:01:47.682 [main] DEBUG org.apache.http.headers -- << fly-request-id: 01GZRWRG3HWD6QFRE1061J7C8V-sin
23:01:47.682 [main] DEBUG org.apache.http.impl.client.DefaultHttpClient -- Connection can be kept alive indefinitely
23:01:47.682 [main] DEBUG io.restassured.internal.RestAssuredHttpBuilder -- Parsing response as: application/json
23:01:47.682 [main] DEBUG org.apache.http.wire --  << "22[\r][\n]"
23:01:47.682 [main] DEBUG org.apache.http.wire --  << "[0x1f][0x8b][0x8][0x0][0x0][0x0][0x0][0x0][0x4][0xff][0xab]VJI,IT[0xb2][0xca]+[0xcd][0xc9][0xa9][0xe5][0x2][0x0][0xa3][0xab][0x8f]W[0xe][0x0][0x0][0x0]"
23:01:47.682 [main] DEBUG org.apache.http.wire --  << "[\r][\n]"
23:01:47.682 [main] DEBUG org.apache.http.wire --  << "0[\r][\n]"
23:01:47.684 [main] DEBUG org.apache.http.wire --  << "[\r][\n]"
23:01:47.684 [main] DEBUG io.restassured.internal.RestAssuredHttpBuilder -- Parsed data to instance of: class org.apache.http.conn.EofSensorInputStream
23:01:47.687 [main] DEBUG org.apache.http.impl.conn.BasicClientConnectionManager -- Releasing connection org.apache.http.impl.conn.ManagedClientConnectionImpl@8611b3f
23:01:47.687 [main] DEBUG org.apache.http.impl.conn.BasicClientConnectionManager -- Connection can be kept alive indefinitely
23:01:47.689 [main] DEBUG net.thucydides.core.steps.StepInterceptor -- STEP DONE: sendRequestDelProd
  &amp#27;[32mWhen &amp#27;[0m&amp#27;[32mi send request for delete product&amp#27;[0m            &amp#27;[90m# starter.stepdefinitions.UserSteps.userSendRequestForDeleteProduct()&amp#27;[0m
  &amp#27;[32mThen &amp#27;[0m&amp#27;[32mI get status code 200&amp#27;[0m                        &amp#27;[90m# starter.stepdefinitions.UserSteps.get200ProductPost()&amp#27;[0m
23:01:47.706 [main] DEBUG net.thucydides.core.steps.StepInterceptor -- STARTING STEP: UserSteps.userReceiveValidDataForDeletingProduct - validateDeleting
23:01:47.710 [main] DEBUG net.thucydides.core.steps.StepInterceptor -- STEP DONE: validateDeleting
  &amp#27;[32mAnd &amp#27;[0m&amp#27;[32mI receive valid data for deleting product&amp#27;[0m     &amp#27;[90m# starter.stepdefinitions.UserSteps.userReceiveValidDataForDeletingProduct()&amp#27;[0m
23:01:47.717 [main] INFO  -- 
  _____   ___   ___   _____     ___     _     ___   ___   ___   ___  
 |_   _| | __| / __| |_   _|   | _ \   /_\   / __| / __| | __| |   \ 
   | |   | _|  \__ \   | |     |  _/  / _ \  \__ \ \__ \ | _|  | |) |
   |_|   |___| |___/   |_|     |_|   /_/ \_\ |___/ |___/ |___| |___/ 

DELETE PRODUCT I want to delete a product
----------------------------------------------------------------------
]]></system-out>
  </testcase>
  <testcase name="GET - As a user I want to see product comments" classname="Product Data" time="0.448">
    <system-out><![CDATA[
Scenario: GET - As a user I want to see product comments &amp#27;[90m# src/test/resources/features/Product.feature:24&amp#27;[0m
23:01:47.734 [main] DEBUG io.cucumber.core.plugin.SerenityReporter -- Running feature from file:///D:/Intelij/restapiMiniproject%20Elisa/src/test/resources/features/Product.feature
23:01:47.741 [main] INFO  -- 
  _____   ___   ___   _____     ___   _____     _     ___   _____   ___   ___  
 |_   _| | __| / __| |_   _|   / __| |_   _|   /_\   | _ \ |_   _| | __| |   \ 
   | |   | _|  \__ \   | |     \__ \   | |    / _ \  |   /   | |   | _|  | |) |
   |_|   |___| |___/   |_|     |___/   |_|   /_/ \_\ |_|_\   |_|   |___| |___/ 

GET - As a user I want to see product comments(product-data;get---as-a-user-i-want-to-see-product-comments)
--------------------------------------------------------------------------------
23:01:47.794 [main] DEBUG net.thucydides.core.steps.StepInterceptor -- STARTING STEP: UserSteps.userSetEndpointForProductComments - endpointCommentProd
23:01:47.795 [main] DEBUG net.thucydides.core.steps.StepInterceptor -- STEP DONE: endpointCommentProd
  &amp#27;[32mGiven &amp#27;[0m&amp#27;[32mI set the endpoint for product comment&amp#27;[0m           &amp#27;[90m# starter.stepdefinitions.UserSteps.userSetEndpointForProductComments()&amp#27;[0m
23:01:47.806 [main] DEBUG net.thucydides.core.steps.StepInterceptor -- STARTING STEP: UserSteps.userSendRequestForProductComments - requestComment
23:01:47.809 [main] DEBUG net.thucydides.core.steps.StepInterceptor -- STARTING STEP: Product.requestComment - endpointCommentProd
23:01:47.809 [main] DEBUG net.thucydides.core.steps.StepInterceptor -- STEP DONE: endpointCommentProd
23:01:47.836 [main] DEBUG org.apache.http.impl.conn.BasicClientConnectionManager -- Get connection for route {s}->https://altashop-api.fly.dev:443
23:01:47.837 [main] DEBUG org.apache.http.impl.conn.DefaultClientConnectionOperator -- Connecting to altashop-api.fly.dev:443
23:01:47.993 [main] DEBUG org.apache.http.client.protocol.RequestAddCookies -- CookieSpec selected: ignoreCookies
23:01:47.993 [main] DEBUG org.apache.http.client.protocol.RequestAuthCache -- Auth cache not set in the context
23:01:47.993 [main] DEBUG org.apache.http.client.protocol.RequestProxyAuthentication -- Proxy auth state: UNCHALLENGED
23:01:47.993 [main] DEBUG org.apache.http.impl.client.DefaultHttpClient -- Attempt 1 to execute request
23:01:47.993 [main] DEBUG org.apache.http.impl.conn.DefaultClientConnection -- Sending request: GET /api/products/2/comments HTTP/1.1
23:01:47.993 [main] DEBUG org.apache.http.wire --  >> "GET /api/products/2/comments HTTP/1.1[\r][\n]"
23:01:47.994 [main] DEBUG org.apache.http.wire --  >> "Authorization: Bearer eyJhbGciOiJIUzI1NiIsInR5cCI6IkpXVCJ9.eyJGdWxsbmFtZSI6IkZpcnN0bmFtZSBMYXN0bmFtZSIsIkVtYWlsIjoic29tZW9uZUBtYWlsLmNvbSJ9.bGpZNDg6YHtKlTFw7_yuyn3SAICmfvdIV1yX7mIKrTw[\r][\n]"
23:01:47.994 [main] DEBUG org.apache.http.wire --  >> "Accept: */*[\r][\n]"
23:01:47.994 [main] DEBUG org.apache.http.wire --  >> "Host: altashop-api.fly.dev[\r][\n]"
23:01:47.994 [main] DEBUG org.apache.http.wire --  >> "Connection: Keep-Alive[\r][\n]"
23:01:47.994 [main] DEBUG org.apache.http.wire --  >> "User-Agent: Apache-HttpClient/4.5.13 (Java/20)[\r][\n]"
23:01:47.994 [main] DEBUG org.apache.http.wire --  >> "Accept-Encoding: gzip,deflate[\r][\n]"
23:01:47.994 [main] DEBUG org.apache.http.wire --  >> "[\r][\n]"
23:01:47.994 [main] DEBUG org.apache.http.headers -- >> GET /api/products/2/comments HTTP/1.1
23:01:47.994 [main] DEBUG org.apache.http.headers -- >> Authorization: Bearer eyJhbGciOiJIUzI1NiIsInR5cCI6IkpXVCJ9.eyJGdWxsbmFtZSI6IkZpcnN0bmFtZSBMYXN0bmFtZSIsIkVtYWlsIjoic29tZW9uZUBtYWlsLmNvbSJ9.bGpZNDg6YHtKlTFw7_yuyn3SAICmfvdIV1yX7mIKrTw
23:01:47.994 [main] DEBUG org.apache.http.headers -- >> Accept: */*
23:01:47.994 [main] DEBUG org.apache.http.headers -- >> Host: altashop-api.fly.dev
23:01:47.994 [main] DEBUG org.apache.http.headers -- >> Connection: Keep-Alive
23:01:47.994 [main] DEBUG org.apache.http.headers -- >> User-Agent: Apache-HttpClient/4.5.13 (Java/20)
23:01:47.994 [main] DEBUG org.apache.http.headers -- >> Accept-Encoding: gzip,deflate
23:01:48.103 [main] DEBUG org.apache.http.wire --  << "HTTP/1.1 200 OK[\r][\n]"
23:01:48.103 [main] DEBUG org.apache.http.wire --  << "content-type: application/json[\r][\n]"
23:01:48.103 [main] DEBUG org.apache.http.wire --  << "date: Sat, 06 May 2023 16:01:48 GMT[\r][\n]"
23:01:48.103 [main] DEBUG org.apache.http.wire --  << "transfer-encoding: chunked[\r][\n]"
23:01:48.103 [main] DEBUG org.apache.http.wire --  << "content-encoding: gzip[\r][\n]"
23:01:48.103 [main] DEBUG org.apache.http.wire --  << "server: Fly/3f2597ca (2023-05-03)[\r][\n]"
23:01:48.104 [main] DEBUG org.apache.http.wire --  << "via: 1.1 fly.io[\r][\n]"
23:01:48.104 [main] DEBUG org.apache.http.wire --  << "fly-request-id: 01GZRWRGGFMTTYQRV2VE84W6JB-sin[\r][\n]"
23:01:48.104 [main] DEBUG org.apache.http.wire --  << "[\r][\n]"
23:01:48.104 [main] DEBUG org.apache.http.impl.conn.DefaultClientConnection -- Receiving response: HTTP/1.1 200 OK
23:01:48.104 [main] DEBUG org.apache.http.headers -- << HTTP/1.1 200 OK
23:01:48.104 [main] DEBUG org.apache.http.headers -- << content-type: application/json
23:01:48.104 [main] DEBUG org.apache.http.headers -- << date: Sat, 06 May 2023 16:01:48 GMT
23:01:48.104 [main] DEBUG org.apache.http.headers -- << transfer-encoding: chunked
23:01:48.104 [main] DEBUG org.apache.http.headers -- << content-encoding: gzip
23:01:48.104 [main] DEBUG org.apache.http.headers -- << server: Fly/3f2597ca (2023-05-03)
23:01:48.104 [main] DEBUG org.apache.http.headers -- << via: 1.1 fly.io
23:01:48.104 [main] DEBUG org.apache.http.headers -- << fly-request-id: 01GZRWRGGFMTTYQRV2VE84W6JB-sin
23:01:48.104 [main] DEBUG org.apache.http.impl.client.DefaultHttpClient -- Connection can be kept alive indefinitely
23:01:48.104 [main] DEBUG io.restassured.internal.RestAssuredHttpBuilder -- Parsing response as: application/json
23:01:48.104 [main] DEBUG org.apache.http.wire --  << "153[\r][\n]"
23:01:48.105 [main] DEBUG org.apache.http.wire --  << "[0x1f][0x8b][0x8][0x0][0x0][0x0][0x0][0x0][0x4][0xff][0xaa]VJI,IT[0xb2][0x8a][0xae]V[0xf2]tQ[0xb2]24056[0xd6]Qr[0xce][0xcf]+I[0xcd]+Q[0xb2]Rr[0xcc][0xc9]L,V[0xc8]LQH[0xc9],.[0xc9][0xcc]K.[0xc9][0xcc]W(N-,[0xcd]T(K-[0xca],I,[0xc9],[0xd6]S[0xd2]Q[\n]"
23:01:48.105 [main] DEBUG org.apache.http.wire --  << "-N-R[0xb2][0xca]+[0xcd][0xc9][0xd1]Q[\n]"
23:01:48.105 [main] DEBUG org.apache.http.wire --  << "([0xca]O)M.[0x81]q[0x9d][0xf3]ss[0xc1]f[0x81]dku[0x10][0xf6][0x98] [0xdb][0xe3][0x9c][0x9f][0x7]26[0xb1][0xa4][0xb4]H!'[0xb1]4%1[0xaf]$[0xb3]4W!7?'[0xb5][0xb8]$31U!1E![0xb5][0x84]\[0xab]L[0x91][0xad]*[0xc9]HUHO[0xcc]M-VH,JUH/JM,Q[0xc8][0xcc]K[0xce])M[0xc9][0xcc]KWp/J[0xcc]S[0x8])-[0xca],[0xce][0xcd]W0WH*-Q(NL[0xc9][0xa9]Tp[0xf]1Q[0xc8],V[0xc8]-M[0xce]PHJ-)I-"[0xd3][0xdf][0xe6][0x83][0xc9]1[0x16][0x83][0xc8]1&[0x6][0x83][0xc9]1[0x86][0x83][0xc9]1F[0xc8][0x8e][0xc9]T/)Vp+[0xca]LI[0xac]$/[0x9][0x9a][0xa0]d[0xf1][0x1][0xce][0xf]&[0x83])s[0x9a][0xa1][0x14]J[0x14][0x7][0xb4][0xd9]`[0xf2][0x9b][0xf9]`[0xca]^[0xe6][0x83])[0x9][0x9a][0xf][0xa6]h[0xb2][0xb0]D[0xce][0xeb][0x3][0x9c]9-[0x7]Q)hf0[0x88][0x12][0xb0][0x99][0xc1] [0x8a]&3c[0x94][0xfa][0x81][0xf6]i[0x6][0x0][0x0][0x0][0xff][0xff]"
23:01:48.105 [main] DEBUG org.apache.http.wire --  << "[\r][\n]"
23:01:48.105 [main] DEBUG org.apache.http.wire --  << "2F8[\r][\n]"
23:01:48.105 [main] DEBUG org.apache.http.wire --  << "[0x2][0xb7][0xf3]p4[0xec][0xcc][0xcc][0x6]S4[0x99][\r][0xa6][0x4]l<[0x88][0xca][0x19]3S[0x14][0xc7]PZ[0xd5][0x99][0x99][0x9a]![0x17][[0x94][0x1b][0x87][0xd2]Jv-QH-QH[0xad]HN-()-[0xca]T(,ML-J,Q[0xc8][0xcb][0xcc][0xc8][0xcc]Q[0xc8]O[0xc9],[0x81][0xb][0x81]z[0x11][0x99][0xe4][0xf5][0x13][0xcc]L[0x7]Qk[0xd8][0xcc]t0[0x15]0[0xa8][0xf5][0x80][0x9e][0x9e][0x9e]B[0xa2]Bnf^[0x8a]B^jjJ[0xb1]BR~~v[0xb1]Bb[0xb1]B[0xa2]Bqy~[0x11]L8Q[0xa1]<#[0xb5][0xa4][0xb8]$?/UG!3M![0xb3][0x4][0xd4][0x83]*[0xc9]W[0xc8]NM-P[0xc8],)VHMIO%3[0xb2],Q[0xca][0xbc][0xf0][0xcc][0xbc][0x92][0xd4]"[0x90][0xf1][0xc9][0xf9][0xb9][0x99]y[0xe9][0xe4][0x1a]J[0xdd]Tl[0x89][0x92][0x8a][0x1d][0xf3]R[0x14][0x8a][0xf3][0x15]2R[0x15][0x8a][0xb][0xf2][0xb3]Su[0x14][0x12][0xd1][0x5]J2[0x12]K[0x14]|@[0x1][0x98][0x9f][0xa6][0xe0][0x9c]X\[0x92][0x98][0x9b]Z[0x94][0xaa][0x3][0xee][0x85][0xe6][0xe5][0x97]+[0x80]J[0xf6][0xa2][0xc4][0xcc][0xbc]b[0x85]rP[0x8][0xe6][0xab][0xa7][0x16])dd[0x16]+d$[0xe6][0xe4][0xe8]([0x94]g[0x96]d([0xe4][0xe5]+[0xe4][0xe7][0xa5][0x82]T[0x16][0xa5]*[0x94][0x80]lK,[0xd2]S[0x88]L-[0xd6]Q l[0x2][0xc8]Ay[0xf9]%[0xa0]h[0xcc]/[0xcd][0x81]k'[0xab][0x97]af[0x89][0x92][0x80][0xa9][0x13]A[0xe6][0xa8]m[0x0]P[0x88]z*d$[0x96][0xa5]*$*[0x94][0xa4][0xe6][0xa5][0xa4][0x16][0x81][0xc2][0x16][0xd4][0x9f]W[0xc8][0xad]T[0xc8]HM,*QH[0xcb]/RH.[0xca],([0xc8][0x1]u[0xf9][0xf3]R[0x14][0x92]@[0x1][[0x94]R[0xc][0xe][0xff][0xa4][0xa2][0xfc][0xec][0xd4]<[0x85][0x92][0x8c][0xcc][0xbc]t2[0x87]2[0xcc][\r]P*[0x99][0x90][0x8c]T[0x5][0xbf][0xfc][0xa2][0x92][0xc][0x85][0xa2][0xd4][0xdc][0xd4][0xdc][0xa4][0xd4]"r[0xcd]5D)[0xa2]A[0x91]?p[0xe3][0x16][0xe6][0x86]([0xd1]9[0xc0][0x8e]1A[0xc9][0xfc][0x3][0xed][0x18][0x94]N[0xe3]@;[0x6][0xa5][0x4][0x1b]h[0xc7][0xc][0xa2][\n]"
23:01:48.105 [main] DEBUG org.apache.http.wire --  << "[0xd5][0xdc]t[0x10][0xb5]K[0xcd]M[0x7]S[0x2]6[0x1d]D[0x9d]qs[0xd3][0xc1][0x94][0x9b]P[0x1b][0xc9][0x3][0x9c][0x9b]P[0x9b][0xd8][0x3][0xed][0x18][0x94][0xa6][0xcd]@;f0[0xd5]M[0x83][0xa9][0xff]kn6[0x98][0xca][0x19][0xb3][0xc1]T[0xce][0xa0][0xe][0xf5][0xe]p[0x2]6[0x1b]L[0xb5][0xb6][0xd9]`[0xaa][0xb5][0x7][0xd3][0xa8][0xb5]9[0xea][0xa8][0xb5]Obiz[0x6][0xb4][0xd7]Y[0x90][0x9f]Y[0x9c][0x9f][0x7][0xea]1[0xa5][0xa5]&[0x16][0x91][0xd7][0xfb]4[0x1f]L[0xe3][0xd0][0xe6][0xe6](I211[0x91][0xac]^[0xa0][0xb9][0xf9]`[0xaa]',P[0x9a][0x80][0xc1]%[0xa5][0x5][0xa9]i[0xe4][0xcd][0xa1][0x99][[0xa0][0xf5][0xf9]JA[0x9d][0xcf][0xa4][0xcc][0xa2][0x14][0xf2][0x82][0xc9][0x2][0xa5][0x9c][0xe]J,K[0xcd]K[0xce]I,'[0xd3]0[0x94]r[0xd6][0xbd][0xa8]2--3/%[0x9f][0xbc][0x9]ks[0x8b][0xc1][0xd4] [0xb3]@I[0x95][0x3]\j[[0xc][0xa6][0x82][0xd2][0x12]%m[0xf]p[0xc8][0xa0][0x8e][0x17][0xe][0xb4]c[0x6]Q[0xeb][0xd0][0xc2][0x0]%[0xa3][0xf]l[0xc8]X[0x18][0xc][0xa2][0xac]ma0[0x88]F[0xbb],[0xc][0x6]Q[0xb5]ea8[0x88][0xb2][0xb6][0x85]!J[0xc5]7[0xc0][0x9][0xd8]p0[0xe5]&[0xc3][0xc1][0x94][0x9b][0x6][0xd3][0xd8][0xb1][0x85][0xe1][0xa0][0xca]M[0x83][0xa9]:0[0x1a]L[0xb9][0xc9][0x8]%[0x9a][0x2]J[0xb3][0xcb]KS[0xd2]3S1[0x1b][0xa1][0x0][0x0][0x0][0x0][0xff][0xff]"
23:01:48.105 [main] DEBUG org.apache.http.wire --  << "[\r][\n]"
23:01:48.106 [main] DEBUG org.apache.http.wire --  << "8F[\r][\n]"
23:01:48.106 [main] DEBUG org.apache.http.wire --  << ""b}[0xa7][0x85][0xd1] j[0x1c]Y[0x18][0xf][0xa6][0x12]t0[0xad][0xd6][0xb0]0[0x1e]L[0x85][0x96][0xf1] j[0xdd][[0x18][0xf][0xa6][0x4]<[0x98][0xd6][0xc6]Z[0xc][0xa6][0xd9]7[0xb][0x93][0xc1][0x94][0x80]M[0x6]S[0x2]6[0x19]L[0x9]x0[0xcd][0xbe]Y[0xc][0xa6][0xd9]7[0x8b][0xc1]4[0xe1]e1[0x98][0xe6][0x98],[0x6][0xd3]z,[0x8b][0xc1][0xb4][0x1e][0xcb]b0[0xcd][0xa4]X[0x98][0xa1]4[0x1b][0x7][0xb8]Gh6[0x98]Z[0xf7][0xe6][0x83][0xa9]u[0x8f]:y1[0xc0][0xd1]d>[0x98]j[0xed][0xc1]4[0xef]b1[0x98]&L,[0xcc][0x7]SnB[0x9d]r[0x19][0x90][0x4][0x1c][[0xcb][0x5][0x0][0x0][0x0][0xff][0xff]"
23:01:48.106 [main] DEBUG org.apache.http.wire --  << "[\r][\n]"
23:01:48.106 [main] DEBUG org.apache.http.wire --  << "A[\r][\n]"
23:01:48.106 [main] DEBUG org.apache.http.wire --  << "[0x3][0x0][0x9f][0xdb]c~29[0x0][0x0]"
23:01:48.106 [main] DEBUG org.apache.http.wire --  << "[\r][\n]"
23:01:48.106 [main] DEBUG org.apache.http.wire --  << "0[\r][\n]"
23:01:48.106 [main] DEBUG org.apache.http.wire --  << "[\r][\n]"
23:01:48.106 [main] DEBUG io.restassured.internal.RestAssuredHttpBuilder -- Parsed data to instance of: class org.apache.http.conn.EofSensorInputStream
23:01:48.109 [main] DEBUG org.apache.http.impl.conn.BasicClientConnectionManager -- Releasing connection org.apache.http.impl.conn.ManagedClientConnectionImpl@26db1100
23:01:48.109 [main] DEBUG org.apache.http.impl.conn.BasicClientConnectionManager -- Connection can be kept alive indefinitely
23:01:48.123 [main] DEBUG net.thucydides.core.steps.StepInterceptor -- STEP DONE: requestComment
  &amp#27;[32mWhen &amp#27;[0m&amp#27;[32mI send HTTP request for product comment&amp#27;[0m           &amp#27;[90m# starter.stepdefinitions.UserSteps.userSendRequestForProductComments()&amp#27;[0m
  &amp#27;[32mThen &amp#27;[0m&amp#27;[32mI get status code 200&amp#27;[0m                             &amp#27;[90m# starter.stepdefinitions.UserSteps.get200ProductPost()&amp#27;[0m
23:01:48.137 [main] DEBUG net.thucydides.core.steps.StepInterceptor -- STARTING STEP: UserSteps.userReceiveValidDataForProductComments - receiveDataComment
23:01:48.162 [main] DEBUG net.thucydides.core.steps.StepInterceptor -- STEP DONE: receiveDataComment
  &amp#27;[32mAnd &amp#27;[0m&amp#27;[32mI receive valid data for product comment&amp#27;[0m           &amp#27;[90m# starter.stepdefinitions.UserSteps.userReceiveValidDataForProductComments()&amp#27;[0m
23:01:48.165 [main] INFO  -- 
  _____   ___   ___   _____     ___     _     ___   ___   ___   ___  
 |_   _| | __| / __| |_   _|   | _ \   /_\   / __| / __| | __| |   \ 
   | |   | _|  \__ \   | |     |  _/  / _ \  \__ \ \__ \ | _|  | |) |
   |_|   |___| |___/   |_|     |_|   /_/ \_\ |___/ |___/ |___| |___/ 

GET - As a user I want to see product comments
----------------------------------------------------------------------
]]></system-out>
  </testcase>
</testsuite>